{"/Users/dzagr/Documents/AI_stocks/stocks-agent/frontend/src/App.tsx": {"path":"/Users/dzagr/Documents/AI_stocks/stocks-agent/frontend/src/App.tsx","statementMap":{"0":{"start":{"line":22,"column":22},"end":{"line":137,"column":1}},"1":{"start":{"line":23,"column":30},"end":{"line":23,"column":75}},"2":{"start":{"line":23,"column":64},"end":{"line":23,"column":74}},"3":{"start":{"line":24,"column":19},"end":{"line":24,"column":65}},"4":{"start":{"line":24,"column":53},"end":{"line":24,"column":64}},"5":{"start":{"line":25,"column":19},"end":{"line":25,"column":32}},"6":{"start":{"line":26,"column":56},"end":{"line":26,"column":85}},"7":{"start":{"line":29,"column":16},"end":{"line":29,"column":36}},"8":{"start":{"line":31,"column":2},"end":{"line":42,"column":9}},"9":{"start":{"line":33,"column":31},"end":{"line":35,"column":5}},"10":{"start":{"line":34,"column":6},"end":{"line":34,"column":51}},"11":{"start":{"line":37,"column":4},"end":{"line":37,"column":81}},"12":{"start":{"line":39,"column":4},"end":{"line":41,"column":6}},"13":{"start":{"line":40,"column":6},"end":{"line":40,"column":86}},"14":{"start":{"line":44,"column":2},"end":{"line":56,"column":17}},"15":{"start":{"line":46,"column":4},"end":{"line":46,"column":30}},"16":{"start":{"line":49,"column":36},"end":{"line":51,"column":21}},"17":{"start":{"line":50,"column":6},"end":{"line":50,"column":32}},"18":{"start":{"line":53,"column":4},"end":{"line":55,"column":6}},"19":{"start":{"line":54,"column":6},"end":{"line":54,"column":45}},"20":{"start":{"line":58,"column":41},"end":{"line":60,"column":3}},"21":{"start":{"line":59,"column":4},"end":{"line":59,"column":33}},"22":{"start":{"line":62,"column":2},"end":{"line":136,"column":4}}},"fnMap":{"0":{"name":"(anonymous_0)","decl":{"start":{"line":22,"column":22},"end":{"line":22,"column":23}},"loc":{"start":{"line":22,"column":28},"end":{"line":137,"column":1}},"line":22},"1":{"name":"(anonymous_1)","decl":{"start":{"line":23,"column":42},"end":{"line":23,"column":43}},"loc":{"start":{"line":23,"column":64},"end":{"line":23,"column":74}},"line":23},"2":{"name":"(anonymous_2)","decl":{"start":{"line":24,"column":31},"end":{"line":24,"column":32}},"loc":{"start":{"line":24,"column":53},"end":{"line":24,"column":64}},"line":24},"3":{"name":"(anonymous_3)","decl":{"start":{"line":31,"column":12},"end":{"line":31,"column":13}},"loc":{"start":{"line":31,"column":18},"end":{"line":42,"column":3}},"line":31},"4":{"name":"(anonymous_4)","decl":{"start":{"line":33,"column":31},"end":{"line":33,"column":32}},"loc":{"start":{"line":33,"column":55},"end":{"line":35,"column":5}},"line":33},"5":{"name":"(anonymous_5)","decl":{"start":{"line":39,"column":11},"end":{"line":39,"column":12}},"loc":{"start":{"line":39,"column":17},"end":{"line":41,"column":5}},"line":39},"6":{"name":"(anonymous_6)","decl":{"start":{"line":44,"column":12},"end":{"line":44,"column":13}},"loc":{"start":{"line":44,"column":18},"end":{"line":56,"column":3}},"line":44},"7":{"name":"(anonymous_7)","decl":{"start":{"line":49,"column":48},"end":{"line":49,"column":49}},"loc":{"start":{"line":49,"column":54},"end":{"line":51,"column":5}},"line":49},"8":{"name":"(anonymous_8)","decl":{"start":{"line":53,"column":11},"end":{"line":53,"column":12}},"loc":{"start":{"line":53,"column":17},"end":{"line":55,"column":5}},"line":53},"9":{"name":"(anonymous_9)","decl":{"start":{"line":58,"column":41},"end":{"line":58,"column":42}},"loc":{"start":{"line":58,"column":47},"end":{"line":60,"column":3}},"line":58}},"branchMap":{"0":{"loc":{"start":{"line":67,"column":9},"end":{"line":67,"column":38}},"type":"binary-expr","locations":[{"start":{"line":67,"column":9},"end":{"line":67,"column":24}},{"start":{"line":67,"column":28},"end":{"line":67,"column":38}}],"line":67},"1":{"loc":{"start":{"line":74,"column":15},"end":{"line":74,"column":38}},"type":"cond-expr","locations":[{"start":{"line":74,"column":33},"end":{"line":74,"column":34}},{"start":{"line":74,"column":37},"end":{"line":74,"column":38}}],"line":74},"2":{"loc":{"start":{"line":80,"column":23},"end":{"line":80,"column":82}},"type":"cond-expr","locations":[{"start":{"line":80,"column":42},"end":{"line":80,"column":51}},{"start":{"line":80,"column":54},"end":{"line":80,"column":82}}],"line":80},"3":{"loc":{"start":{"line":84,"column":23},"end":{"line":84,"column":85}},"type":"cond-expr","locations":[{"start":{"line":84,"column":42},"end":{"line":84,"column":54}},{"start":{"line":84,"column":57},"end":{"line":84,"column":85}}],"line":84},"4":{"loc":{"start":{"line":88,"column":23},"end":{"line":88,"column":91}},"type":"cond-expr","locations":[{"start":{"line":88,"column":42},"end":{"line":88,"column":60}},{"start":{"line":88,"column":63},"end":{"line":88,"column":91}}],"line":88},"5":{"loc":{"start":{"line":92,"column":23},"end":{"line":92,"column":90}},"type":"cond-expr","locations":[{"start":{"line":92,"column":42},"end":{"line":92,"column":59}},{"start":{"line":92,"column":62},"end":{"line":92,"column":90}}],"line":92},"6":{"loc":{"start":{"line":96,"column":23},"end":{"line":96,"column":87}},"type":"cond-expr","locations":[{"start":{"line":96,"column":41},"end":{"line":96,"column":69}},{"start":{"line":96,"column":72},"end":{"line":96,"column":87}}],"line":96},"7":{"loc":{"start":{"line":100,"column":23},"end":{"line":100,"column":81}},"type":"cond-expr","locations":[{"start":{"line":100,"column":41},"end":{"line":100,"column":54}},{"start":{"line":100,"column":57},"end":{"line":100,"column":81}}],"line":100},"8":{"loc":{"start":{"line":104,"column":23},"end":{"line":104,"column":83}},"type":"cond-expr","locations":[{"start":{"line":104,"column":41},"end":{"line":104,"column":56}},{"start":{"line":104,"column":59},"end":{"line":104,"column":83}}],"line":104},"9":{"loc":{"start":{"line":108,"column":23},"end":{"line":108,"column":82}},"type":"cond-expr","locations":[{"start":{"line":108,"column":41},"end":{"line":108,"column":55}},{"start":{"line":108,"column":58},"end":{"line":108,"column":82}}],"line":108},"10":{"loc":{"start":{"line":113,"column":37},"end":{"line":113,"column":78}},"type":"cond-expr","locations":[{"start":{"line":113,"column":55},"end":{"line":113,"column":67}},{"start":{"line":113,"column":70},"end":{"line":113,"column":78}}],"line":113},"11":{"loc":{"start":{"line":133,"column":9},"end":{"line":133,"column":63}},"type":"binary-expr","locations":[{"start":{"line":133,"column":9},"end":{"line":133,"column":46}},{"start":{"line":133,"column":50},"end":{"line":133,"column":63}}],"line":133}},"s":{"0":0,"1":0,"2":0,"3":0,"4":0,"5":0,"6":0,"7":0,"8":0,"9":0,"10":0,"11":0,"12":0,"13":0,"14":0,"15":0,"16":0,"17":0,"18":0,"19":0,"20":0,"21":0,"22":0},"f":{"0":0,"1":0,"2":0,"3":0,"4":0,"5":0,"6":0,"7":0,"8":0,"9":0},"b":{"0":[0,0],"1":[0,0],"2":[0,0],"3":[0,0],"4":[0,0],"5":[0,0],"6":[0,0],"7":[0,0],"8":[0,0],"9":[0,0],"10":[0,0],"11":[0,0]}}
,"/Users/dzagr/Documents/AI_stocks/stocks-agent/frontend/src/index.tsx": {"path":"/Users/dzagr/Documents/AI_stocks/stocks-agent/frontend/src/index.tsx","statementMap":{"0":{"start":{"line":11,"column":13},"end":{"line":13,"column":1}},"1":{"start":{"line":15,"column":0},"end":{"line":31,"column":2}}},"fnMap":{},"branchMap":{},"s":{"0":0,"1":0},"f":{},"b":{}}
,"/Users/dzagr/Documents/AI_stocks/stocks-agent/frontend/src/theme.ts": {"path":"/Users/dzagr/Documents/AI_stocks/stocks-agent/frontend/src/theme.ts","statementMap":{"0":{"start":{"line":4,"column":23},"end":{"line":220,"column":2}},"1":{"start":{"line":4,"column":59},"end":{"line":220,"column":1}},"2":{"start":{"line":183,"column":30},"end":{"line":186,"column":9}},"3":{"start":{"line":203,"column":30},"end":{"line":208,"column":9}},"4":{"start":{"line":222,"column":30},"end":{"line":222,"column":84}},"5":{"start":{"line":222,"column":51},"end":{"line":222,"column":84}}},"fnMap":{"0":{"name":"(anonymous_0)","decl":{"start":{"line":4,"column":23},"end":{"line":4,"column":24}},"loc":{"start":{"line":4,"column":59},"end":{"line":220,"column":1}},"line":4},"1":{"name":"(anonymous_1)","decl":{"start":{"line":183,"column":14},"end":{"line":183,"column":15}},"loc":{"start":{"line":183,"column":30},"end":{"line":186,"column":9}},"line":183},"2":{"name":"(anonymous_2)","decl":{"start":{"line":203,"column":14},"end":{"line":203,"column":15}},"loc":{"start":{"line":203,"column":30},"end":{"line":208,"column":9}},"line":203},"3":{"name":"(anonymous_3)","decl":{"start":{"line":222,"column":30},"end":{"line":222,"column":31}},"loc":{"start":{"line":222,"column":51},"end":{"line":222,"column":84}},"line":222}},"branchMap":{"0":{"loc":{"start":{"line":20,"column":15},"end":{"line":20,"column":55}},"type":"cond-expr","locations":[{"start":{"line":20,"column":34},"end":{"line":20,"column":43}},{"start":{"line":20,"column":46},"end":{"line":20,"column":55}}],"line":20},"1":{"loc":{"start":{"line":21,"column":13},"end":{"line":21,"column":53}},"type":"cond-expr","locations":[{"start":{"line":21,"column":32},"end":{"line":21,"column":41}},{"start":{"line":21,"column":44},"end":{"line":21,"column":53}}],"line":21},"2":{"loc":{"start":{"line":24,"column":15},"end":{"line":24,"column":55}},"type":"cond-expr","locations":[{"start":{"line":24,"column":34},"end":{"line":24,"column":43}},{"start":{"line":24,"column":46},"end":{"line":24,"column":55}}],"line":24},"3":{"loc":{"start":{"line":25,"column":17},"end":{"line":25,"column":57}},"type":"cond-expr","locations":[{"start":{"line":25,"column":36},"end":{"line":25,"column":45}},{"start":{"line":25,"column":48},"end":{"line":25,"column":57}}],"line":25},"4":{"loc":{"start":{"line":185,"column":31},"end":{"line":185,"column":85}},"type":"cond-expr","locations":[{"start":{"line":185,"column":64},"end":{"line":185,"column":73}},{"start":{"line":185,"column":76},"end":{"line":185,"column":85}}],"line":185},"5":{"loc":{"start":{"line":207,"column":37},"end":{"line":207,"column":91}},"type":"cond-expr","locations":[{"start":{"line":207,"column":70},"end":{"line":207,"column":79}},{"start":{"line":207,"column":82},"end":{"line":207,"column":91}}],"line":207}},"s":{"0":0,"1":0,"2":0,"3":0,"4":0,"5":0},"f":{"0":0,"1":0,"2":0,"3":0},"b":{"0":[0,0],"1":[0,0],"2":[0,0],"3":[0,0],"4":[0,0],"5":[0,0]}}
,"/Users/dzagr/Documents/AI_stocks/stocks-agent/frontend/src/components/AudioRecorder.tsx": {"path":"/Users/dzagr/Documents/AI_stocks/stocks-agent/frontend/src/components/AudioRecorder.tsx","statementMap":{"0":{"start":{"line":34,"column":27},"end":{"line":34,"column":32}},"1":{"start":{"line":37,"column":27},"end":{"line":56,"column":1}},"2":{"start":{"line":38,"column":4},"end":{"line":38,"column":41}},"3":{"start":{"line":38,"column":29},"end":{"line":38,"column":41}},"4":{"start":{"line":40,"column":18},"end":{"line":40,"column":22}},"5":{"start":{"line":41,"column":26},"end":{"line":41,"column":28}},"6":{"start":{"line":44,"column":4},"end":{"line":53,"column":5}},"7":{"start":{"line":45,"column":8},"end":{"line":45,"column":34}},"8":{"start":{"line":46,"column":8},"end":{"line":52,"column":37}},"9":{"start":{"line":55,"column":4},"end":{"line":55,"column":19}},"10":{"start":{"line":78,"column":31},"end":{"line":82,"column":3}},"11":{"start":{"line":78,"column":59},"end":{"line":82,"column":1}},"12":{"start":{"line":84,"column":24},"end":{"line":110,"column":3}},"13":{"start":{"line":85,"column":33},"end":{"line":85,"column":55}},"14":{"start":{"line":86,"column":59},"end":{"line":110,"column":1}},"15":{"start":{"line":113,"column":19},"end":{"line":117,"column":3}},"16":{"start":{"line":113,"column":48},"end":{"line":117,"column":1}},"17":{"start":{"line":136,"column":52},"end":{"line":1665,"column":1}},"18":{"start":{"line":137,"column":42},"end":{"line":137,"column":57}},"19":{"start":{"line":138,"column":30},"end":{"line":138,"column":59}},"20":{"start":{"line":139,"column":44},"end":{"line":139,"column":59}},"21":{"start":{"line":140,"column":34},"end":{"line":140,"column":63}},"22":{"start":{"line":141,"column":50},"end":{"line":141,"column":79}},"23":{"start":{"line":142,"column":64},"end":{"line":142,"column":79}},"24":{"start":{"line":143,"column":44},"end":{"line":143,"column":73}},"25":{"start":{"line":144,"column":42},"end":{"line":144,"column":71}},"26":{"start":{"line":145,"column":56},"end":{"line":145,"column":71}},"27":{"start":{"line":146,"column":70},"end":{"line":146,"column":90}},"28":{"start":{"line":147,"column":25},"end":{"line":147,"column":54}},"29":{"start":{"line":148,"column":42},"end":{"line":148,"column":57}},"30":{"start":{"line":149,"column":48},"end":{"line":149,"column":59}},"31":{"start":{"line":150,"column":44},"end":{"line":150,"column":71}},"32":{"start":{"line":151,"column":46},"end":{"line":151,"column":61}},"33":{"start":{"line":152,"column":44},"end":{"line":152,"column":59}},"34":{"start":{"line":153,"column":68},"end":{"line":153,"column":83}},"35":{"start":{"line":154,"column":40},"end":{"line":154,"column":51}},"36":{"start":{"line":155,"column":28},"end":{"line":155,"column":61}},"37":{"start":{"line":156,"column":25},"end":{"line":156,"column":55}},"38":{"start":{"line":157,"column":27},"end":{"line":157,"column":74}},"39":{"start":{"line":158,"column":32},"end":{"line":158,"column":69}},"40":{"start":{"line":159,"column":24},"end":{"line":159,"column":57}},"41":{"start":{"line":160,"column":30},"end":{"line":160,"column":46}},"42":{"start":{"line":161,"column":18},"end":{"line":161,"column":59}},"43":{"start":{"line":161,"column":42},"end":{"line":161,"column":58}},"44":{"start":{"line":162,"column":21},"end":{"line":162,"column":37}},"45":{"start":{"line":164,"column":42},"end":{"line":164,"column":62}},"46":{"start":{"line":165,"column":36},"end":{"line":165,"column":65}},"47":{"start":{"line":166,"column":29},"end":{"line":166,"column":63}},"48":{"start":{"line":169,"column":32},"end":{"line":241,"column":26}},"49":{"start":{"line":170,"column":8},"end":{"line":170,"column":41}},"50":{"start":{"line":170,"column":34},"end":{"line":170,"column":41}},"51":{"start":{"line":172,"column":8},"end":{"line":172,"column":40}},"52":{"start":{"line":173,"column":8},"end":{"line":240,"column":9}},"53":{"start":{"line":174,"column":29},"end":{"line":174,"column":94}},"54":{"start":{"line":176,"column":12},"end":{"line":235,"column":13}},"55":{"start":{"line":177,"column":29},"end":{"line":177,"column":50}},"56":{"start":{"line":178,"column":16},"end":{"line":178,"column":41}},"57":{"start":{"line":181,"column":16},"end":{"line":232,"column":17}},"58":{"start":{"line":182,"column":42},"end":{"line":182,"column":49}},"59":{"start":{"line":183,"column":20},"end":{"line":183,"column":79}},"60":{"start":{"line":185,"column":20},"end":{"line":229,"column":21}},"61":{"start":{"line":187,"column":45},"end":{"line":187,"column":86}},"62":{"start":{"line":188,"column":24},"end":{"line":190,"column":25}},"63":{"start":{"line":189,"column":28},"end":{"line":189,"column":107}},"64":{"start":{"line":193,"column":39},"end":{"line":193,"column":65}},"65":{"start":{"line":194,"column":24},"end":{"line":194,"column":73}},"66":{"start":{"line":196,"column":24},"end":{"line":202,"column":25}},"67":{"start":{"line":197,"column":28},"end":{"line":197,"column":81}},"68":{"start":{"line":198,"column":28},"end":{"line":198,"column":55}},"69":{"start":{"line":200,"column":28},"end":{"line":200,"column":103}},"70":{"start":{"line":201,"column":28},"end":{"line":201,"column":91}},"71":{"start":{"line":204,"column":24},"end":{"line":204,"column":93}},"72":{"start":{"line":205,"column":24},"end":{"line":205,"column":118}},"73":{"start":{"line":208,"column":24},"end":{"line":228,"column":25}},"74":{"start":{"line":209,"column":28},"end":{"line":209,"column":114}},"75":{"start":{"line":211,"column":28},"end":{"line":223,"column":29}},"76":{"start":{"line":212,"column":53},"end":{"line":212,"column":107}},"77":{"start":{"line":213,"column":32},"end":{"line":219,"column":33}},"78":{"start":{"line":214,"column":36},"end":{"line":214,"column":102}},"79":{"start":{"line":215,"column":36},"end":{"line":215,"column":64}},"80":{"start":{"line":217,"column":36},"end":{"line":217,"column":115}},"81":{"start":{"line":218,"column":36},"end":{"line":218,"column":92}},"82":{"start":{"line":221,"column":32},"end":{"line":221,"column":110}},"83":{"start":{"line":222,"column":32},"end":{"line":222,"column":88}},"84":{"start":{"line":225,"column":28},"end":{"line":225,"column":101}},"85":{"start":{"line":227,"column":28},"end":{"line":227,"column":62}},"86":{"start":{"line":231,"column":20},"end":{"line":231,"column":61}},"87":{"start":{"line":234,"column":16},"end":{"line":234,"column":83}},"88":{"start":{"line":237,"column":12},"end":{"line":237,"column":68}},"89":{"start":{"line":239,"column":12},"end":{"line":239,"column":45}},"90":{"start":{"line":244,"column":35},"end":{"line":267,"column":26}},"91":{"start":{"line":245,"column":8},"end":{"line":245,"column":41}},"92":{"start":{"line":245,"column":34},"end":{"line":245,"column":41}},"93":{"start":{"line":247,"column":8},"end":{"line":266,"column":9}},"94":{"start":{"line":248,"column":29},"end":{"line":248,"column":90}},"95":{"start":{"line":250,"column":12},"end":{"line":263,"column":13}},"96":{"start":{"line":251,"column":29},"end":{"line":251,"column":50}},"97":{"start":{"line":252,"column":16},"end":{"line":260,"column":17}},"98":{"start":{"line":254,"column":40},"end":{"line":254,"column":47}},"99":{"start":{"line":256,"column":43},"end":{"line":256,"column":82}},"100":{"start":{"line":257,"column":20},"end":{"line":257,"column":52}},"101":{"start":{"line":259,"column":20},"end":{"line":259,"column":65}},"102":{"start":{"line":262,"column":16},"end":{"line":262,"column":87}},"103":{"start":{"line":265,"column":12},"end":{"line":265,"column":72}},"104":{"start":{"line":270,"column":34},"end":{"line":308,"column":26}},"105":{"start":{"line":271,"column":8},"end":{"line":271,"column":41}},"106":{"start":{"line":271,"column":34},"end":{"line":271,"column":41}},"107":{"start":{"line":273,"column":8},"end":{"line":307,"column":9}},"108":{"start":{"line":274,"column":29},"end":{"line":274,"column":94}},"109":{"start":{"line":276,"column":12},"end":{"line":304,"column":13}},"110":{"start":{"line":277,"column":29},"end":{"line":277,"column":50}},"111":{"start":{"line":278,"column":16},"end":{"line":301,"column":17}},"112":{"start":{"line":280,"column":42},"end":{"line":280,"column":49}},"113":{"start":{"line":281,"column":20},"end":{"line":298,"column":21}},"114":{"start":{"line":283,"column":45},"end":{"line":283,"column":86}},"115":{"start":{"line":284,"column":24},"end":{"line":286,"column":25}},"116":{"start":{"line":285,"column":28},"end":{"line":285,"column":109}},"117":{"start":{"line":289,"column":39},"end":{"line":289,"column":65}},"118":{"start":{"line":290,"column":24},"end":{"line":295,"column":25}},"119":{"start":{"line":292,"column":28},"end":{"line":292,"column":84}},"120":{"start":{"line":294,"column":28},"end":{"line":294,"column":83}},"121":{"start":{"line":297,"column":24},"end":{"line":297,"column":96}},"122":{"start":{"line":300,"column":20},"end":{"line":300,"column":78}},"123":{"start":{"line":303,"column":16},"end":{"line":303,"column":100}},"124":{"start":{"line":306,"column":12},"end":{"line":306,"column":71}},"125":{"start":{"line":311,"column":30},"end":{"line":320,"column":94}},"126":{"start":{"line":312,"column":8},"end":{"line":312,"column":41}},"127":{"start":{"line":312,"column":34},"end":{"line":312,"column":41}},"128":{"start":{"line":315,"column":8},"end":{"line":319,"column":11}},"129":{"start":{"line":323,"column":31},"end":{"line":340,"column":26}},"130":{"start":{"line":324,"column":8},"end":{"line":324,"column":41}},"131":{"start":{"line":324,"column":34},"end":{"line":324,"column":41}},"132":{"start":{"line":326,"column":8},"end":{"line":339,"column":9}},"133":{"start":{"line":327,"column":29},"end":{"line":327,"column":91}},"134":{"start":{"line":329,"column":12},"end":{"line":336,"column":13}},"135":{"start":{"line":330,"column":29},"end":{"line":330,"column":50}},"136":{"start":{"line":331,"column":32},"end":{"line":331,"column":54}},"137":{"start":{"line":332,"column":16},"end":{"line":332,"column":53}},"138":{"start":{"line":333,"column":16},"end":{"line":333,"column":91}},"139":{"start":{"line":335,"column":16},"end":{"line":335,"column":82}},"140":{"start":{"line":338,"column":12},"end":{"line":338,"column":67}},"141":{"start":{"line":343,"column":29},"end":{"line":386,"column":21}},"142":{"start":{"line":344,"column":8},"end":{"line":347,"column":9}},"143":{"start":{"line":345,"column":12},"end":{"line":345,"column":80}},"144":{"start":{"line":346,"column":12},"end":{"line":346,"column":19}},"145":{"start":{"line":349,"column":25},"end":{"line":349,"column":44}},"146":{"start":{"line":350,"column":29},"end":{"line":350,"column":55}},"147":{"start":{"line":351,"column":26},"end":{"line":351,"column":54}},"148":{"start":{"line":353,"column":8},"end":{"line":353,"column":101}},"149":{"start":{"line":355,"column":28},"end":{"line":383,"column":9}},"150":{"start":{"line":356,"column":12},"end":{"line":360,"column":13}},"151":{"start":{"line":357,"column":16},"end":{"line":357,"column":75}},"152":{"start":{"line":358,"column":16},"end":{"line":358,"column":33}},"153":{"start":{"line":359,"column":16},"end":{"line":359,"column":23}},"154":{"start":{"line":363,"column":12},"end":{"line":363,"column":53}},"155":{"start":{"line":366,"column":22},"end":{"line":366,"column":23}},"156":{"start":{"line":367,"column":12},"end":{"line":369,"column":13}},"157":{"start":{"line":367,"column":25},"end":{"line":367,"column":26}},"158":{"start":{"line":368,"column":16},"end":{"line":368,"column":36}},"159":{"start":{"line":370,"column":28},"end":{"line":370,"column":46}},"160":{"start":{"line":373,"column":26},"end":{"line":373,"column":66}},"161":{"start":{"line":376,"column":12},"end":{"line":378,"column":13}},"162":{"start":{"line":377,"column":16},"end":{"line":377,"column":94}},"163":{"start":{"line":380,"column":12},"end":{"line":380,"column":33}},"164":{"start":{"line":382,"column":12},"end":{"line":382,"column":75}},"165":{"start":{"line":385,"column":8},"end":{"line":385,"column":22}},"166":{"start":{"line":389,"column":4},"end":{"line":406,"column":40}},"167":{"start":{"line":390,"column":8},"end":{"line":398,"column":9}},"168":{"start":{"line":391,"column":12},"end":{"line":391,"column":89}},"169":{"start":{"line":392,"column":12},"end":{"line":392,"column":31}},"170":{"start":{"line":393,"column":15},"end":{"line":398,"column":9}},"171":{"start":{"line":394,"column":12},"end":{"line":394,"column":89}},"172":{"start":{"line":395,"column":12},"end":{"line":395,"column":60}},"173":{"start":{"line":396,"column":12},"end":{"line":396,"column":50}},"174":{"start":{"line":397,"column":12},"end":{"line":397,"column":29}},"175":{"start":{"line":400,"column":8},"end":{"line":405,"column":10}},"176":{"start":{"line":401,"column":12},"end":{"line":404,"column":13}},"177":{"start":{"line":402,"column":16},"end":{"line":402,"column":64}},"178":{"start":{"line":403,"column":16},"end":{"line":403,"column":54}},"179":{"start":{"line":408,"column":29},"end":{"line":542,"column":5}},"180":{"start":{"line":410,"column":8},"end":{"line":410,"column":34}},"181":{"start":{"line":412,"column":8},"end":{"line":415,"column":9}},"182":{"start":{"line":413,"column":12},"end":{"line":413,"column":55}},"183":{"start":{"line":414,"column":12},"end":{"line":414,"column":25}},"184":{"start":{"line":417,"column":8},"end":{"line":417,"column":30}},"185":{"start":{"line":418,"column":8},"end":{"line":418,"column":23}},"186":{"start":{"line":420,"column":8},"end":{"line":541,"column":9}},"187":{"start":{"line":421,"column":12},"end":{"line":421,"column":54}},"188":{"start":{"line":424,"column":36},"end":{"line":444,"column":13}},"189":{"start":{"line":426,"column":31},"end":{"line":426,"column":38}},"190":{"start":{"line":429,"column":16},"end":{"line":441,"column":17}},"191":{"start":{"line":431,"column":20},"end":{"line":431,"column":54}},"192":{"start":{"line":432,"column":23},"end":{"line":441,"column":17}},"193":{"start":{"line":434,"column":20},"end":{"line":434,"column":69}},"194":{"start":{"line":435,"column":23},"end":{"line":441,"column":17}},"195":{"start":{"line":437,"column":20},"end":{"line":437,"column":67}},"196":{"start":{"line":440,"column":20},"end":{"line":440,"column":65}},"197":{"start":{"line":443,"column":16},"end":{"line":443,"column":70}},"198":{"start":{"line":446,"column":26},"end":{"line":446,"column":43}},"199":{"start":{"line":447,"column":12},"end":{"line":447,"column":49}},"200":{"start":{"line":449,"column":23},"end":{"line":449,"column":43}},"201":{"start":{"line":450,"column":12},"end":{"line":450,"column":38}},"202":{"start":{"line":453,"column":12},"end":{"line":475,"column":15}},"203":{"start":{"line":454,"column":34},"end":{"line":456,"column":24}},"204":{"start":{"line":455,"column":20},"end":{"line":455,"column":70}},"205":{"start":{"line":458,"column":16},"end":{"line":467,"column":18}},"206":{"start":{"line":459,"column":20},"end":{"line":459,"column":72}},"207":{"start":{"line":460,"column":20},"end":{"line":460,"column":44}},"208":{"start":{"line":462,"column":20},"end":{"line":465,"column":24}},"209":{"start":{"line":466,"column":20},"end":{"line":466,"column":30}},"210":{"start":{"line":468,"column":16},"end":{"line":474,"column":18}},"211":{"start":{"line":469,"column":20},"end":{"line":469,"column":72}},"212":{"start":{"line":470,"column":20},"end":{"line":470,"column":44}},"213":{"start":{"line":472,"column":41},"end":{"line":472,"column":113}},"214":{"start":{"line":473,"column":20},"end":{"line":473,"column":86}},"215":{"start":{"line":478,"column":12},"end":{"line":509,"column":14}},"216":{"start":{"line":479,"column":16},"end":{"line":508,"column":17}},"217":{"start":{"line":480,"column":54},"end":{"line":480,"column":76}},"218":{"start":{"line":481,"column":20},"end":{"line":505,"column":21}},"219":{"start":{"line":482,"column":69},"end":{"line":490,"column":25}},"220":{"start":{"line":483,"column":83},"end":{"line":487,"column":29}},"221":{"start":{"line":492,"column":24},"end":{"line":492,"column":65}},"222":{"start":{"line":493,"column":27},"end":{"line":505,"column":21}},"223":{"start":{"line":502,"column":27},"end":{"line":505,"column":21}},"224":{"start":{"line":503,"column":24},"end":{"line":503,"column":73}},"225":{"start":{"line":504,"column":24},"end":{"line":504,"column":90}},"226":{"start":{"line":507,"column":20},"end":{"line":507,"column":77}},"227":{"start":{"line":511,"column":12},"end":{"line":529,"column":14}},"228":{"start":{"line":512,"column":16},"end":{"line":512,"column":75}},"229":{"start":{"line":513,"column":16},"end":{"line":526,"column":17}},"230":{"start":{"line":514,"column":20},"end":{"line":523,"column":21}},"231":{"start":{"line":515,"column":24},"end":{"line":515,"column":105}},"232":{"start":{"line":517,"column":24},"end":{"line":517,"column":50}},"233":{"start":{"line":518,"column":24},"end":{"line":520,"column":33}},"234":{"start":{"line":519,"column":28},"end":{"line":519,"column":60}},"235":{"start":{"line":522,"column":24},"end":{"line":522,"column":95}},"236":{"start":{"line":524,"column":23},"end":{"line":526,"column":17}},"237":{"start":{"line":525,"column":20},"end":{"line":525,"column":104}},"238":{"start":{"line":527,"column":16},"end":{"line":527,"column":44}},"239":{"start":{"line":528,"column":16},"end":{"line":528,"column":38}},"240":{"start":{"line":531,"column":12},"end":{"line":531,"column":52}},"241":{"start":{"line":532,"column":12},"end":{"line":532,"column":24}},"242":{"start":{"line":535,"column":12},"end":{"line":535,"column":67}},"243":{"start":{"line":536,"column":12},"end":{"line":536,"column":96}},"244":{"start":{"line":537,"column":12},"end":{"line":537,"column":40}},"245":{"start":{"line":538,"column":12},"end":{"line":538,"column":25}},"246":{"start":{"line":540,"column":12},"end":{"line":540,"column":35}},"247":{"start":{"line":544,"column":27},"end":{"line":729,"column":5}},"248":{"start":{"line":545,"column":8},"end":{"line":545,"column":74}},"249":{"start":{"line":546,"column":8},"end":{"line":546,"column":32}},"250":{"start":{"line":546,"column":25},"end":{"line":546,"column":32}},"251":{"start":{"line":548,"column":8},"end":{"line":728,"column":9}},"252":{"start":{"line":549,"column":12},"end":{"line":549,"column":27}},"253":{"start":{"line":550,"column":12},"end":{"line":550,"column":34}},"254":{"start":{"line":552,"column":12},"end":{"line":552,"column":59}},"255":{"start":{"line":553,"column":27},"end":{"line":562,"column":14}},"256":{"start":{"line":563,"column":12},"end":{"line":563,"column":57}},"257":{"start":{"line":566,"column":12},"end":{"line":573,"column":13}},"258":{"start":{"line":567,"column":37},"end":{"line":570,"column":18}},"259":{"start":{"line":571,"column":16},"end":{"line":571,"column":55}},"260":{"start":{"line":572,"column":16},"end":{"line":572,"column":52}},"261":{"start":{"line":575,"column":33},"end":{"line":575,"column":56}},"262":{"start":{"line":577,"column":12},"end":{"line":580,"column":13}},"263":{"start":{"line":578,"column":16},"end":{"line":578,"column":44}},"264":{"start":{"line":579,"column":16},"end":{"line":579,"column":52}},"265":{"start":{"line":583,"column":12},"end":{"line":583,"column":82}},"266":{"start":{"line":584,"column":12},"end":{"line":584,"column":62}},"267":{"start":{"line":587,"column":12},"end":{"line":587,"column":64}},"268":{"start":{"line":588,"column":12},"end":{"line":588,"column":46}},"269":{"start":{"line":589,"column":12},"end":{"line":589,"column":60}},"270":{"start":{"line":590,"column":12},"end":{"line":590,"column":50}},"271":{"start":{"line":591,"column":12},"end":{"line":591,"column":50}},"272":{"start":{"line":594,"column":12},"end":{"line":594,"column":64}},"273":{"start":{"line":595,"column":12},"end":{"line":595,"column":62}},"274":{"start":{"line":601,"column":12},"end":{"line":691,"column":13}},"275":{"start":{"line":602,"column":16},"end":{"line":663,"column":17}},"276":{"start":{"line":606,"column":39},"end":{"line":606,"column":60}},"277":{"start":{"line":607,"column":20},"end":{"line":607,"column":74}},"278":{"start":{"line":608,"column":45},"end":{"line":608,"column":98}},"279":{"start":{"line":609,"column":20},"end":{"line":609,"column":67}},"280":{"start":{"line":610,"column":20},"end":{"line":610,"column":60}},"281":{"start":{"line":613,"column":20},"end":{"line":613,"column":69}},"282":{"start":{"line":617,"column":20},"end":{"line":634,"column":22}},"283":{"start":{"line":618,"column":24},"end":{"line":633,"column":25}},"284":{"start":{"line":620,"column":46},"end":{"line":620,"column":66}},"285":{"start":{"line":622,"column":28},"end":{"line":632,"column":29}},"286":{"start":{"line":623,"column":32},"end":{"line":631,"column":33}},"287":{"start":{"line":625,"column":36},"end":{"line":625,"column":80}},"288":{"start":{"line":628,"column":36},"end":{"line":628,"column":100}},"289":{"start":{"line":629,"column":36},"end":{"line":629,"column":73}},"290":{"start":{"line":630,"column":36},"end":{"line":630,"column":52}},"291":{"start":{"line":637,"column":20},"end":{"line":637,"column":110}},"292":{"start":{"line":639,"column":39},"end":{"line":639,"column":43}},"293":{"start":{"line":640,"column":48},"end":{"line":640,"column":100}},"294":{"start":{"line":642,"column":20},"end":{"line":657,"column":22}},"295":{"start":{"line":644,"column":42},"end":{"line":644,"column":77}},"296":{"start":{"line":646,"column":24},"end":{"line":656,"column":25}},"297":{"start":{"line":647,"column":28},"end":{"line":655,"column":29}},"298":{"start":{"line":649,"column":32},"end":{"line":649,"column":76}},"299":{"start":{"line":652,"column":32},"end":{"line":652,"column":114}},"300":{"start":{"line":653,"column":32},"end":{"line":653,"column":69}},"301":{"start":{"line":654,"column":32},"end":{"line":654,"column":48}},"302":{"start":{"line":660,"column":20},"end":{"line":660,"column":72}},"303":{"start":{"line":661,"column":20},"end":{"line":661,"column":74}},"304":{"start":{"line":665,"column":16},"end":{"line":665,"column":87}},"305":{"start":{"line":667,"column":35},"end":{"line":667,"column":39}},"306":{"start":{"line":668,"column":44},"end":{"line":668,"column":96}},"307":{"start":{"line":670,"column":16},"end":{"line":685,"column":18}},"308":{"start":{"line":672,"column":38},"end":{"line":672,"column":73}},"309":{"start":{"line":674,"column":20},"end":{"line":684,"column":21}},"310":{"start":{"line":675,"column":24},"end":{"line":683,"column":25}},"311":{"start":{"line":677,"column":28},"end":{"line":677,"column":72}},"312":{"start":{"line":680,"column":28},"end":{"line":680,"column":110}},"313":{"start":{"line":681,"column":28},"end":{"line":681,"column":65}},"314":{"start":{"line":682,"column":28},"end":{"line":682,"column":44}},"315":{"start":{"line":688,"column":16},"end":{"line":688,"column":68}},"316":{"start":{"line":689,"column":16},"end":{"line":689,"column":70}},"317":{"start":{"line":694,"column":30},"end":{"line":694,"column":54}},"318":{"start":{"line":695,"column":12},"end":{"line":699,"column":13}},"319":{"start":{"line":697,"column":16},"end":{"line":697,"column":32}},"320":{"start":{"line":698,"column":16},"end":{"line":698,"column":23}},"321":{"start":{"line":702,"column":12},"end":{"line":702,"column":86}},"322":{"start":{"line":703,"column":12},"end":{"line":703,"column":33}},"323":{"start":{"line":704,"column":12},"end":{"line":704,"column":35}},"324":{"start":{"line":705,"column":12},"end":{"line":705,"column":31}},"325":{"start":{"line":707,"column":12},"end":{"line":707,"column":105}},"326":{"start":{"line":708,"column":12},"end":{"line":713,"column":14}},"327":{"start":{"line":709,"column":16},"end":{"line":712,"column":17}},"328":{"start":{"line":710,"column":20},"end":{"line":710,"column":104}},"329":{"start":{"line":711,"column":20},"end":{"line":711,"column":68}},"330":{"start":{"line":711,"column":45},"end":{"line":711,"column":66}},"331":{"start":{"line":714,"column":12},"end":{"line":716,"column":14}},"332":{"start":{"line":715,"column":16},"end":{"line":715,"column":82}},"333":{"start":{"line":717,"column":12},"end":{"line":719,"column":14}},"334":{"start":{"line":718,"column":16},"end":{"line":718,"column":69}},"335":{"start":{"line":720,"column":12},"end":{"line":720,"column":49}},"336":{"start":{"line":721,"column":12},"end":{"line":721,"column":72}},"337":{"start":{"line":724,"column":12},"end":{"line":724,"column":62}},"338":{"start":{"line":725,"column":12},"end":{"line":725,"column":91}},"339":{"start":{"line":726,"column":12},"end":{"line":726,"column":35}},"340":{"start":{"line":727,"column":12},"end":{"line":727,"column":28}},"341":{"start":{"line":731,"column":26},"end":{"line":844,"column":38}},"342":{"start":{"line":732,"column":8},"end":{"line":732,"column":75}},"343":{"start":{"line":734,"column":8},"end":{"line":843,"column":9}},"344":{"start":{"line":735,"column":12},"end":{"line":735,"column":59}},"345":{"start":{"line":736,"column":12},"end":{"line":736,"column":34}},"346":{"start":{"line":739,"column":8},"end":{"line":739,"column":55}},"347":{"start":{"line":740,"column":8},"end":{"line":740,"column":75}},"348":{"start":{"line":741,"column":8},"end":{"line":741,"column":89}},"349":{"start":{"line":743,"column":8},"end":{"line":763,"column":9}},"350":{"start":{"line":744,"column":12},"end":{"line":744,"column":108}},"351":{"start":{"line":746,"column":41},"end":{"line":757,"column":14}},"352":{"start":{"line":747,"column":16},"end":{"line":756,"column":17}},"353":{"start":{"line":748,"column":20},"end":{"line":751,"column":22}},"354":{"start":{"line":749,"column":24},"end":{"line":749,"column":100}},"355":{"start":{"line":750,"column":24},"end":{"line":750,"column":34}},"356":{"start":{"line":752,"column":20},"end":{"line":752,"column":52}},"357":{"start":{"line":753,"column":20},"end":{"line":753,"column":79}},"358":{"start":{"line":755,"column":20},"end":{"line":755,"column":30}},"359":{"start":{"line":760,"column":12},"end":{"line":760,"column":39}},"360":{"start":{"line":762,"column":12},"end":{"line":762,"column":85}},"361":{"start":{"line":766,"column":8},"end":{"line":769,"column":9}},"362":{"start":{"line":767,"column":12},"end":{"line":767,"column":90}},"363":{"start":{"line":767,"column":76},"end":{"line":767,"column":88}},"364":{"start":{"line":768,"column":12},"end":{"line":768,"column":55}},"365":{"start":{"line":772,"column":8},"end":{"line":775,"column":9}},"366":{"start":{"line":773,"column":12},"end":{"line":773,"column":48}},"367":{"start":{"line":774,"column":12},"end":{"line":774,"column":42}},"368":{"start":{"line":776,"column":8},"end":{"line":780,"column":9}},"369":{"start":{"line":777,"column":12},"end":{"line":777,"column":62}},"370":{"start":{"line":778,"column":12},"end":{"line":778,"column":53}},"371":{"start":{"line":779,"column":12},"end":{"line":779,"column":47}},"372":{"start":{"line":781,"column":8},"end":{"line":784,"column":9}},"373":{"start":{"line":782,"column":12},"end":{"line":782,"column":45}},"374":{"start":{"line":783,"column":12},"end":{"line":783,"column":39}},"375":{"start":{"line":785,"column":8},"end":{"line":788,"column":9}},"376":{"start":{"line":786,"column":12},"end":{"line":786,"column":60}},"377":{"start":{"line":787,"column":12},"end":{"line":787,"column":50}},"378":{"start":{"line":790,"column":8},"end":{"line":794,"column":9}},"379":{"start":{"line":791,"column":12},"end":{"line":791,"column":66}},"380":{"start":{"line":792,"column":12},"end":{"line":792,"column":40}},"381":{"start":{"line":793,"column":12},"end":{"line":793,"column":44}},"382":{"start":{"line":797,"column":8},"end":{"line":837,"column":16}},"383":{"start":{"line":799,"column":12},"end":{"line":836,"column":15}},"384":{"start":{"line":800,"column":16},"end":{"line":800,"column":98}},"385":{"start":{"line":803,"column":16},"end":{"line":833,"column":17}},"386":{"start":{"line":804,"column":38},"end":{"line":804,"column":85}},"387":{"start":{"line":805,"column":37},"end":{"line":805,"column":51}},"388":{"start":{"line":806,"column":20},"end":{"line":806,"column":74}},"389":{"start":{"line":808,"column":20},"end":{"line":826,"column":23}},"390":{"start":{"line":813,"column":24},"end":{"line":821,"column":25}},"391":{"start":{"line":814,"column":46},"end":{"line":814,"column":73}},"392":{"start":{"line":815,"column":28},"end":{"line":815,"column":93}},"393":{"start":{"line":816,"column":28},"end":{"line":816,"column":77}},"394":{"start":{"line":818,"column":28},"end":{"line":818,"column":83}},"395":{"start":{"line":820,"column":28},"end":{"line":820,"column":48}},"396":{"start":{"line":824,"column":24},"end":{"line":824,"column":59}},"397":{"start":{"line":825,"column":24},"end":{"line":825,"column":82}},"398":{"start":{"line":829,"column":32},"end":{"line":829,"column":62}},"399":{"start":{"line":830,"column":20},"end":{"line":830,"column":37}},"400":{"start":{"line":832,"column":20},"end":{"line":832,"column":136}},"401":{"start":{"line":835,"column":16},"end":{"line":835,"column":37}},"402":{"start":{"line":840,"column":12},"end":{"line":840,"column":62}},"403":{"start":{"line":841,"column":12},"end":{"line":841,"column":90}},"404":{"start":{"line":842,"column":12},"end":{"line":842,"column":34}},"405":{"start":{"line":846,"column":25},"end":{"line":932,"column":5}},"406":{"start":{"line":847,"column":8},"end":{"line":853,"column":9}},"407":{"start":{"line":848,"column":12},"end":{"line":848,"column":68}},"408":{"start":{"line":849,"column":12},"end":{"line":849,"column":79}},"409":{"start":{"line":850,"column":12},"end":{"line":850,"column":77}},"410":{"start":{"line":851,"column":12},"end":{"line":851,"column":82}},"411":{"start":{"line":852,"column":12},"end":{"line":852,"column":19}},"412":{"start":{"line":855,"column":8},"end":{"line":855,"column":37}},"413":{"start":{"line":856,"column":8},"end":{"line":856,"column":55}},"414":{"start":{"line":857,"column":8},"end":{"line":857,"column":54}},"415":{"start":{"line":858,"column":8},"end":{"line":858,"column":84}},"416":{"start":{"line":859,"column":8},"end":{"line":931,"column":9}},"417":{"start":{"line":860,"column":29},"end":{"line":860,"column":95}},"418":{"start":{"line":861,"column":12},"end":{"line":861,"column":105}},"419":{"start":{"line":862,"column":32},"end":{"line":862,"column":68}},"420":{"start":{"line":863,"column":12},"end":{"line":890,"column":13}},"421":{"start":{"line":865,"column":31},"end":{"line":865,"column":71}},"422":{"start":{"line":866,"column":16},"end":{"line":885,"column":17}},"423":{"start":{"line":867,"column":20},"end":{"line":880,"column":21}},"424":{"start":{"line":868,"column":37},"end":{"line":868,"column":58}},"425":{"start":{"line":869,"column":24},"end":{"line":876,"column":25}},"426":{"start":{"line":871,"column":28},"end":{"line":875,"column":29}},"427":{"start":{"line":872,"column":32},"end":{"line":872,"column":157}},"428":{"start":{"line":874,"column":32},"end":{"line":874,"column":54}},"429":{"start":{"line":877,"column":24},"end":{"line":877,"column":89}},"430":{"start":{"line":879,"column":24},"end":{"line":879,"column":94}},"431":{"start":{"line":883,"column":20},"end":{"line":883,"column":69}},"432":{"start":{"line":884,"column":20},"end":{"line":884,"column":83}},"433":{"start":{"line":886,"column":16},"end":{"line":886,"column":37}},"434":{"start":{"line":887,"column":16},"end":{"line":887,"column":42}},"435":{"start":{"line":888,"column":16},"end":{"line":888,"column":41}},"436":{"start":{"line":889,"column":16},"end":{"line":889,"column":23}},"437":{"start":{"line":891,"column":12},"end":{"line":924,"column":13}},"438":{"start":{"line":892,"column":29},"end":{"line":892,"column":50}},"439":{"start":{"line":893,"column":16},"end":{"line":893,"column":73}},"440":{"start":{"line":896,"column":16},"end":{"line":917,"column":17}},"441":{"start":{"line":897,"column":20},"end":{"line":897,"column":123}},"442":{"start":{"line":898,"column":20},"end":{"line":898,"column":146}},"443":{"start":{"line":899,"column":20},"end":{"line":899,"column":143}},"444":{"start":{"line":900,"column":20},"end":{"line":904,"column":23}},"445":{"start":{"line":906,"column":20},"end":{"line":906,"column":40}},"446":{"start":{"line":907,"column":23},"end":{"line":917,"column":17}},"447":{"start":{"line":908,"column":37},"end":{"line":908,"column":91}},"448":{"start":{"line":909,"column":20},"end":{"line":909,"column":41}},"449":{"start":{"line":910,"column":20},"end":{"line":910,"column":46}},"450":{"start":{"line":911,"column":20},"end":{"line":911,"column":45}},"451":{"start":{"line":914,"column":20},"end":{"line":914,"column":123}},"452":{"start":{"line":915,"column":20},"end":{"line":915,"column":78}},"453":{"start":{"line":916,"column":20},"end":{"line":916,"column":66}},"454":{"start":{"line":919,"column":33},"end":{"line":919,"column":70}},"455":{"start":{"line":920,"column":16},"end":{"line":920,"column":37}},"456":{"start":{"line":921,"column":16},"end":{"line":921,"column":42}},"457":{"start":{"line":922,"column":16},"end":{"line":922,"column":41}},"458":{"start":{"line":923,"column":16},"end":{"line":923,"column":85}},"459":{"start":{"line":926,"column":29},"end":{"line":926,"column":54}},"460":{"start":{"line":927,"column":12},"end":{"line":927,"column":33}},"461":{"start":{"line":928,"column":12},"end":{"line":928,"column":38}},"462":{"start":{"line":929,"column":12},"end":{"line":929,"column":37}},"463":{"start":{"line":930,"column":12},"end":{"line":930,"column":71}},"464":{"start":{"line":934,"column":37},"end":{"line":1038,"column":5}},"465":{"start":{"line":935,"column":8},"end":{"line":938,"column":9}},"466":{"start":{"line":936,"column":12},"end":{"line":936,"column":87}},"467":{"start":{"line":937,"column":12},"end":{"line":937,"column":19}},"468":{"start":{"line":940,"column":8},"end":{"line":940,"column":36}},"469":{"start":{"line":941,"column":8},"end":{"line":941,"column":75}},"470":{"start":{"line":942,"column":8},"end":{"line":942,"column":102}},"471":{"start":{"line":943,"column":8},"end":{"line":943,"column":110}},"472":{"start":{"line":945,"column":8},"end":{"line":1037,"column":9}},"473":{"start":{"line":946,"column":12},"end":{"line":946,"column":92}},"474":{"start":{"line":949,"column":31},"end":{"line":949,"column":52}},"475":{"start":{"line":950,"column":30},"end":{"line":952,"column":29}},"476":{"start":{"line":951,"column":16},"end":{"line":951,"column":35}},"477":{"start":{"line":954,"column":29},"end":{"line":957,"column":14}},"478":{"start":{"line":959,"column":12},"end":{"line":959,"column":36}},"479":{"start":{"line":961,"column":12},"end":{"line":961,"column":110}},"480":{"start":{"line":963,"column":12},"end":{"line":1013,"column":13}},"481":{"start":{"line":964,"column":16},"end":{"line":964,"column":75}},"482":{"start":{"line":965,"column":29},"end":{"line":965,"column":50}},"483":{"start":{"line":966,"column":16},"end":{"line":966,"column":84}},"484":{"start":{"line":967,"column":16},"end":{"line":967,"column":158}},"485":{"start":{"line":969,"column":16},"end":{"line":969,"column":77}},"486":{"start":{"line":972,"column":16},"end":{"line":979,"column":17}},"487":{"start":{"line":973,"column":20},"end":{"line":973,"column":110}},"488":{"start":{"line":975,"column":20},"end":{"line":978,"column":28}},"489":{"start":{"line":976,"column":24},"end":{"line":976,"column":50}},"490":{"start":{"line":977,"column":24},"end":{"line":977,"column":99}},"491":{"start":{"line":982,"column":16},"end":{"line":982,"column":103}},"492":{"start":{"line":983,"column":16},"end":{"line":997,"column":25}},"493":{"start":{"line":984,"column":20},"end":{"line":996,"column":21}},"494":{"start":{"line":985,"column":48},"end":{"line":985,"column":118}},"495":{"start":{"line":986,"column":24},"end":{"line":993,"column":25}},"496":{"start":{"line":987,"column":48},"end":{"line":987,"column":76}},"497":{"start":{"line":988,"column":28},"end":{"line":988,"column":128}},"498":{"start":{"line":990,"column":28},"end":{"line":992,"column":32}},"499":{"start":{"line":995,"column":24},"end":{"line":995,"column":85}},"500":{"start":{"line":999,"column":34},"end":{"line":999,"column":55}},"501":{"start":{"line":1000,"column":16},"end":{"line":1000,"column":87}},"502":{"start":{"line":1003,"column":16},"end":{"line":1007,"column":17}},"503":{"start":{"line":1004,"column":20},"end":{"line":1004,"column":111}},"504":{"start":{"line":1006,"column":20},"end":{"line":1006,"column":97}},"505":{"start":{"line":1009,"column":16},"end":{"line":1011,"column":25}},"506":{"start":{"line":1010,"column":20},"end":{"line":1010,"column":53}},"507":{"start":{"line":1012,"column":16},"end":{"line":1012,"column":104}},"508":{"start":{"line":1015,"column":12},"end":{"line":1029,"column":13}},"509":{"start":{"line":1016,"column":16},"end":{"line":1016,"column":95}},"510":{"start":{"line":1017,"column":16},"end":{"line":1017,"column":115}},"511":{"start":{"line":1019,"column":16},"end":{"line":1021,"column":25}},"512":{"start":{"line":1020,"column":20},"end":{"line":1020,"column":53}},"513":{"start":{"line":1023,"column":16},"end":{"line":1023,"column":80}},"514":{"start":{"line":1024,"column":16},"end":{"line":1024,"column":92}},"515":{"start":{"line":1025,"column":16},"end":{"line":1027,"column":25}},"516":{"start":{"line":1026,"column":20},"end":{"line":1026,"column":53}},"517":{"start":{"line":1028,"column":16},"end":{"line":1028,"column":26}},"518":{"start":{"line":1031,"column":12},"end":{"line":1036,"column":21}},"519":{"start":{"line":1032,"column":16},"end":{"line":1032,"column":45}},"520":{"start":{"line":1033,"column":16},"end":{"line":1035,"column":17}},"521":{"start":{"line":1034,"column":20},"end":{"line":1034,"column":53}},"522":{"start":{"line":1040,"column":29},"end":{"line":1059,"column":5}},"523":{"start":{"line":1041,"column":21},"end":{"line":1041,"column":44}},"524":{"start":{"line":1042,"column":8},"end":{"line":1058,"column":9}},"525":{"start":{"line":1044,"column":12},"end":{"line":1047,"column":13}},"526":{"start":{"line":1045,"column":16},"end":{"line":1045,"column":56}},"527":{"start":{"line":1046,"column":16},"end":{"line":1046,"column":23}},"528":{"start":{"line":1050,"column":28},"end":{"line":1050,"column":45}},"529":{"start":{"line":1051,"column":12},"end":{"line":1054,"column":13}},"530":{"start":{"line":1052,"column":16},"end":{"line":1052,"column":62}},"531":{"start":{"line":1053,"column":16},"end":{"line":1053,"column":23}},"532":{"start":{"line":1056,"column":12},"end":{"line":1056,"column":34}},"533":{"start":{"line":1057,"column":12},"end":{"line":1057,"column":27}},"534":{"start":{"line":1061,"column":28},"end":{"line":1148,"column":5}},"535":{"start":{"line":1062,"column":8},"end":{"line":1065,"column":9}},"536":{"start":{"line":1063,"column":12},"end":{"line":1063,"column":78}},"537":{"start":{"line":1064,"column":12},"end":{"line":1064,"column":19}},"538":{"start":{"line":1067,"column":8},"end":{"line":1067,"column":29}},"539":{"start":{"line":1068,"column":8},"end":{"line":1068,"column":29}},"540":{"start":{"line":1069,"column":8},"end":{"line":1069,"column":23}},"541":{"start":{"line":1071,"column":8},"end":{"line":1147,"column":9}},"542":{"start":{"line":1072,"column":29},"end":{"line":1072,"column":43}},"543":{"start":{"line":1073,"column":12},"end":{"line":1073,"column":51}},"544":{"start":{"line":1076,"column":24},"end":{"line":1076,"column":44}},"545":{"start":{"line":1079,"column":12},"end":{"line":1084,"column":15}},"546":{"start":{"line":1080,"column":16},"end":{"line":1083,"column":17}},"547":{"start":{"line":1081,"column":37},"end":{"line":1081,"column":83}},"548":{"start":{"line":1082,"column":20},"end":{"line":1082,"column":48}},"549":{"start":{"line":1087,"column":34},"end":{"line":1105,"column":14}},"550":{"start":{"line":1088,"column":16},"end":{"line":1102,"column":18}},"551":{"start":{"line":1089,"column":20},"end":{"line":1101,"column":21}},"552":{"start":{"line":1091,"column":41},"end":{"line":1097,"column":37}},"553":{"start":{"line":1095,"column":40},"end":{"line":1095,"column":85}},"554":{"start":{"line":1096,"column":40},"end":{"line":1096,"column":73}},"555":{"start":{"line":1098,"column":24},"end":{"line":1098,"column":42}},"556":{"start":{"line":1100,"column":24},"end":{"line":1100,"column":92}},"557":{"start":{"line":1103,"column":16},"end":{"line":1103,"column":71}},"558":{"start":{"line":1103,"column":36},"end":{"line":1103,"column":70}},"559":{"start":{"line":1104,"column":16},"end":{"line":1104,"column":72}},"560":{"start":{"line":1104,"column":36},"end":{"line":1104,"column":71}},"561":{"start":{"line":1108,"column":12},"end":{"line":1108,"column":76}},"562":{"start":{"line":1109,"column":12},"end":{"line":1109,"column":69}},"563":{"start":{"line":1110,"column":12},"end":{"line":1110,"column":31}},"564":{"start":{"line":1113,"column":29},"end":{"line":1113,"column":48}},"565":{"start":{"line":1115,"column":12},"end":{"line":1140,"column":13}},"566":{"start":{"line":1116,"column":16},"end":{"line":1116,"column":39}},"567":{"start":{"line":1119,"column":16},"end":{"line":1119,"column":38}},"568":{"start":{"line":1122,"column":34},"end":{"line":1122,"column":97}},"569":{"start":{"line":1123,"column":16},"end":{"line":1125,"column":17}},"570":{"start":{"line":1124,"column":20},"end":{"line":1124,"column":41}},"571":{"start":{"line":1131,"column":16},"end":{"line":1135,"column":17}},"572":{"start":{"line":1132,"column":20},"end":{"line":1134,"column":29}},"573":{"start":{"line":1133,"column":24},"end":{"line":1133,"column":50}},"574":{"start":{"line":1137,"column":34},"end":{"line":1137,"column":55}},"575":{"start":{"line":1138,"column":16},"end":{"line":1138,"column":80}},"576":{"start":{"line":1139,"column":16},"end":{"line":1139,"column":65}},"577":{"start":{"line":1142,"column":12},"end":{"line":1142,"column":71}},"578":{"start":{"line":1143,"column":12},"end":{"line":1143,"column":93}},"579":{"start":{"line":1145,"column":12},"end":{"line":1145,"column":34}},"580":{"start":{"line":1146,"column":12},"end":{"line":1146,"column":33}},"581":{"start":{"line":1150,"column":31},"end":{"line":1262,"column":5}},"582":{"start":{"line":1151,"column":8},"end":{"line":1154,"column":9}},"583":{"start":{"line":1152,"column":12},"end":{"line":1152,"column":73}},"584":{"start":{"line":1153,"column":12},"end":{"line":1153,"column":19}},"585":{"start":{"line":1157,"column":8},"end":{"line":1181,"column":9}},"586":{"start":{"line":1158,"column":43},"end":{"line":1158,"column":113}},"587":{"start":{"line":1159,"column":12},"end":{"line":1177,"column":13}},"588":{"start":{"line":1160,"column":43},"end":{"line":1160,"column":78}},"589":{"start":{"line":1161,"column":16},"end":{"line":1164,"column":17}},"590":{"start":{"line":1162,"column":20},"end":{"line":1162,"column":164}},"591":{"start":{"line":1163,"column":20},"end":{"line":1163,"column":27}},"592":{"start":{"line":1165,"column":16},"end":{"line":1165,"column":122}},"593":{"start":{"line":1168,"column":43},"end":{"line":1170,"column":17}},"594":{"start":{"line":1169,"column":20},"end":{"line":1169,"column":98}},"595":{"start":{"line":1172,"column":16},"end":{"line":1174,"column":17}},"596":{"start":{"line":1173,"column":20},"end":{"line":1173,"column":149}},"597":{"start":{"line":1176,"column":16},"end":{"line":1176,"column":98}},"598":{"start":{"line":1179,"column":12},"end":{"line":1179,"column":82}},"599":{"start":{"line":1183,"column":8},"end":{"line":1183,"column":31}},"600":{"start":{"line":1184,"column":8},"end":{"line":1184,"column":30}},"601":{"start":{"line":1186,"column":8},"end":{"line":1261,"column":9}},"602":{"start":{"line":1187,"column":12},"end":{"line":1187,"column":105}},"603":{"start":{"line":1190,"column":12},"end":{"line":1205,"column":13}},"604":{"start":{"line":1191,"column":43},"end":{"line":1193,"column":18}},"605":{"start":{"line":1195,"column":16},"end":{"line":1201,"column":17}},"606":{"start":{"line":1196,"column":43},"end":{"line":1196,"column":74}},"607":{"start":{"line":1197,"column":20},"end":{"line":1197,"column":104}},"608":{"start":{"line":1198,"column":20},"end":{"line":1198,"column":54}},"609":{"start":{"line":1200,"column":20},"end":{"line":1200,"column":124}},"610":{"start":{"line":1203,"column":16},"end":{"line":1203,"column":87}},"611":{"start":{"line":1208,"column":29},"end":{"line":1208,"column":31}},"612":{"start":{"line":1211,"column":45},"end":{"line":1224,"column":14}},"613":{"start":{"line":1212,"column":16},"end":{"line":1223,"column":17}},"614":{"start":{"line":1214,"column":38},"end":{"line":1216,"column":37}},"615":{"start":{"line":1215,"column":24},"end":{"line":1215,"column":90}},"616":{"start":{"line":1218,"column":20},"end":{"line":1218,"column":62}},"617":{"start":{"line":1219,"column":20},"end":{"line":1219,"column":44}},"618":{"start":{"line":1220,"column":20},"end":{"line":1220,"column":60}},"619":{"start":{"line":1222,"column":20},"end":{"line":1222,"column":34}},"620":{"start":{"line":1226,"column":12},"end":{"line":1226,"column":52}},"621":{"start":{"line":1229,"column":12},"end":{"line":1240,"column":13}},"622":{"start":{"line":1230,"column":16},"end":{"line":1235,"column":19}},"623":{"start":{"line":1233,"column":24},"end":{"line":1233,"column":104}},"624":{"start":{"line":1233,"column":41},"end":{"line":1233,"column":88}},"625":{"start":{"line":1236,"column":16},"end":{"line":1236,"column":76}},"626":{"start":{"line":1238,"column":16},"end":{"line":1238,"column":95}},"627":{"start":{"line":1243,"column":12},"end":{"line":1249,"column":13}},"628":{"start":{"line":1244,"column":16},"end":{"line":1244,"column":46}},"629":{"start":{"line":1245,"column":16},"end":{"line":1245,"column":76}},"630":{"start":{"line":1247,"column":16},"end":{"line":1247,"column":83}},"631":{"start":{"line":1248,"column":16},"end":{"line":1248,"column":70}},"632":{"start":{"line":1251,"column":12},"end":{"line":1251,"column":88}},"633":{"start":{"line":1254,"column":12},"end":{"line":1254,"column":93}},"634":{"start":{"line":1255,"column":12},"end":{"line":1255,"column":37}},"635":{"start":{"line":1257,"column":12},"end":{"line":1257,"column":84}},"636":{"start":{"line":1258,"column":12},"end":{"line":1258,"column":119}},"637":{"start":{"line":1260,"column":12},"end":{"line":1260,"column":36}},"638":{"start":{"line":1264,"column":4},"end":{"line":1268,"column":59}},"639":{"start":{"line":1266,"column":8},"end":{"line":1266,"column":28}},"640":{"start":{"line":1267,"column":8},"end":{"line":1267,"column":29}},"641":{"start":{"line":1270,"column":4},"end":{"line":1275,"column":24}},"642":{"start":{"line":1272,"column":8},"end":{"line":1274,"column":10}},"643":{"start":{"line":1273,"column":12},"end":{"line":1273,"column":28}},"644":{"start":{"line":1277,"column":4},"end":{"line":1281,"column":41}},"645":{"start":{"line":1278,"column":8},"end":{"line":1280,"column":9}},"646":{"start":{"line":1279,"column":12},"end":{"line":1279,"column":43}},"647":{"start":{"line":1283,"column":4},"end":{"line":1287,"column":76}},"648":{"start":{"line":1284,"column":8},"end":{"line":1286,"column":9}},"649":{"start":{"line":1285,"column":12},"end":{"line":1285,"column":78}},"650":{"start":{"line":1289,"column":4},"end":{"line":1293,"column":69}},"651":{"start":{"line":1290,"column":8},"end":{"line":1292,"column":9}},"652":{"start":{"line":1291,"column":12},"end":{"line":1291,"column":71}},"653":{"start":{"line":1295,"column":4},"end":{"line":1299,"column":67}},"654":{"start":{"line":1296,"column":8},"end":{"line":1298,"column":9}},"655":{"start":{"line":1297,"column":12},"end":{"line":1297,"column":69}},"656":{"start":{"line":1301,"column":4},"end":{"line":1664,"column":6}}},"fnMap":{"0":{"name":"(anonymous_0)","decl":{"start":{"line":37,"column":27},"end":{"line":37,"column":28}},"loc":{"start":{"line":37,"column":53},"end":{"line":56,"column":1}},"line":37},"1":{"name":"(anonymous_1)","decl":{"start":{"line":78,"column":43},"end":{"line":78,"column":44}},"loc":{"start":{"line":78,"column":59},"end":{"line":82,"column":1}},"line":78},"2":{"name":"(anonymous_2)","decl":{"start":{"line":85,"column":23},"end":{"line":85,"column":24}},"loc":{"start":{"line":85,"column":33},"end":{"line":85,"column":55}},"line":85},"3":{"name":"(anonymous_3)","decl":{"start":{"line":86,"column":30},"end":{"line":86,"column":31}},"loc":{"start":{"line":86,"column":59},"end":{"line":110,"column":1}},"line":86},"4":{"name":"(anonymous_4)","decl":{"start":{"line":113,"column":32},"end":{"line":113,"column":33}},"loc":{"start":{"line":113,"column":48},"end":{"line":117,"column":1}},"line":113},"5":{"name":"(anonymous_5)","decl":{"start":{"line":136,"column":52},"end":{"line":136,"column":53}},"loc":{"start":{"line":136,"column":199},"end":{"line":1665,"column":1}},"line":136},"6":{"name":"(anonymous_6)","decl":{"start":{"line":161,"column":33},"end":{"line":161,"column":34}},"loc":{"start":{"line":161,"column":42},"end":{"line":161,"column":58}},"line":161},"7":{"name":"(anonymous_7)","decl":{"start":{"line":169,"column":44},"end":{"line":169,"column":45}},"loc":{"start":{"line":169,"column":56},"end":{"line":241,"column":5}},"line":169},"8":{"name":"(anonymous_8)","decl":{"start":{"line":244,"column":47},"end":{"line":244,"column":48}},"loc":{"start":{"line":244,"column":59},"end":{"line":267,"column":5}},"line":244},"9":{"name":"(anonymous_9)","decl":{"start":{"line":270,"column":46},"end":{"line":270,"column":47}},"loc":{"start":{"line":270,"column":58},"end":{"line":308,"column":5}},"line":270},"10":{"name":"(anonymous_10)","decl":{"start":{"line":311,"column":42},"end":{"line":311,"column":43}},"loc":{"start":{"line":311,"column":54},"end":{"line":320,"column":5}},"line":311},"11":{"name":"(anonymous_11)","decl":{"start":{"line":323,"column":43},"end":{"line":323,"column":44}},"loc":{"start":{"line":323,"column":55},"end":{"line":340,"column":5}},"line":323},"12":{"name":"(anonymous_12)","decl":{"start":{"line":343,"column":41},"end":{"line":343,"column":42}},"loc":{"start":{"line":343,"column":47},"end":{"line":386,"column":5}},"line":343},"13":{"name":"(anonymous_13)","decl":{"start":{"line":355,"column":28},"end":{"line":355,"column":29}},"loc":{"start":{"line":355,"column":34},"end":{"line":383,"column":9}},"line":355},"14":{"name":"(anonymous_14)","decl":{"start":{"line":389,"column":14},"end":{"line":389,"column":15}},"loc":{"start":{"line":389,"column":20},"end":{"line":406,"column":5}},"line":389},"15":{"name":"(anonymous_15)","decl":{"start":{"line":400,"column":15},"end":{"line":400,"column":16}},"loc":{"start":{"line":400,"column":21},"end":{"line":405,"column":9}},"line":400},"16":{"name":"(anonymous_16)","decl":{"start":{"line":408,"column":29},"end":{"line":408,"column":30}},"loc":{"start":{"line":408,"column":41},"end":{"line":542,"column":5}},"line":408},"17":{"name":"(anonymous_17)","decl":{"start":{"line":424,"column":36},"end":{"line":424,"column":37}},"loc":{"start":{"line":424,"column":50},"end":{"line":444,"column":13}},"line":424},"18":{"name":"(anonymous_18)","decl":{"start":{"line":453,"column":36},"end":{"line":453,"column":37}},"loc":{"start":{"line":453,"column":57},"end":{"line":475,"column":13}},"line":453},"19":{"name":"(anonymous_19)","decl":{"start":{"line":454,"column":45},"end":{"line":454,"column":46}},"loc":{"start":{"line":454,"column":51},"end":{"line":456,"column":17}},"line":454},"20":{"name":"(anonymous_20)","decl":{"start":{"line":458,"column":28},"end":{"line":458,"column":29}},"loc":{"start":{"line":458,"column":34},"end":{"line":467,"column":17}},"line":458},"21":{"name":"(anonymous_21)","decl":{"start":{"line":468,"column":29},"end":{"line":468,"column":30}},"loc":{"start":{"line":468,"column":40},"end":{"line":474,"column":17}},"line":468},"22":{"name":"(anonymous_22)","decl":{"start":{"line":478,"column":27},"end":{"line":478,"column":28}},"loc":{"start":{"line":478,"column":38},"end":{"line":509,"column":13}},"line":478},"23":{"name":"(anonymous_23)","decl":{"start":{"line":483,"column":64},"end":{"line":483,"column":65}},"loc":{"start":{"line":483,"column":83},"end":{"line":487,"column":29}},"line":483},"24":{"name":"(anonymous_24)","decl":{"start":{"line":511,"column":25},"end":{"line":511,"column":26}},"loc":{"start":{"line":511,"column":36},"end":{"line":529,"column":13}},"line":511},"25":{"name":"(anonymous_25)","decl":{"start":{"line":518,"column":35},"end":{"line":518,"column":36}},"loc":{"start":{"line":518,"column":41},"end":{"line":520,"column":25}},"line":518},"26":{"name":"(anonymous_26)","decl":{"start":{"line":544,"column":27},"end":{"line":544,"column":28}},"loc":{"start":{"line":544,"column":39},"end":{"line":729,"column":5}},"line":544},"27":{"name":"(anonymous_27)","decl":{"start":{"line":617,"column":54},"end":{"line":617,"column":55}},"loc":{"start":{"line":617,"column":65},"end":{"line":634,"column":21}},"line":617},"28":{"name":"(anonymous_28)","decl":{"start":{"line":642,"column":57},"end":{"line":642,"column":58}},"loc":{"start":{"line":642,"column":68},"end":{"line":657,"column":21}},"line":642},"29":{"name":"(anonymous_29)","decl":{"start":{"line":670,"column":53},"end":{"line":670,"column":54}},"loc":{"start":{"line":670,"column":64},"end":{"line":685,"column":17}},"line":670},"30":{"name":"(anonymous_30)","decl":{"start":{"line":708,"column":55},"end":{"line":708,"column":56}},"loc":{"start":{"line":708,"column":66},"end":{"line":713,"column":13}},"line":708},"31":{"name":"(anonymous_31)","decl":{"start":{"line":711,"column":35},"end":{"line":711,"column":36}},"loc":{"start":{"line":711,"column":45},"end":{"line":711,"column":66}},"line":711},"32":{"name":"(anonymous_32)","decl":{"start":{"line":714,"column":47},"end":{"line":714,"column":48}},"loc":{"start":{"line":714,"column":53},"end":{"line":716,"column":13}},"line":714},"33":{"name":"(anonymous_33)","decl":{"start":{"line":717,"column":46},"end":{"line":717,"column":47}},"loc":{"start":{"line":717,"column":52},"end":{"line":719,"column":13}},"line":717},"34":{"name":"(anonymous_34)","decl":{"start":{"line":731,"column":38},"end":{"line":731,"column":39}},"loc":{"start":{"line":731,"column":50},"end":{"line":844,"column":5}},"line":731},"35":{"name":"(anonymous_35)","decl":{"start":{"line":746,"column":59},"end":{"line":746,"column":60}},"loc":{"start":{"line":746,"column":72},"end":{"line":757,"column":13}},"line":746},"36":{"name":"(anonymous_36)","decl":{"start":{"line":748,"column":54},"end":{"line":748,"column":55}},"loc":{"start":{"line":748,"column":60},"end":{"line":751,"column":21}},"line":748},"37":{"name":"(anonymous_37)","decl":{"start":{"line":767,"column":67},"end":{"line":767,"column":68}},"loc":{"start":{"line":767,"column":76},"end":{"line":767,"column":88}},"line":767},"38":{"name":"(anonymous_38)","decl":{"start":{"line":797,"column":19},"end":{"line":797,"column":20}},"loc":{"start":{"line":797,"column":31},"end":{"line":837,"column":9}},"line":797},"39":{"name":"(anonymous_39)","decl":{"start":{"line":799,"column":27},"end":{"line":799,"column":28}},"loc":{"start":{"line":799,"column":44},"end":{"line":836,"column":13}},"line":799},"40":{"name":"(anonymous_40)","decl":{"start":{"line":812,"column":26},"end":{"line":812,"column":27}},"loc":{"start":{"line":812,"column":52},"end":{"line":822,"column":21}},"line":812},"41":{"name":"(anonymous_41)","decl":{"start":{"line":823,"column":27},"end":{"line":823,"column":28}},"loc":{"start":{"line":823,"column":36},"end":{"line":826,"column":21}},"line":823},"42":{"name":"(anonymous_42)","decl":{"start":{"line":846,"column":25},"end":{"line":846,"column":26}},"loc":{"start":{"line":846,"column":54},"end":{"line":932,"column":5}},"line":846},"43":{"name":"(anonymous_43)","decl":{"start":{"line":934,"column":37},"end":{"line":934,"column":38}},"loc":{"start":{"line":934,"column":66},"end":{"line":1038,"column":5}},"line":934},"44":{"name":"(anonymous_44)","decl":{"start":{"line":950,"column":41},"end":{"line":950,"column":42}},"loc":{"start":{"line":950,"column":47},"end":{"line":952,"column":13}},"line":950},"45":{"name":"(anonymous_45)","decl":{"start":{"line":975,"column":31},"end":{"line":975,"column":32}},"loc":{"start":{"line":975,"column":37},"end":{"line":978,"column":21}},"line":975},"46":{"name":"(anonymous_46)","decl":{"start":{"line":983,"column":27},"end":{"line":983,"column":28}},"loc":{"start":{"line":983,"column":39},"end":{"line":997,"column":17}},"line":983},"47":{"name":"(anonymous_47)","decl":{"start":{"line":1009,"column":27},"end":{"line":1009,"column":28}},"loc":{"start":{"line":1009,"column":33},"end":{"line":1011,"column":17}},"line":1009},"48":{"name":"(anonymous_48)","decl":{"start":{"line":1019,"column":27},"end":{"line":1019,"column":28}},"loc":{"start":{"line":1019,"column":33},"end":{"line":1021,"column":17}},"line":1019},"49":{"name":"(anonymous_49)","decl":{"start":{"line":1025,"column":27},"end":{"line":1025,"column":28}},"loc":{"start":{"line":1025,"column":33},"end":{"line":1027,"column":17}},"line":1025},"50":{"name":"(anonymous_50)","decl":{"start":{"line":1031,"column":23},"end":{"line":1031,"column":24}},"loc":{"start":{"line":1031,"column":29},"end":{"line":1036,"column":13}},"line":1031},"51":{"name":"(anonymous_51)","decl":{"start":{"line":1040,"column":29},"end":{"line":1040,"column":30}},"loc":{"start":{"line":1040,"column":77},"end":{"line":1059,"column":5}},"line":1040},"52":{"name":"(anonymous_52)","decl":{"start":{"line":1061,"column":28},"end":{"line":1061,"column":29}},"loc":{"start":{"line":1061,"column":40},"end":{"line":1148,"column":5}},"line":1061},"53":{"name":"(anonymous_53)","decl":{"start":{"line":1079,"column":52},"end":{"line":1079,"column":53}},"loc":{"start":{"line":1079,"column":63},"end":{"line":1084,"column":13}},"line":1079},"54":{"name":"(anonymous_54)","decl":{"start":{"line":1087,"column":56},"end":{"line":1087,"column":57}},"loc":{"start":{"line":1087,"column":77},"end":{"line":1105,"column":13}},"line":1087},"55":{"name":"(anonymous_55)","decl":{"start":{"line":1088,"column":29},"end":{"line":1088,"column":30}},"loc":{"start":{"line":1088,"column":35},"end":{"line":1102,"column":17}},"line":1088},"56":{"name":"(anonymous_56)","decl":{"start":{"line":1095,"column":34},"end":{"line":1095,"column":35}},"loc":{"start":{"line":1095,"column":40},"end":{"line":1095,"column":85}},"line":1095},"57":{"name":"(anonymous_57)","decl":{"start":{"line":1096,"column":34},"end":{"line":1096,"column":35}},"loc":{"start":{"line":1096,"column":40},"end":{"line":1096,"column":73}},"line":1096},"58":{"name":"(anonymous_58)","decl":{"start":{"line":1103,"column":30},"end":{"line":1103,"column":31}},"loc":{"start":{"line":1103,"column":36},"end":{"line":1103,"column":70}},"line":1103},"59":{"name":"(anonymous_59)","decl":{"start":{"line":1104,"column":30},"end":{"line":1104,"column":31}},"loc":{"start":{"line":1104,"column":36},"end":{"line":1104,"column":71}},"line":1104},"60":{"name":"(anonymous_60)","decl":{"start":{"line":1132,"column":31},"end":{"line":1132,"column":32}},"loc":{"start":{"line":1132,"column":37},"end":{"line":1134,"column":21}},"line":1132},"61":{"name":"(anonymous_61)","decl":{"start":{"line":1150,"column":31},"end":{"line":1150,"column":32}},"loc":{"start":{"line":1150,"column":43},"end":{"line":1262,"column":5}},"line":1150},"62":{"name":"(anonymous_62)","decl":{"start":{"line":1168,"column":69},"end":{"line":1168,"column":70}},"loc":{"start":{"line":1169,"column":20},"end":{"line":1169,"column":98}},"line":1169},"63":{"name":"(anonymous_63)","decl":{"start":{"line":1211,"column":57},"end":{"line":1211,"column":58}},"loc":{"start":{"line":1211,"column":84},"end":{"line":1224,"column":13}},"line":1211},"64":{"name":"(anonymous_64)","decl":{"start":{"line":1214,"column":49},"end":{"line":1214,"column":50}},"loc":{"start":{"line":1214,"column":55},"end":{"line":1216,"column":21}},"line":1214},"65":{"name":"(anonymous_65)","decl":{"start":{"line":1232,"column":32},"end":{"line":1232,"column":33}},"loc":{"start":{"line":1233,"column":24},"end":{"line":1233,"column":104}},"line":1233},"66":{"name":"(anonymous_66)","decl":{"start":{"line":1233,"column":35},"end":{"line":1233,"column":36}},"loc":{"start":{"line":1233,"column":41},"end":{"line":1233,"column":88}},"line":1233},"67":{"name":"(anonymous_67)","decl":{"start":{"line":1264,"column":14},"end":{"line":1264,"column":15}},"loc":{"start":{"line":1264,"column":20},"end":{"line":1268,"column":5}},"line":1264},"68":{"name":"(anonymous_68)","decl":{"start":{"line":1270,"column":14},"end":{"line":1270,"column":15}},"loc":{"start":{"line":1270,"column":20},"end":{"line":1275,"column":5}},"line":1270},"69":{"name":"(anonymous_69)","decl":{"start":{"line":1272,"column":15},"end":{"line":1272,"column":16}},"loc":{"start":{"line":1272,"column":21},"end":{"line":1274,"column":9}},"line":1272},"70":{"name":"(anonymous_70)","decl":{"start":{"line":1277,"column":14},"end":{"line":1277,"column":15}},"loc":{"start":{"line":1277,"column":20},"end":{"line":1281,"column":5}},"line":1277},"71":{"name":"(anonymous_71)","decl":{"start":{"line":1283,"column":14},"end":{"line":1283,"column":15}},"loc":{"start":{"line":1283,"column":20},"end":{"line":1287,"column":5}},"line":1283},"72":{"name":"(anonymous_72)","decl":{"start":{"line":1289,"column":14},"end":{"line":1289,"column":15}},"loc":{"start":{"line":1289,"column":20},"end":{"line":1293,"column":5}},"line":1289},"73":{"name":"(anonymous_73)","decl":{"start":{"line":1295,"column":14},"end":{"line":1295,"column":15}},"loc":{"start":{"line":1295,"column":20},"end":{"line":1299,"column":5}},"line":1295}},"branchMap":{"0":{"loc":{"start":{"line":38,"column":4},"end":{"line":38,"column":41}},"type":"if","locations":[{"start":{"line":38,"column":4},"end":{"line":38,"column":41}},{"start":{},"end":{}}],"line":38},"1":{"loc":{"start":{"line":92,"column":15},"end":{"line":94,"column":78}},"type":"cond-expr","locations":[{"start":{"line":93,"column":10},"end":{"line":93,"column":77}},{"start":{"line":94,"column":10},"end":{"line":94,"column":78}}],"line":92},"2":{"loc":{"start":{"line":95,"column":16},"end":{"line":97,"column":61}},"type":"cond-expr","locations":[{"start":{"line":96,"column":10},"end":{"line":96,"column":61}},{"start":{"line":97,"column":10},"end":{"line":97,"column":61}}],"line":95},"3":{"loc":{"start":{"line":101,"column":19},"end":{"line":103,"column":83}},"type":"cond-expr","locations":[{"start":{"line":102,"column":14},"end":{"line":102,"column":81}},{"start":{"line":103,"column":14},"end":{"line":103,"column":83}}],"line":101},"4":{"loc":{"start":{"line":170,"column":8},"end":{"line":170,"column":41}},"type":"if","locations":[{"start":{"line":170,"column":8},"end":{"line":170,"column":41}},{"start":{},"end":{}}],"line":170},"5":{"loc":{"start":{"line":170,"column":12},"end":{"line":170,"column":32}},"type":"binary-expr","locations":[{"start":{"line":170,"column":12},"end":{"line":170,"column":22}},{"start":{"line":170,"column":26},"end":{"line":170,"column":32}}],"line":170},"6":{"loc":{"start":{"line":176,"column":12},"end":{"line":235,"column":13}},"type":"if","locations":[{"start":{"line":176,"column":12},"end":{"line":235,"column":13}},{"start":{"line":233,"column":19},"end":{"line":235,"column":13}}],"line":176},"7":{"loc":{"start":{"line":181,"column":16},"end":{"line":232,"column":17}},"type":"if","locations":[{"start":{"line":181,"column":16},"end":{"line":232,"column":17}},{"start":{"line":230,"column":23},"end":{"line":232,"column":17}}],"line":181},"8":{"loc":{"start":{"line":181,"column":20},"end":{"line":181,"column":43}},"type":"binary-expr","locations":[{"start":{"line":181,"column":20},"end":{"line":181,"column":24}},{"start":{"line":181,"column":28},"end":{"line":181,"column":43}}],"line":181},"9":{"loc":{"start":{"line":188,"column":24},"end":{"line":190,"column":25}},"type":"if","locations":[{"start":{"line":188,"column":24},"end":{"line":190,"column":25}},{"start":{},"end":{}}],"line":188},"10":{"loc":{"start":{"line":196,"column":24},"end":{"line":202,"column":25}},"type":"if","locations":[{"start":{"line":196,"column":24},"end":{"line":202,"column":25}},{"start":{"line":199,"column":31},"end":{"line":202,"column":25}}],"line":196},"11":{"loc":{"start":{"line":208,"column":24},"end":{"line":228,"column":25}},"type":"if","locations":[{"start":{"line":208,"column":24},"end":{"line":228,"column":25}},{"start":{"line":224,"column":31},"end":{"line":228,"column":25}}],"line":208},"12":{"loc":{"start":{"line":208,"column":28},"end":{"line":208,"column":113}},"type":"binary-expr","locations":[{"start":{"line":208,"column":28},"end":{"line":208,"column":66}},{"start":{"line":208,"column":70},"end":{"line":208,"column":113}}],"line":208},"13":{"loc":{"start":{"line":213,"column":32},"end":{"line":219,"column":33}},"type":"if","locations":[{"start":{"line":213,"column":32},"end":{"line":219,"column":33}},{"start":{"line":216,"column":39},"end":{"line":219,"column":33}}],"line":213},"14":{"loc":{"start":{"line":245,"column":8},"end":{"line":245,"column":41}},"type":"if","locations":[{"start":{"line":245,"column":8},"end":{"line":245,"column":41}},{"start":{},"end":{}}],"line":245},"15":{"loc":{"start":{"line":245,"column":12},"end":{"line":245,"column":32}},"type":"binary-expr","locations":[{"start":{"line":245,"column":12},"end":{"line":245,"column":22}},{"start":{"line":245,"column":26},"end":{"line":245,"column":32}}],"line":245},"16":{"loc":{"start":{"line":250,"column":12},"end":{"line":263,"column":13}},"type":"if","locations":[{"start":{"line":250,"column":12},"end":{"line":263,"column":13}},{"start":{"line":261,"column":19},"end":{"line":263,"column":13}}],"line":250},"17":{"loc":{"start":{"line":252,"column":16},"end":{"line":260,"column":17}},"type":"if","locations":[{"start":{"line":252,"column":16},"end":{"line":260,"column":17}},{"start":{"line":258,"column":23},"end":{"line":260,"column":17}}],"line":252},"18":{"loc":{"start":{"line":252,"column":20},"end":{"line":252,"column":43}},"type":"binary-expr","locations":[{"start":{"line":252,"column":20},"end":{"line":252,"column":24}},{"start":{"line":252,"column":28},"end":{"line":252,"column":43}}],"line":252},"19":{"loc":{"start":{"line":271,"column":8},"end":{"line":271,"column":41}},"type":"if","locations":[{"start":{"line":271,"column":8},"end":{"line":271,"column":41}},{"start":{},"end":{}}],"line":271},"20":{"loc":{"start":{"line":271,"column":12},"end":{"line":271,"column":32}},"type":"binary-expr","locations":[{"start":{"line":271,"column":12},"end":{"line":271,"column":22}},{"start":{"line":271,"column":26},"end":{"line":271,"column":32}}],"line":271},"21":{"loc":{"start":{"line":276,"column":12},"end":{"line":304,"column":13}},"type":"if","locations":[{"start":{"line":276,"column":12},"end":{"line":304,"column":13}},{"start":{"line":302,"column":19},"end":{"line":304,"column":13}}],"line":276},"22":{"loc":{"start":{"line":278,"column":16},"end":{"line":301,"column":17}},"type":"if","locations":[{"start":{"line":278,"column":16},"end":{"line":301,"column":17}},{"start":{"line":299,"column":23},"end":{"line":301,"column":17}}],"line":278},"23":{"loc":{"start":{"line":278,"column":20},"end":{"line":278,"column":43}},"type":"binary-expr","locations":[{"start":{"line":278,"column":20},"end":{"line":278,"column":24}},{"start":{"line":278,"column":28},"end":{"line":278,"column":43}}],"line":278},"24":{"loc":{"start":{"line":284,"column":24},"end":{"line":286,"column":25}},"type":"if","locations":[{"start":{"line":284,"column":24},"end":{"line":286,"column":25}},{"start":{},"end":{}}],"line":284},"25":{"loc":{"start":{"line":290,"column":24},"end":{"line":295,"column":25}},"type":"if","locations":[{"start":{"line":290,"column":24},"end":{"line":295,"column":25}},{"start":{"line":293,"column":31},"end":{"line":295,"column":25}}],"line":290},"26":{"loc":{"start":{"line":312,"column":8},"end":{"line":312,"column":41}},"type":"if","locations":[{"start":{"line":312,"column":8},"end":{"line":312,"column":41}},{"start":{},"end":{}}],"line":312},"27":{"loc":{"start":{"line":312,"column":12},"end":{"line":312,"column":32}},"type":"binary-expr","locations":[{"start":{"line":312,"column":12},"end":{"line":312,"column":22}},{"start":{"line":312,"column":26},"end":{"line":312,"column":32}}],"line":312},"28":{"loc":{"start":{"line":324,"column":8},"end":{"line":324,"column":41}},"type":"if","locations":[{"start":{"line":324,"column":8},"end":{"line":324,"column":41}},{"start":{},"end":{}}],"line":324},"29":{"loc":{"start":{"line":324,"column":12},"end":{"line":324,"column":32}},"type":"binary-expr","locations":[{"start":{"line":324,"column":12},"end":{"line":324,"column":22}},{"start":{"line":324,"column":26},"end":{"line":324,"column":32}}],"line":324},"30":{"loc":{"start":{"line":329,"column":12},"end":{"line":336,"column":13}},"type":"if","locations":[{"start":{"line":329,"column":12},"end":{"line":336,"column":13}},{"start":{"line":334,"column":19},"end":{"line":336,"column":13}}],"line":329},"31":{"loc":{"start":{"line":331,"column":32},"end":{"line":331,"column":54}},"type":"binary-expr","locations":[{"start":{"line":331,"column":32},"end":{"line":331,"column":45}},{"start":{"line":331,"column":49},"end":{"line":331,"column":54}}],"line":331},"32":{"loc":{"start":{"line":344,"column":8},"end":{"line":347,"column":9}},"type":"if","locations":[{"start":{"line":344,"column":8},"end":{"line":347,"column":9}},{"start":{},"end":{}}],"line":344},"33":{"loc":{"start":{"line":344,"column":12},"end":{"line":344,"column":48}},"type":"binary-expr","locations":[{"start":{"line":344,"column":12},"end":{"line":344,"column":32}},{"start":{"line":344,"column":36},"end":{"line":344,"column":48}}],"line":344},"34":{"loc":{"start":{"line":356,"column":12},"end":{"line":360,"column":13}},"type":"if","locations":[{"start":{"line":356
[...]
,{"start":{},"end":{}}],"line":103},"17":{"loc":{"start":{"line":111,"column":11},"end":{"line":111,"column":34}},"type":"binary-expr","locations":[{"start":{"line":111,"column":11},"end":{"line":111,"column":20}},{"start":{"line":111,"column":24},"end":{"line":111,"column":34}}],"line":111},"18":{"loc":{"start":{"line":114,"column":2},"end":{"line":116,"column":3}},"type":"if","locations":[{"start":{"line":114,"column":2},"end":{"line":116,"column":3}},{"start":{},"end":{}}],"line":114},"19":{"loc":{"start":{"line":114,"column":6},"end":{"line":114,"column":55}},"type":"binary-expr","locations":[{"start":{"line":114,"column":6},"end":{"line":114,"column":36}},{"start":{"line":114,"column":40},"end":{"line":114,"column":55}}],"line":114},"20":{"loc":{"start":{"line":125,"column":4},"end":{"line":129,"column":5}},"type":"if","locations":[{"start":{"line":125,"column":4},"end":{"line":129,"column":5}},{"start":{"line":127,"column":11},"end":{"line":129,"column":5}}],"line":125},"21":{"loc":{"start":{"line":143,"column":4},"end":{"line":145,"column":5}},"type":"if","locations":[{"start":{"line":143,"column":4},"end":{"line":145,"column":5}},{"start":{},"end":{}}],"line":143},"22":{"loc":{"start":{"line":153,"column":4},"end":{"line":155,"column":5}},"type":"if","locations":[{"start":{"line":153,"column":4},"end":{"line":155,"column":5}},{"start":{},"end":{}}],"line":153},"23":{"loc":{"start":{"line":173,"column":0},"end":{"line":175,"column":1}},"type":"if","locations":[{"start":{"line":173,"column":0},"end":{"line":175,"column":1}},{"start":{},"end":{}}],"line":173},"24":{"loc":{"start":{"line":185,"column":4},"end":{"line":187,"column":5}},"type":"if","locations":[{"start":{"line":185,"column":4},"end":{"line":187,"column":5}},{"start":{},"end":{}}],"line":185},"25":{"loc":{"start":{"line":189,"column":4},"end":{"line":191,"column":5}},"type":"if","locations":[{"start":{"line":189,"column":4},"end":{"line":191,"column":5}},{"start":{},"end":{}}],"line":189},"26":{"loc":{"start":{"line":211,"column":4},"end":{"line":235,"column":5}},"type":"if","locations":[{"start":{"line":211,"column":4},"end":{"line":235,"column":5}},{"start":{},"end":{}}],"line":211},"27":{"loc":{"start":{"line":215,"column":6},"end":{"line":234,"column":7}},"type":"if","locations":[{"start":{"line":215,"column":6},"end":{"line":234,"column":7}},{"start":{},"end":{}}],"line":215},"28":{"loc":{"start":{"line":216,"column":8},"end":{"line":219,"column":52}},"type":"binary-expr","locations":[{"start":{"line":216,"column":8},"end":{"line":216,"column":56}},{"start":{"line":217,"column":8},"end":{"line":217,"column":43}},{"start":{"line":218,"column":8},"end":{"line":218,"column":39}},{"start":{"line":219,"column":8},"end":{"line":219,"column":52}}],"line":216},"29":{"loc":{"start":{"line":243,"column":2},"end":{"line":243,"column":26}},"type":"if","locations":[{"start":{"line":243,"column":2},"end":{"line":243,"column":26}},{"start":{},"end":{}}],"line":243},"30":{"loc":{"start":{"line":259,"column":2},"end":{"line":273,"column":3}},"type":"if","locations":[{"start":{"line":259,"column":2},"end":{"line":273,"column":3}},{"start":{},"end":{}}],"line":259},"31":{"loc":{"start":{"line":277,"column":49},"end":{"line":277,"column":74}},"type":"default-arg","locations":[{"start":{"line":277,"column":72},"end":{"line":277,"column":74}}],"line":277},"32":{"loc":{"start":{"line":282,"column":2},"end":{"line":287,"column":3}},"type":"if","locations":[{"start":{"line":282,"column":2},"end":{"line":287,"column":3}},{"start":{},"end":{}}],"line":282},"33":{"loc":{"start":{"line":294,"column":8},"end":{"line":294,"column":53}},"type":"binary-expr","locations":[{"start":{"line":294,"column":8},"end":{"line":294,"column":13}},{"start":{"line":294,"column":17},"end":{"line":294,"column":53}}],"line":294}},"s":{"0":0,"1":0,"2":0,"3":0,"4":0,"5":0,"6":0,"7":0,"8":0,"9":0,"10":0,"11":0,"12":0,"13":0,"14":0,"15":0,"16":0,"17":0,"18":0,"19":0,"20":0,"21":0,"22":0,"23":0,"24":0,"25":0,"26":0,"27":0,"28":0,"29":0,"30":0,"31":0,"32":0,"33":0,"34":0,"35":0,"36":0,"37":0,"38":0,"39":0,"40":0,"41":0,"42":0,"43":0,"44":0,"45":0,"46":0,"47":0,"48":0,"49":0,"50":0,"51":0,"52":0,"53":0,"54":0,"55":0,"56":0,"57":0,"58":0,"59":0,"60":0,"61":0,"62":0,"63":0,"64":0,"65":0,"66":0,"67":0,"68":0,"69":0,"70":0,"71":0,"72":0,"73":0,"74":0,"75":0,"76":0,"77":0,"78":0,"79":0,"80":0,"81":0,"82":0,"83":0,"84":0,"85":0,"86":0,"87":0,"88":0,"89":0,"90":0,"91":0,"92":0,"93":0,"94":0,"95":0,"96":0,"97":0,"98":0,"99":0,"100":0,"101":0,"102":0,"103":0,"104":0,"105":0,"106":0,"107":0,"108":0,"109":0,"110":0,"111":0,"112":0,"113":0,"114":0,"115":0,"116":0,"117":0,"118":0,"119":0,"120":0,"121":0,"122":0,"123":0,"124":0,"125":0,"126":0,"127":0,"128":0,"129":0},"f":{"0":0,"1":0,"2":0,"3":0,"4":0,"5":0,"6":0,"7":0,"8":0,"9":0,"10":0,"11":0,"12":0,"13":0,"14":0,"15":0,"16":0},"b":{"0":[0,0],"1":[0,0],"2":[0,0],"3":[0,0],"4":[0,0],"5":[0,0],"6":[0,0],"7":[0,0],"8":[0,0],"9":[0,0],"10":[0,0],"11":[0,0],"12":[0,0],"13":[0,0],"14":[0,0],"15":[0,0],"16":[0,0],"17":[0,0],"18":[0,0],"19":[0,0],"20":[0,0],"21":[0,0],"22":[0,0],"23":[0,0],"24":[0,0],"25":[0,0],"26":[0,0],"27":[0,0],"28":[0,0,0,0],"29":[0,0],"30":[0,0],"31":[0],"32":[0,0],"33":[0,0]}}
,"/Users/dzagr/Documents/AI_stocks/stocks-agent/frontend/src/utils/speakerColors.ts": {"path":"/Users/dzagr/Documents/AI_stocks/stocks-agent/frontend/src/utils/speakerColors.ts","statementMap":{"0":{"start":{"line":11,"column":31},"end":{"line":135,"column":1}},"1":{"start":{"line":12,"column":62},"end":{"line":63,"column":3}},"2":{"start":{"line":65,"column":61},"end":{"line":116,"column":3}},"3":{"start":{"line":119,"column":48},"end":{"line":123,"column":3}},"4":{"start":{"line":125,"column":47},"end":{"line":129,"column":3}},"5":{"start":{"line":131,"column":24},"end":{"line":131,"column":69}},"6":{"start":{"line":132,"column":23},"end":{"line":132,"column":72}},"7":{"start":{"line":134,"column":2},"end":{"line":134,"column":48}},"8":{"start":{"line":140,"column":35},"end":{"line":147,"column":1}},"9":{"start":{"line":141,"column":53},"end":{"line":141,"column":55}},"10":{"start":{"line":142,"column":2},"end":{"line":145,"column":3}},"11":{"start":{"line":142,"column":15},"end":{"line":142,"column":16}},"12":{"start":{"line":143,"column":20},"end":{"line":143,"column":34}},"13":{"start":{"line":144,"column":4},"end":{"line":144,"column":59}},"14":{"start":{"line":146,"column":2},"end":{"line":146,"column":16}}},"fnMap":{"0":{"name":"(anonymous_0)","decl":{"start":{"line":11,"column":31},"end":{"line":11,"column":32}},"loc":{"start":{"line":11,"column":101},"end":{"line":135,"column":1}},"line":11},"1":{"name":"(anonymous_1)","decl":{"start":{"line":140,"column":35},"end":{"line":140,"column":36}},"loc":{"start":{"line":140,"column":104},"end":{"line":147,"column":1}},"line":140}},"branchMap":{"0":{"loc":{"start":{"line":11,"column":49},"end":{"line":11,"column":76}},"type":"default-arg","locations":[{"start":{"line":11,"column":71},"end":{"line":11,"column":76}}],"line":11},"1":{"loc":{"start":{"line":131,"column":24},"end":{"line":131,"column":69}},"type":"cond-expr","locations":[{"start":{"line":131,"column":37},"end":{"line":131,"column":51}},{"start":{"line":131,"column":54},"end":{"line":131,"column":69}}],"line":131},"2":{"loc":{"start":{"line":132,"column":23},"end":{"line":132,"column":72}},"type":"cond-expr","locations":[{"start":{"line":132,"column":36},"end":{"line":132,"column":52}},{"start":{"line":132,"column":55},"end":{"line":132,"column":72}}],"line":132},"3":{"loc":{"start":{"line":134,"column":9},"end":{"line":134,"column":47}},"type":"binary-expr","locations":[{"start":{"line":134,"column":9},"end":{"line":134,"column":31}},{"start":{"line":134,"column":35},"end":{"line":134,"column":47}}],"line":134},"4":{"loc":{"start":{"line":140,"column":36},"end":{"line":140,"column":63}},"type":"default-arg","locations":[{"start":{"line":140,"column":58},"end":{"line":140,"column":63}}],"line":140}},"s":{"0":0,"1":0,"2":0,"3":0,"4":0,"5":0,"6":0,"7":0,"8":0,"9":0,"10":0,"11":0,"12":0,"13":0,"14":0},"f":{"0":0,"1":0},"b":{"0":[0],"1":[0,0],"2":[0,0],"3":[0,0],"4":[0]}}
,"/Users/dzagr/Documents/AI_stocks/stocks-agent/frontend/src/utils/test-utils.tsx": {"path":"/Users/dzagr/Documents/AI_stocks/stocks-agent/frontend/src/utils/test-utils.tsx","statementMap":{"0":{"start":{"line":14,"column":31},"end":{"line":23,"column":1}},"1":{"start":{"line":15,"column":2},"end":{"line":22,"column":5}},"2":{"start":{"line":32,"column":56},"end":{"line":50,"column":1}},"3":{"start":{"line":37,"column":16},"end":{"line":37,"column":45}},"4":{"start":{"line":38,"column":19},"end":{"line":38,"column":40}},"5":{"start":{"line":40,"column":2},"end":{"line":49,"column":4}},"6":{"start":{"line":53,"column":21},"end":{"line":72,"column":1}},"7":{"start":{"line":60,"column":52},"end":{"line":60,"column":65}},"8":{"start":{"line":62,"column":2},"end":{"line":71,"column":5}},"9":{"start":{"line":64,"column":6},"end":{"line":68,"column":8}},"10":{"start":{"line":79,"column":30},"end":{"line":84,"column":2}},"11":{"start":{"line":79,"column":51},"end":{"line":84,"column":1}},"12":{"start":{"line":86,"column":35},"end":{"line":93,"column":2}},"13":{"start":{"line":86,"column":56},"end":{"line":93,"column":1}},"14":{"start":{"line":95,"column":33},"end":{"line":104,"column":2}},"15":{"start":{"line":95,"column":54},"end":{"line":104,"column":1}},"16":{"start":{"line":106,"column":29},"end":{"line":111,"column":2}},"17":{"start":{"line":106,"column":50},"end":{"line":111,"column":1}},"18":{"start":{"line":114,"column":25},"end":{"line":120,"column":1}},"19":{"start":{"line":115,"column":21},"end":{"line":115,"column":50}},"20":{"start":{"line":116,"column":22},"end":{"line":116,"column":51}},"21":{"start":{"line":117,"column":21},"end":{"line":117,"column":50}},"22":{"start":{"line":118,"column":24},"end":{"line":118,"column":53}},"23":{"start":{"line":119,"column":23},"end":{"line":119,"column":52}},"24":{"start":{"line":123,"column":32},"end":{"line":142,"column":1}},"25":{"start":{"line":124,"column":27},"end":{"line":135,"column":3}},"26":{"start":{"line":125,"column":38},"end":{"line":125,"column":55}},"27":{"start":{"line":127,"column":6},"end":{"line":127,"column":24}},"28":{"start":{"line":130,"column":6},"end":{"line":130,"column":23}},"29":{"start":{"line":133,"column":6},"end":{"line":133,"column":57}},"30":{"start":{"line":133,"column":39},"end":{"line":133,"column":55}},"31":{"start":{"line":137,"column":2},"end":{"line":139,"column":5}},"32":{"start":{"line":141,"column":2},"end":{"line":141,"column":26}},"33":{"start":{"line":145,"column":28},"end":{"line":145,"column":80}},"34":{"start":{"line":145,"column":34},"end":{"line":145,"column":80}},"35":{"start":{"line":145,"column":57},"end":{"line":145,"column":79}},"36":{"start":{"line":148,"column":26},"end":{"line":157,"column":1}},"37":{"start":{"line":149,"column":2},"end":{"line":151,"column":5}},"38":{"start":{"line":150,"column":4},"end":{"line":150,"column":25}},"39":{"start":{"line":153,"column":2},"end":{"line":156,"column":5}},"40":{"start":{"line":154,"column":4},"end":{"line":154,"column":32}},"41":{"start":{"line":155,"column":4},"end":{"line":155,"column":25}},"42":{"start":{"line":160,"column":25},"end":{"line":169,"column":1}},"43":{"start":{"line":161,"column":2},"end":{"line":168,"column":17}},"44":{"start":{"line":162,"column":4},"end":{"line":167,"column":6}},"45":{"start":{"line":165,"column":18},"end":{"line":165,"column":47}},"46":{"start":{"line":166,"column":18},"end":{"line":166,"column":63}},"47":{"start":{"line":172,"column":31},"end":{"line":175,"column":1}},"48":{"start":{"line":173,"column":20},"end":{"line":173,"column":73}},"49":{"start":{"line":174,"column":2},"end":{"line":174,"column":19}},"50":{"start":{"line":178,"column":23},"end":{"line":198,"column":10}}},"fnMap":{"0":{"name":"(anonymous_0)","decl":{"start":{"line":14,"column":31},"end":{"line":14,"column":32}},"loc":{"start":{"line":14,"column":57},"end":{"line":23,"column":1}},"line":14},"1":{"name":"(anonymous_1)","decl":{"start":{"line":32,"column":56},"end":{"line":32,"column":57}},"loc":{"start":{"line":36,"column":6},"end":{"line":50,"column":1}},"line":36},"2":{"name":"(anonymous_2)","decl":{"start":{"line":53,"column":21},"end":{"line":53,"column":22}},"loc":{"start":{"line":59,"column":5},"end":{"line":72,"column":1}},"line":59},"3":{"name":"(anonymous_3)","decl":{"start":{"line":63,"column":13},"end":{"line":63,"column":14}},"loc":{"start":{"line":64,"column":6},"end":{"line":68,"column":8}},"line":64},"4":{"name":"(anonymous_4)","decl":{"start":{"line":79,"column":30},"end":{"line":79,"column":31}},"loc":{"start":{"line":79,"column":51},"end":{"line":84,"column":1}},"line":79},"5":{"name":"(anonymous_5)","decl":{"start":{"line":86,"column":35},"end":{"line":86,"column":36}},"loc":{"start":{"line":86,"column":56},"end":{"line":93,"column":1}},"line":86},"6":{"name":"(anonymous_6)","decl":{"start":{"line":95,"column":33},"end":{"line":95,"column":34}},"loc":{"start":{"line":95,"column":54},"end":{"line":104,"column":1}},"line":95},"7":{"name":"(anonymous_7)","decl":{"start":{"line":106,"column":29},"end":{"line":106,"column":30}},"loc":{"start":{"line":106,"column":50},"end":{"line":111,"column":1}},"line":106},"8":{"name":"(anonymous_8)","decl":{"start":{"line":115,"column":15},"end":{"line":115,"column":16}},"loc":{"start":{"line":115,"column":21},"end":{"line":115,"column":50}},"line":115},"9":{"name":"(anonymous_9)","decl":{"start":{"line":116,"column":16},"end":{"line":116,"column":17}},"loc":{"start":{"line":116,"column":22},"end":{"line":116,"column":51}},"line":116},"10":{"name":"(anonymous_10)","decl":{"start":{"line":117,"column":15},"end":{"line":117,"column":16}},"loc":{"start":{"line":117,"column":21},"end":{"line":117,"column":50}},"line":117},"11":{"name":"(anonymous_11)","decl":{"start":{"line":118,"column":18},"end":{"line":118,"column":19}},"loc":{"start":{"line":118,"column":24},"end":{"line":118,"column":53}},"line":118},"12":{"name":"(anonymous_12)","decl":{"start":{"line":119,"column":17},"end":{"line":119,"column":18}},"loc":{"start":{"line":119,"column":23},"end":{"line":119,"column":52}},"line":119},"13":{"name":"(anonymous_13)","decl":{"start":{"line":123,"column":32},"end":{"line":123,"column":33}},"loc":{"start":{"line":123,"column":71},"end":{"line":142,"column":1}},"line":123},"14":{"name":"(anonymous_14)","decl":{"start":{"line":125,"column":21},"end":{"line":125,"column":22}},"loc":{"start":{"line":125,"column":38},"end":{"line":125,"column":55}},"line":125},"15":{"name":"(anonymous_15)","decl":{"start":{"line":126,"column":21},"end":{"line":126,"column":22}},"loc":{"start":{"line":126,"column":53},"end":{"line":128,"column":5}},"line":126},"16":{"name":"(anonymous_16)","decl":{"start":{"line":129,"column":24},"end":{"line":129,"column":25}},"loc":{"start":{"line":129,"column":41},"end":{"line":131,"column":5}},"line":129},"17":{"name":"(anonymous_17)","decl":{"start":{"line":132,"column":19},"end":{"line":132,"column":20}},"loc":{"start":{"line":132,"column":25},"end":{"line":134,"column":5}},"line":132},"18":{"name":"(anonymous_18)","decl":{"start":{"line":133,"column":32},"end":{"line":133,"column":33}},"loc":{"start":{"line":133,"column":39},"end":{"line":133,"column":55}},"line":133},"19":{"name":"(anonymous_19)","decl":{"start":{"line":145,"column":28},"end":{"line":145,"column":29}},"loc":{"start":{"line":145,"column":34},"end":{"line":145,"column":80}},"line":145},"20":{"name":"(anonymous_20)","decl":{"start":{"line":145,"column":46},"end":{"line":145,"column":47}},"loc":{"start":{"line":145,"column":57},"end":{"line":145,"column":79}},"line":145},"21":{"name":"(anonymous_21)","decl":{"start":{"line":148,"column":26},"end":{"line":148,"column":27}},"loc":{"start":{"line":148,"column":32},"end":{"line":157,"column":1}},"line":148},"22":{"name":"(anonymous_22)","decl":{"start":{"line":149,"column":13},"end":{"line":149,"column":14}},"loc":{"start":{"line":149,"column":19},"end":{"line":151,"column":3}},"line":149},"23":{"name":"(anonymous_23)","decl":{"start":{"line":153,"column":12},"end":{"line":153,"column":13}},"loc":{"start":{"line":153,"column":18},"end":{"line":156,"column":3}},"line":153},"24":{"name":"(anonymous_24)","decl":{"start":{"line":160,"column":25},"end":{"line":160,"column":26}},"loc":{"start":{"line":160,"column":62},"end":{"line":169,"column":1}},"line":160},"25":{"name":"(anonymous_25)","decl":{"start":{"line":161,"column":25},"end":{"line":161,"column":26}},"loc":{"start":{"line":162,"column":4},"end":{"line":167,"column":6}},"line":162},"26":{"name":"(anonymous_26)","decl":{"start":{"line":165,"column":12},"end":{"line":165,"column":13}},"loc":{"start":{"line":165,"column":18},"end":{"line":165,"column":47}},"line":165},"27":{"name":"(anonymous_27)","decl":{"start":{"line":166,"column":12},"end":{"line":166,"column":13}},"loc":{"start":{"line":166,"column":18},"end":{"line":166,"column":63}},"line":166},"28":{"name":"(anonymous_28)","decl":{"start":{"line":172,"column":31},"end":{"line":172,"column":32}},"loc":{"start":{"line":172,"column":43},"end":{"line":175,"column":1}},"line":172}},"branchMap":{"0":{"loc":{"start":{"line":35,"column":2},"end":{"line":35,"column":17}},"type":"default-arg","locations":[{"start":{"line":35,"column":10},"end":{"line":35,"column":17}}],"line":35},"1":{"loc":{"start":{"line":60,"column":52},"end":{"line":60,"column":65}},"type":"binary-expr","locations":[{"start":{"line":60,"column":52},"end":{"line":60,"column":59}},{"start":{"line":60,"column":63},"end":{"line":60,"column":65}}],"line":60},"2":{"loc":{"start":{"line":79,"column":31},"end":{"line":79,"column":45}},"type":"default-arg","locations":[{"start":{"line":79,"column":43},"end":{"line":79,"column":45}}],"line":79},"3":{"loc":{"start":{"line":86,"column":36},"end":{"line":86,"column":50}},"type":"default-arg","locations":[{"start":{"line":86,"column":48},"end":{"line":86,"column":50}}],"line":86},"4":{"loc":{"start":{"line":95,"column":34},"end":{"line":95,"column":48}},"type":"default-arg","locations":[{"start":{"line":95,"column":46},"end":{"line":95,"column":48}}],"line":95},"5":{"loc":{"start":{"line":106,"column":30},"end":{"line":106,"column":44}},"type":"default-arg","locations":[{"start":{"line":106,"column":42},"end":{"line":106,"column":44}}],"line":106},"6":{"loc":{"start":{"line":123,"column":33},"end":{"line":123,"column":66}},"type":"default-arg","locations":[{"start":{"line":123,"column":64},"end":{"line":123,"column":66}}],"line":123},"7":{"loc":{"start":{"line":125,"column":38},"end":{"line":125,"column":55}},"type":"binary-expr","locations":[{"start":{"line":125,"column":38},"end":{"line":125,"column":47}},{"start":{"line":125,"column":51},"end":{"line":125,"column":55}}],"line":125},"8":{"loc":{"start":{"line":160,"column":45},"end":{"line":160,"column":57}},"type":"default-arg","locations":[{"start":{"line":160,"column":54},"end":{"line":160,"column":57}}],"line":160},"9":{"loc":{"start":{"line":163,"column":10},"end":{"line":163,"column":39}},"type":"binary-expr","locations":[{"start":{"line":163,"column":10},"end":{"line":163,"column":23}},{"start":{"line":163,"column":27},"end":{"line":163,"column":39}}],"line":163}},"s":{"0":0,"1":0,"2":0,"3":0,"4":0,"5":0,"6":0,"7":0,"8":0,"9":0,"10":0,"11":0,"12":0,"13":0,"14":0,"15":0,"16":0,"17":0,"18":0,"19":0,"20":0,"21":0,"22":0,"23":0,"24":0,"25":0,"26":0,"27":0,"28":0,"29":0,"30":0,"31":0,"32":0,"33":0,"34":0,"35":0,"36":0,"37":0,"38":0,"39":0,"40":0,"41":0,"42":0,"43":0,"44":0,"45":0,"46":0,"47":0,"48":0,"49":0,"50":0},"f":{"0":0,"1":0,"2":0,"3":0,"4":0,"5":0,"6":0,"7":0,"8":0,"9":0,"10":0,"11":0,"12":0,"13":0,"14":0,"15":0,"16":0,"17":0,"18":0,"19":0,"20":0,"21":0,"22":0,"23":0,"24":0,"25":0,"26":0,"27":0,"28":0},"b":{"0":[0],"1":[0,0],"2":[0],"3":[0],"4":[0],"5":[0],"6":[0],"7":[0,0],"8":[0],"9":[0,0]}}
}
