TN:
SF:src/App.tsx
FN:22,(anonymous_0)
FN:23,(anonymous_1)
FN:24,(anonymous_2)
FN:31,(anonymous_3)
FN:33,(anonymous_4)
FN:39,(anonymous_5)
FN:44,(anonymous_6)
FN:49,(anonymous_7)
FN:53,(anonymous_8)
FN:58,(anonymous_9)
FNF:10
FNH:0
FNDA:0,(anonymous_0)
FNDA:0,(anonymous_1)
FNDA:0,(anonymous_2)
FNDA:0,(anonymous_3)
FNDA:0,(anonymous_4)
FNDA:0,(anonymous_5)
FNDA:0,(anonymous_6)
FNDA:0,(anonymous_7)
FNDA:0,(anonymous_8)
FNDA:0,(anonymous_9)
DA:22,0
DA:23,0
DA:24,0
DA:25,0
DA:26,0
DA:29,0
DA:31,0
DA:33,0
DA:34,0
DA:37,0
DA:39,0
DA:40,0
DA:44,0
DA:46,0
DA:49,0
DA:50,0
DA:53,0
DA:54,0
DA:58,0
DA:59,0
DA:62,0
LF:21
LH:0
BRDA:67,0,0,0
BRDA:67,0,1,0
BRDA:74,1,0,0
BRDA:74,1,1,0
BRDA:80,2,0,0
BRDA:80,2,1,0
BRDA:84,3,0,0
BRDA:84,3,1,0
BRDA:88,4,0,0
BRDA:88,4,1,0
BRDA:92,5,0,0
BRDA:92,5,1,0
BRDA:96,6,0,0
BRDA:96,6,1,0
BRDA:100,7,0,0
BRDA:100,7,1,0
BRDA:104,8,0,0
BRDA:104,8,1,0
BRDA:108,9,0,0
BRDA:108,9,1,0
BRDA:113,10,0,0
BRDA:113,10,1,0
BRDA:133,11,0,0
BRDA:133,11,1,0
BRF:24
BRH:0
end_of_record
TN:
SF:src/index.tsx
FNF:0
FNH:0
DA:11,0
DA:15,0
LF:2
LH:0
BRF:0
BRH:0
end_of_record
TN:
SF:src/theme.ts
FN:4,(anonymous_0)
FN:183,(anonymous_1)
FN:203,(anonymous_2)
FN:222,(anonymous_3)
FNF:4
FNH:0
FNDA:0,(anonymous_0)
FNDA:0,(anonymous_1)
FNDA:0,(anonymous_2)
FNDA:0,(anonymous_3)
DA:4,0
DA:183,0
DA:203,0
DA:222,0
LF:4
LH:0
BRDA:20,0,0,0
BRDA:20,0,1,0
BRDA:21,1,0,0
BRDA:21,1,1,0
BRDA:24,2,0,0
BRDA:24,2,1,0
BRDA:25,3,0,0
BRDA:25,3,1,0
BRDA:185,4,0,0
BRDA:185,4,1,0
BRDA:207,5,0,0
BRDA:207,5,1,0
BRF:12
BRH:0
end_of_record
TN:
SF:src/components/AudioRecorder.tsx
FN:37,(anonymous_0)
FN:78,(anonymous_1)
FN:85,(anonymous_2)
FN:86,(anonymous_3)
FN:113,(anonymous_4)
FN:136,(anonymous_5)
FN:161,(anonymous_6)
FN:169,(anonymous_7)
FN:244,(anonymous_8)
FN:270,(anonymous_9)
FN:311,(anonymous_10)
FN:323,(anonymous_11)
FN:343,(anonymous_12)
FN:355,(anonymous_13)
FN:389,(anonymous_14)
FN:400,(anonymous_15)
FN:408,(anonymous_16)
FN:424,(anonymous_17)
FN:453,(anonymous_18)
FN:454,(anonymous_19)
FN:458,(anonymous_20)
FN:468,(anonymous_21)
FN:478,(anonymous_22)
FN:483,(anonymous_23)
FN:511,(anonymous_24)
FN:518,(anonymous_25)
FN:544,(anonymous_26)
FN:617,(anonymous_27)
FN:642,(anonymous_28)
FN:670,(anonymous_29)
FN:708,(anonymous_30)
FN:711,(anonymous_31)
FN:714,(anonymous_32)
FN:717,(anonymous_33)
FN:731,(anonymous_34)
FN:746,(anonymous_35)
FN:748,(anonymous_36)
FN:767,(anonymous_37)
FN:797,(anonymous_38)
FN:799,(anonymous_39)
FN:812,(anonymous_40)
FN:823,(anonymous_41)
FN:846,(anonymous_42)
FN:934,(anonymous_43)
FN:950,(anonymous_44)
FN:975,(anonymous_45)
FN:983,(anonymous_46)
FN:1009,(anonymous_47)
FN:1019,(anonymous_48)
FN:1025,(anonymous_49)
FN:1031,(anonymous_50)
FN:1040,(anonymous_51)
FN:1061,(anonymous_52)
FN:1079,(anonymous_53)
FN:1087,(anonymous_54)
FN:1088,(anonymous_55)
FN:1095,(anonymous_56)
FN:1096,(anonymous_57)
FN:1103,(anonymous_58)
FN:1104,(anonymous_59)
FN:1132,(anonymous_60)
FN:1150,(anonymous_61)
FN:1168,(anonymous_62)
FN:1211,(anonymous_63)
FN:1214,(anonymous_64)
FN:1232,(anonymous_65)
FN:1233,(anonymous_66)
FN:1264,(anonymous_67)
FN:1270,(anonymous_68)
FN:1272,(anonymous_69)
FN:1277,(anonymous_70)
FN:1283,(anonymous_71)
FN:1289,(anonymous_72)
FN:1295,(anonymous_73)
FNF:74
FNH:0
FNDA:0,(anonymous_0)
FNDA:0,(anonymous_1)
FNDA:0,(anonymous_2)
FNDA:0,(anonymous_3)
FNDA:0,(anonymous_4)
FNDA:0,(anonymous_5)
FNDA:0,(anonymous_6)
FNDA:0,(anonymous_7)
FNDA:0,(anonymous_8)
FNDA:0,(anonymous_9)
FNDA:0,(anonymous_10)
FNDA:0,(anonymous_11)
FNDA:0,(anonymous_12)
FNDA:0,(anonymous_13)
FNDA:0,(anonymous_14)
FNDA:0,(anonymous_15)
FNDA:0,(anonymous_16)
FNDA:0,(anonymous_17)
FNDA:0,(anonymous_18)
FNDA:0,(anonymous_19)
FNDA:0,(anonymous_20)
FNDA:0,(anonymous_21)
FNDA:0,(anonymous_22)
FNDA:0,(anonymous_23)
FNDA:0,(anonymous_24)
FNDA:0,(anonymous_25)
FNDA:0,(anonymous_26)
FNDA:0,(anonymous_27)
FNDA:0,(anonymous_28)
FNDA:0,(anonymous_29)
FNDA:0,(anonymous_30)
FNDA:0,(anonymous_31)
FNDA:0,(anonymous_32)
FNDA:0,(anonymous_33)
FNDA:0,(anonymous_34)
FNDA:0,(anonymous_35)
FNDA:0,(anonymous_36)
FNDA:0,(anonymous_37)
FNDA:0,(anonymous_38)
FNDA:0,(anonymous_39)
FNDA:0,(anonymous_40)
FNDA:0,(anonymous_41)
FNDA:0,(anonymous_42)
FNDA:0,(anonymous_43)
FNDA:0,(anonymous_44)
FNDA:0,(anonymous_45)
FNDA:0,(anonymous_46)
FNDA:0,(anonymous_47)
FNDA:0,(anonymous_48)
FNDA:0,(anonymous_49)
FNDA:0,(anonymous_50)
FNDA:0,(anonymous_51)
FNDA:0,(anonymous_52)
FNDA:0,(anonymous_53)
FNDA:0,(anonymous_54)
FNDA:0,(anonymous_55)
FNDA:0,(anonymous_56)
FNDA:0,(anonymous_57)
FNDA:0,(anonymous_58)
FNDA:0,(anonymous_59)
FNDA:0,(anonymous_60)
FNDA:0,(anonymous_61)
FNDA:0,(anonymous_62)
FNDA:0,(anonymous_63)
FNDA:0,(anonymous_64)
FNDA:0,(anonymous_65)
FNDA:0,(anonymous_66)
FNDA:0,(anonymous_67)
FNDA:0,(anonymous_68)
FNDA:0,(anonymous_69)
FNDA:0,(anonymous_70)
FNDA:0,(anonymous_71)
FNDA:0,(anonymous_72)
FNDA:0,(anonymous_73)
DA:34,0
DA:37,0
DA:38,0
DA:40,0
DA:41,0
DA:44,0
DA:45,0
DA:46,0
DA:55,0
DA:78,0
DA:84,0
DA:85,0
DA:86,0
DA:113,0
DA:136,0
DA:137,0
DA:138,0
DA:139,0
DA:140,0
DA:141,0
DA:142,0
DA:143,0
DA:144,0
DA:145,0
DA:146,0
DA:147,0
DA:148,0
DA:149,0
DA:150,0
DA:151,0
DA:152,0
DA:153,0
DA:154,0
DA:155,0
DA:156,0
DA:157,0
DA:158,0
DA:159,0
DA:160,0
DA:161,0
DA:162,0
DA:164,0
DA:165,0
DA:166,0
DA:169,0
DA:170,0
DA:172,0
DA:173,0
DA:174,0
DA:176,0
DA:177,0
DA:178,0
DA:181,0
DA:182,0
DA:183,0
DA:185,0
DA:187,0
DA:188,0
DA:189,0
DA:193,0
DA:194,0
DA:196,0
DA:197,0
DA:198,0
DA:200,0
DA:201,0
DA:204,0
DA:205,0
DA:208,0
DA:209,0
DA:211,0
DA:212,0
DA:213,0
DA:214,0
DA:215,0
DA:217,0
DA:218,0
DA:221,0
DA:222,0
DA:225,0
DA:227,0
DA:231,0
DA:234,0
DA:237,0
DA:239,0
DA:244,0
DA:245,0
DA:247,0
DA:248,0
DA:250,0
DA:251,0
DA:252,0
DA:254,0
DA:256,0
DA:257,0
DA:259,0
DA:262,0
DA:265,0
DA:270,0
DA:271,0
DA:273,0
DA:274,0
DA:276,0
DA:277,0
DA:278,0
DA:280,0
DA:281,0
DA:283,0
DA:284,0
DA:285,0
DA:289,0
DA:290,0
DA:292,0
DA:294,0
DA:297,0
DA:300,0
DA:303,0
DA:306,0
DA:311,0
DA:312,0
DA:315,0
DA:323,0
DA:324,0
DA:326,0
DA:327,0
DA:329,0
DA:330,0
DA:331,0
DA:332,0
DA:333,0
DA:335,0
DA:338,0
DA:343,0
DA:344,0
DA:345,0
DA:346,0
DA:349,0
DA:350,0
DA:351,0
DA:353,0
DA:355,0
DA:356,0
DA:357,0
DA:358,0
DA:359,0
DA:363,0
DA:366,0
DA:367,0
DA:368,0
DA:370,0
DA:373,0
DA:376,0
DA:377,0
DA:380,0
DA:382,0
DA:385,0
DA:389,0
DA:390,0
DA:391,0
DA:392,0
DA:393,0
DA:394,0
DA:395,0
DA:396,0
DA:397,0
DA:400,0
DA:401,0
DA:402,0
DA:403,0
DA:408,0
DA:410,0
DA:412,0
DA:413,0
DA:414,0
DA:417,0
DA:418,0
DA:420,0
DA:421,0
DA:424,0
DA:426,0
DA:429,0
DA:431,0
DA:432,0
DA:434,0
DA:435,0
DA:437,0
DA:440,0
DA:443,0
DA:446,0
DA:447,0
DA:449,0
DA:450,0
DA:453,0
DA:454,0
DA:455,0
DA:458,0
DA:459,0
DA:460,0
DA:462,0
DA:466,0
DA:468,0
DA:469,0
DA:470,0
DA:472,0
DA:473,0
DA:478,0
DA:479,0
DA:480,0
DA:481,0
DA:482,0
DA:483,0
DA:492,0
DA:493,0
DA:502,0
DA:503,0
DA:504,0
DA:507,0
DA:511,0
DA:512,0
DA:513,0
DA:514,0
DA:515,0
DA:517,0
DA:518,0
DA:519,0
DA:522,0
DA:524,0
DA:525,0
DA:527,0
DA:528,0
DA:531,0
DA:532,0
DA:535,0
DA:536,0
DA:537,0
DA:538,0
DA:540,0
DA:544,0
DA:545,0
DA:546,0
DA:548,0
DA:549,0
DA:550,0
DA:552,0
DA:553,0
DA:563,0
DA:566,0
DA:567,0
DA:571,0
DA:572,0
DA:575,0
DA:577,0
DA:578,0
DA:579,0
DA:583,0
DA:584,0
DA:587,0
DA:588,0
DA:589,0
DA:590,0
DA:591,0
DA:594,0
DA:595,0
DA:601,0
DA:602,0
DA:606,0
DA:607,0
DA:608,0
DA:609,0
DA:610,0
DA:613,0
DA:617,0
DA:618,0
DA:620,0
DA:622,0
DA:623,0
DA:625,0
DA:628,0
DA:629,0
DA:630,0
DA:637,0
DA:639,0
DA:640,0
DA:642,0
DA:644,0
DA:646,0
DA:647,0
DA:649,0
DA:652,0
DA:653,0
DA:654,0
DA:660,0
DA:661,0
DA:665,0
DA:667,0
DA:668,0
DA:670,0
DA:672,0
DA:674,0
DA:675,0
DA:677,0
DA:680,0
DA:681,0
DA:682,0
DA:688,0
DA:689,0
DA:694,0
DA:695,0
DA:697,0
DA:698,0
DA:702,0
DA:703,0
DA:704,0
DA:705,0
DA:707,0
DA:708,0
DA:709,0
DA:710,0
DA:711,0
DA:714,0
DA:715,0
DA:717,0
DA:718,0
DA:720,0
DA:721,0
DA:724,0
DA:725,0
DA:726,0
DA:727,0
DA:731,0
DA:732,0
DA:734,0
DA:735,0
DA:736,0
DA:739,0
DA:740,0
DA:741,0
DA:743,0
DA:744,0
DA:746,0
DA:747,0
DA:748,0
DA:749,0
DA:750,0
DA:752,0
DA:753,0
DA:755,0
DA:760,0
DA:762,0
DA:766,0
DA:767,0
DA:768,0
DA:772,0
DA:773,0
DA:774,0
DA:776,0
DA:777,0
DA:778,0
DA:779,0
DA:781,0
DA:782,0
DA:783,0
DA:785,0
DA:786,0
DA:787,0
DA:790,0
DA:791,0
DA:792,0
DA:793,0
DA:797,0
DA:799,0
DA:800,0
DA:803,0
DA:804,0
DA:805,0
DA:806,0
DA:808,0
DA:813,0
DA:814,0
DA:815,0
DA:816,0
DA:818,0
DA:820,0
DA:824,0
DA:825,0
DA:829,0
DA:830,0
DA:832,0
DA:835,0
DA:840,0
DA:841,0
DA:842,0
DA:846,0
DA:847,0
DA:848,0
DA:849,0
DA:850,0
DA:851,0
DA:852,0
DA:855,0
DA:856,0
DA:857,0
DA:858,0
DA:859,0
DA:860,0
DA:861,0
DA:862,0
DA:863,0
DA:865,0
DA:866,0
DA:867,0
DA:868,0
DA:869,0
DA:871,0
DA:872,0
DA:874,0
DA:877,0
DA:879,0
DA:883,0
DA:884,0
DA:886,0
DA:887,0
DA:888,0
DA:889,0
DA:891,0
DA:892,0
DA:893,0
DA:896,0
DA:897,0
DA:898,0
DA:899,0
DA:900,0
DA:906,0
DA:907,0
DA:908,0
DA:909,0
DA:910,0
DA:911,0
DA:914,0
DA:915,0
DA:916,0
DA:919,0
DA:920,0
DA:921,0
DA:922,0
DA:923,0
DA:926,0
DA:927,0
DA:928,0
DA:929,0
DA:930,0
DA:934,0
DA:935,0
DA:936,0
DA:937,0
DA:940,0
DA:941,0
DA:942,0
DA:943,0
DA:945,0
DA:946,0
DA:949,0
DA:950,0
DA:951,0
DA:954,0
DA:959,0
DA:961,0
DA:963,0
DA:964,0
DA:965,0
DA:966,0
DA:967,0
DA:969,0
DA:972,0
DA:973,0
DA:975,0
DA:976,0
DA:977,0
DA:982,0
DA:983,0
DA:984,0
DA:985,0
DA:986,0
DA:987,0
DA:988,0
DA:990,0
DA:995,0
DA:999,0
DA:1000,0
DA:1003,0
DA:1004,0
DA:1006,0
DA:1009,0
DA:1010,0
DA:1012,0
DA:1015,0
DA:1016,0
DA:1017,0
DA:1019,0
DA:1020,0
DA:1023,0
DA:1024,0
DA:1025,0
DA:1026,0
DA:1028,0
DA:1031,0
DA:1032,0
DA:1033,0
DA:1034,0
DA:1040,0
DA:1041,0
DA:1042,0
DA:1044,0
DA:1045,0
DA:1046,0
DA:1050,0
DA:1051,0
DA:1052,0
DA:1053,0
DA:1056,0
DA:1057,0
DA:1061,0
DA:1062,0
DA:1063,0
DA:1064,0
DA:1067,0
DA:1068,0
DA:1069,0
DA:1071,0
DA:1072,0
DA:1073,0
DA:1076,0
DA:1079,0
DA:1080,0
DA:1081,0
DA:1082,0
DA:1087,0
DA:1088,0
DA:1089,0
DA:1091,0
DA:1095,0
DA:1096,0
DA:1098,0
DA:1100,0
DA:1103,0
DA:1104,0
DA:1108,0
DA:1109,0
DA:1110,0
DA:1113,0
DA:1115,0
DA:1116,0
DA:1119,0
DA:1122,0
DA:1123,0
DA:1124,0
DA:1131,0
DA:1132,0
DA:1133,0
DA:1137,0
DA:1138,0
DA:1139,0
DA:1142,0
DA:1143,0
DA:1145,0
DA:1146,0
DA:1150,0
DA:1151,0
DA:1152,0
DA:1153,0
DA:1157,0
DA:1158,0
DA:1159,0
DA:1160,0
DA:1161,0
DA:1162,0
DA:1163,0
DA:1165,0
DA:1168,0
DA:1169,0
DA:1172,0
DA:1173,0
DA:1176,0
DA:1179,0
DA:1183,0
DA:1184,0
DA:1186,0
DA:1187,0
DA:1190,0
DA:1191,0
DA:1195,0
DA:1196,0
DA:1197,0
DA:1198,0
DA:1200,0
DA:1203,0
DA:1208,0
DA:1211,0
DA:1212,0
DA:1214,0
DA:1215,0
DA:1218,0
DA:1219,0
DA:1220,0
DA:1222,0
DA:1226,0
DA:1229,0
DA:1230,0
DA:1233,0
DA:1236,0
DA:1238,0
DA:1243,0
DA:1244,0
DA:1245,0
DA:1247,0
DA:1248,0
DA:1251,0
DA:1254,0
DA:1255,0
DA:1257,0
DA:1258,0
DA:1260,0
DA:1264,0
DA:1266,0
DA:1267,0
DA:1270,0
DA:1272,0
DA:1273,0
DA:1277,0
DA:1278,0
DA:1279,0
DA:1283,0
DA:1284,0
DA:1285,0
DA:1289,0
DA:1290,0
DA:1291,0
DA:1295,0
DA:1296,0
DA:1297,0
DA:1301,0
LF:641
LH:0
BRDA:38,0,0,0
BRDA:38,0,1,0
BRDA:92,1,0,0
BRDA:92,1,1,0
BRDA:95,2,0,0
BRDA:95,2,1,0
BRDA:101,3,0,0
BRDA:101,3,1,0
BRDA:170,4,0,0
BRDA:170,4,1,0
BRDA:170,5,0,0
BRDA:170,5,1,0
BRDA:176,6,0,0
BRDA:176,6,1,0
BRDA:181,7,0,0
BRDA:181,7,1,0
BRDA:181,8,0,0
BRDA:181,8,1,0
BRDA:188,9,0,0
BRDA:188,9,1,0
BRDA:196,10,0,0
BRDA:196,10,1,0
BRDA:208,11,0,0
BRDA:208,11,1,0
BRDA:208,12,0,0
BRDA:208,12,1,0
BRDA:213,13,0,0
BRDA:213,13,1,0
BRDA:245,14,0,0
BRDA:245,14,1,0
BRDA:245,15,0,0
BRDA:245,15,1,0
BRDA:250,16,0,0
BRDA:250,16,1,0
BRDA:252,17,0,0
BRDA:252,17,1,0
BRDA:252,18,0,0
BRDA:252,18,1,0
BRDA:271,19,0,0
BRDA:271,19,1,0
BRDA:271,20,0,0
BRDA:271,20,1,0
BRDA:276,21,0,0
BRDA:276,21,1,0
BRDA:278,22,0,0
BRDA:278,22,1,0
BRDA:278,23,0,0
BRDA:278,23,1,0
BRDA:284,24,0,0
BRDA:284,24,1,0
BRDA:290,25,0,0
BRDA:290,25,1,0
BRDA:312,26,0,0
BRDA:312,26,1,0
BRDA:312,27,0,0
BRDA:312,27,1,0
BRDA:324,28,0,0
BRDA:324,28,1,0
BRDA:324,29,0,0
BRDA:324,29,1,0
BRDA:329,30,0,0
BRDA:329,30,1,0
BRDA:331,31,0,0
BRDA:331,31,1,0
BRDA:344,32,0,0
BRDA:344,32,1,0
BRDA:344,33,0,0
BRDA:344,33,1,0
BRDA:356,34,0,0
BRDA:356,34,1,0
BRDA:356,35,0,0
BRDA:356,35,1,0
BRDA:376,36,0,0
BRDA:376,36,1,0
BRDA:390,37,0,0
BRDA:390,37,1,0
BRDA:390,38,0,0
BRDA:390,38,1,0
BRDA:393,39,0,0
BRDA:393,39,1,0
BRDA:393,40,0,0
BRDA:393,40,1,0
BRDA:401,41,0,0
BRDA:401,41,1,0
BRDA:412,42,0,0
BRDA:412,42,1,0
BRDA:429,43,0,0
BRDA:429,43,1,0
BRDA:432,44,0,0
BRDA:432,44,1,0
BRDA:435,45,0,0
BRDA:435,45,1,0
BRDA:472,46,0,0
BRDA:472,46,1,0
BRDA:481,47,0,0
BRDA:481,47,1,0
BRDA:485,48,0,0
BRDA:485,48,1,0
BRDA:486,49,0,0
BRDA:486,49,1,0
BRDA:493,50,0,0
BRDA:493,50,1,0
BRDA:502,51,0,0
BRDA:502,51,1,0
BRDA:504,52,0,0
BRDA:504,52,1,0
BRDA:513,53,0,0
BRDA:513,53,1,0
BRDA:514,54,0,0
BRDA:514,54,1,0
BRDA:514,55,0,0
BRDA:514,55,1,0
BRDA:522,56,0,0
BRDA:522,56,1,0
BRDA:524,57,0,0
BRDA:524,57,1,0
BRDA:525,58,0,0
BRDA:525,58,1,0
BRDA:536,59,0,0
BRDA:536,59,1,0
BRDA:546,60,0,0
BRDA:546,60,1,0
BRDA:566,61,0,0
BRDA:566,61,1,0
BRDA:567,62,0,0
BRDA:567,62,1,0
BRDA:577,63,0,0
BRDA:577,63,1,0
BRDA:601,64,0,0
BRDA:601,64,1,0
BRDA:618,65,0,0
BRDA:618,65,1,0
BRDA:622,66,0,0
BRDA:622,66,1,0
BRDA:646,67,0,0
BRDA:646,67,1,0
BRDA:674,68,0,0
BRDA:674,68,1,0
BRDA:695,69,0,0
BRDA:695,69,1,0
BRDA:709,70,0,0
BRDA:709,70,1,0
BRDA:725,71,0,0
BRDA:725,71,1,0
BRDA:743,72,0,0
BRDA:743,72,1,0
BRDA:743,73,0,0
BRDA:743,73,1,0
BRDA:747,74,0,0
BRDA:747,74,1,0
BRDA:766,75,0,0
BRDA:766,75,1,0
BRDA:766,76,0,0
BRDA:766,76,1,0
BRDA:772,77,0,0
BRDA:772,77,1,0
BRDA:776,78,0,0
BRDA:776,78,1,0
BRDA:781,79,0,0
BRDA:781,79,1,0
BRDA:785,80,0,0
BRDA:785,80,1,0
BRDA:790,81,0,0
BRDA:790,81,1,0
BRDA:803,82,0,0
BRDA:803,82,1,0
BRDA:803,83,0,0
BRDA:803,83,1,0
BRDA:803,83,2,0
BRDA:803,83,3,0
BRDA:813,84,0,0
BRDA:813,84,1,0
BRDA:841,85,0,0
BRDA:841,85,1,0
BRDA:847,86,0,0
BRDA:847,86,1,0
BRDA:863,87,0,0
BRDA:863,87,1,0
BRDA:866,88,0,0
BRDA:866,88,1,0
BRDA:866,89,0,0
BRDA:866,89,1,0
BRDA:869,90,0,0
BRDA:869,90,1,0
BRDA:869,91,0,0
BRDA:869,91,1,0
BRDA:871,92,0,0
BRDA:871,92,1,0
BRDA:891,93,0,0
BRDA:891,93,1,0
BRDA:891,94,0,0
BRDA:891,94,1,0
BRDA:896,95,0,0
BRDA:896,95,1,0
BRDA:896,96,0,0
BRDA:896,96,1,0
BRDA:896,96,2,0
BRDA:897,97,0,0
BRDA:897,97,1,0
BRDA:898,98,0,0
BRDA:898,98,1,0
BRDA:899,99,0,0
BRDA:899,99,1,0
BRDA:907,100,0,0
BRDA:907,100,1,0
BRDA:908,101,0,0
BRDA:908,101,1,0
BRDA:914,102,0,0
BRDA:914,102,1,0
BRDA:935,103,0,0
BRDA:935,103,1,0
BRDA:963,104,0,0
BRDA:963,104,1,0
BRDA:972,105,0,0
BRDA:972,105,1,0
BRDA:986,106,0,0
BRDA:986,106,1,0
BRDA:1003,107,0,0
BRDA:1003,107,1,0
BRDA:1015,108,0,0
BRDA:1015,108,1,0
BRDA:1015,109,0,0
BRDA:1015,109,1,0
BRDA:1033,110,0,0
BRDA:1033,110,1,0
BRDA:1033,111,0,0
BRDA:1033,111,1,0
BRDA:1042,112,0,0
BRDA:1042,112,1,0
BRDA:1044,113,0,0
BRDA:1044,113,1,0
BRDA:1051,114,0,0
BRDA:1051,114,1,0
BRDA:1062,115,0,0
BRDA:1062,115,1,0
BRDA:1062,116,0,0
BRDA:1062,116,1,0
BRDA:1062,116,2,0
BRDA:1080,117,0,0
BRDA:1080,117,1,0
BRDA:1089,118,0,0
BRDA:1089,118,1,0
BRDA:1089,119,0,0
BRDA:1089,119,1,0
BRDA:1115,120,0,0
BRDA:1115,120,1,0
BRDA:1123,121,0,0
BRDA:1123,121,1,0
BRDA:1131,122,0,0
BRDA:1131,122,1,0
BRDA:1143,123,0,0
BRDA:1143,123,1,0
BRDA:1151,124,0,0
BRDA:1151,124,1,0
BRDA:1151,125,0,0
BRDA:1151,125,1,0
BRDA:1159,126,0,0
BRDA:1159,126,1,0
BRDA:1161,127,0,0
BRDA:1161,127,1,0
BRDA:1161,128,0,0
BRDA:1161,128,1,0
BRDA:1169,129,0,0
BRDA:1169,129,1,0
BRDA:1169,129,2,0
BRDA:1172,130,0,0
BRDA:1172,130,1,0
BRDA:1172,131,0,0
BRDA:1172,131,1,0
BRDA:1195,132,0,0
BRDA:1195,132,1,0
BRDA:1258,133,0,0
BRDA:1258,133,1,0
BRDA:1278,134,0,0
BRDA:1278,134,1,0
BRDA:1284,135,0,0
BRDA:1284,135,1,0
BRDA:1290,136,0,0
BRDA:1290,136,1,0
BRDA:1296,137,0,0
BRDA:1296,137,1,0
BRDA:1304,138,0,0
BRDA:1304,138,1,0
BRDA:1317,139,0,0
BRDA:1317,139,1,0
BRDA:1368,140,0,0
BRDA:1368,140,1,0
BRDA:1369,141,0,0
BRDA:1369,141,1,0
BRDA:1369,141,2,0
BRDA:1372,142,0,0
BRDA:1372,142,1,0
BRDA:1374,143,0,0
BRDA:1374,143,1,0
BRDA:1382,144,0,0
BRDA:1382,144,1,0
BRDA:1410,145,0,0
BRDA:1410,145,1,0
BRDA:1410,146,0,0
BRDA:1410,146,1,0
BRDA:1413,147,0,0
BRDA:1413,147,1,0
BRDA:1414,148,0,0
BRDA:1414,148,1,0
BRDA:1415,149,0,0
BRDA:1415,149,1,0
BRDA:1426,150,0,0
BRDA:1426,150,1,0
BRDA:1433,151,0,0
BRDA:1433,151,1,0
BRDA:1434,152,0,0
BRDA:1434,152,1,0
BRDA:1435,153,0,0
BRDA:1435,153,1,0
BRDA:1436,154,0,0
BRDA:1436,154,1,0
BRDA:1438,155,0,0
BRDA:1438,155,1,0
BRDA:1446,156,0,0
BRDA:1446,156,1,0
BRDA:1454,157,0,0
BRDA:1454,157,1,0
BRDA:1462,158,0,0
BRDA:1462,158,1,0
BRDA:1465,159,0,0
BRDA:1465,159,1,0
BRDA:1505,160,0,0
BRDA:1505,160,1,0
BRDA:1505,160,2,0
BRDA:1511,161,0,0
BRDA:1511,161,1,0
BRDA:1515,162,0,0
BRDA:1515,162,1,0
BRDA:1515,162,2,0
BRDA:1516,163,0,0
BRDA:1516,163,1,0
BRDA:1519,164,0,0
BRDA:1519,164,1,0
BRDA:1525,165,0,0
BRDA:1525,165,1,0
BRDA:1544,166,0,0
BRDA:1544,166,1,0
BRDA:1566,167,0,0
BRDA:1566,167,1,0
BRDA:1574,168,0,0
BRDA:1574,168,1,0
BRDA:1574,168,2,0
BRDA:1587,169,0,0
BRDA:1587,169,1,0
BRDA:1587,169,2,0
BRDA:1613,170,0,0
BRDA:1613,170,1,0
BRDA:1632,171,0,0
BRDA:1632,171,1,0
BRDA:1641,172,0,0
BRDA:1641,172,1,0
BRF:356
BRH:0
end_of_record
TN:
SF:src/components/AudioVisualizer.tsx
FN:14,(anonymous_0)
FN:26,(anonymous_1)
FN:32,(anonymous_2)
FN:42,(anonymous_3)
FN:53,(anonymous_4)
FN:60,(anonymous_5)
FN:60,(anonymous_6)
FN:84,(anonymous_7)
FN:84,(anonymous_8)
FN:91,(anonymous_9)
FN:91,(anonymous_10)
FN:103,(anonymous_11)
FNF:12
FNH:10
FNDA:6,(anonymous_0)
FNDA:501,(anonymous_1)
FNDA:100,(anonymous_2)
FNDA:6,(anonymous_3)
FNDA:3,(anonymous_4)
FNDA:1,(anonymous_5)
FNDA:20,(anonymous_6)
FNDA:2,(anonymous_7)
FNDA:30,(anonymous_8)
FNDA:0,(anonymous_9)
FNDA:0,(anonymous_10)
FNDA:100,(anonymous_11)
DA:14,6
DA:25,1
DA:26,501
DA:32,100
DA:42,1
DA:51,6
DA:53,6
DA:54,3
DA:56,1
DA:60,1
DA:61,20
DA:62,20
DA:63,20
DA:66,20
DA:67,20
DA:70,20
DA:73,20
DA:76,20
DA:77,20
DA:78,20
DA:80,20
DA:82,2
DA:84,2
DA:85,30
DA:86,30
DA:87,30
DA:91,0
DA:95,6
DA:104,100
LF:29
LH:28
BRDA:36,0,0,40
BRDA:36,0,1,60
BRDA:45,1,0,2
BRDA:46,2,0,4
BRDA:47,3,0,4
BRDA:48,4,0,4
BRDA:49,5,0,6
BRDA:54,6,0,1
BRDA:54,6,1,2
BRDA:54,7,0,3
BRDA:54,7,1,1
BRDA:82,8,0,2
BRDA:82,8,1,0
BRDA:107,9,0,100
BRDA:107,9,1,0
BRF:15
BRH:13
end_of_record
TN:
SF:src/components/MeetingDropdownMenu.tsx
FN:29,(anonymous_0)
FN:40,(anonymous_1)
FN:45,(anonymous_2)
FN:49,(anonymous_3)
FN:56,(anonymous_4)
FN:62,(anonymous_5)
FN:69,(anonymous_6)
FN:74,(anonymous_7)
FN:79,(anonymous_8)
FN:98,(anonymous_9)
FN:132,(anonymous_10)
FN:150,(anonymous_11)
FN:151,(anonymous_12)
FN:183,(anonymous_13)
FNF:14
FNH:0
FNDA:0,(anonymous_0)
FNDA:0,(anonymous_1)
FNDA:0,(anonymous_2)
FNDA:0,(anonymous_3)
FNDA:0,(anonymous_4)
FNDA:0,(anonymous_5)
FNDA:0,(anonymous_6)
FNDA:0,(anonymous_7)
FNDA:0,(anonymous_8)
FNDA:0,(anonymous_9)
FNDA:0,(anonymous_10)
FNDA:0,(anonymous_11)
FNDA:0,(anonymous_12)
FNDA:0,(anonymous_13)
DA:29,0
DA:35,0
DA:36,0
DA:37,0
DA:38,0
DA:40,0
DA:41,0
DA:42,0
DA:45,0
DA:46,0
DA:49,0
DA:50,0
DA:51,0
DA:52,0
DA:53,0
DA:56,0
DA:57,0
DA:58,0
DA:59,0
DA:62,0
DA:63,0
DA:64,0
DA:66,0
DA:69,0
DA:70,0
DA:71,0
DA:74,0
DA:75,0
DA:76,0
DA:79,0
DA:80,0
DA:83,0
DA:98,0
DA:132,0
DA:150,0
DA:152,0
DA:153,0
DA:183,0
LF:38
LH:0
BRDA:63,0,0,0
BRDA:63,0,1,0
BRDA:63,1,0,0
BRDA:63,1,1,0
BRDA:152,2,0,0
BRDA:152,2,1,0
BRDA:166,3,0,0
BRDA:166,3,1,0
BRF:8
BRH:0
end_of_record
TN:
SF:src/components/Navbar.tsx
FN:29,(anonymous_0)
FN:32,(anonymous_1)
FN:35,(anonymous_2)
FN:41,(anonymous_3)
FN:45,(anonymous_4)
FN:49,(anonymous_5)
FN:54,(anonymous_6)
FN:72,(anonymous_7)
FN:193,(anonymous_8)
FN:208,(anonymous_9)
FNF:10
FNH:0
FNDA:0,(anonymous_0)
FNDA:0,(anonymous_1)
FNDA:0,(anonymous_2)
FNDA:0,(anonymous_3)
FNDA:0,(anonymous_4)
FNDA:0,(anonymous_5)
FNDA:0,(anonymous_6)
FNDA:0,(anonymous_7)
FNDA:0,(anonymous_8)
FNDA:0,(anonymous_9)
DA:29,0
DA:30,0
DA:31,0
DA:32,0
DA:33,0
DA:35,0
DA:36,0
DA:37,0
DA:38,0
DA:41,0
DA:42,0
DA:45,0
DA:46,0
DA:49,0
DA:50,0
DA:51,0
DA:54,0
DA:55,0
DA:56,0
DA:59,0
DA:61,0
DA:72,0
DA:193,0
DA:208,0
LF:24
LH:0
BRDA:107,0,0,0
BRDA:107,0,1,0
BRDA:138,1,0,0
BRDA:138,1,1,0
BRDA:161,2,0,0
BRDA:161,2,1,0
BRDA:163,3,0,0
BRDA:163,3,1,0
BRDA:167,4,0,0
BRDA:167,4,1,0
BRDA:167,5,0,0
BRDA:167,5,1,0
BRDA:177,6,0,0
BRDA:177,6,1,0
BRF:14
BRH:0
end_of_record
TN:
SF:src/components/SpeakerColorDemo.tsx
FN:6,(anonymous_0)
FN:7,(anonymous_1)
FN:20,(anonymous_2)
FNF:3
FNH:0
FNDA:0,(anonymous_0)
FNDA:0,(anonymous_1)
FNDA:0,(anonymous_2)
DA:6,0
DA:7,0
DA:8,0
DA:10,0
DA:21,0
LF:5
LH:0
BRDA:57,0,0,0
BRDA:57,0,1,0
BRF:2
BRH:0
end_of_record
TN:
SF:src/components/TagChip.tsx
FN:16,(anonymous_0)
FN:17,(anonymous_1)
FNF:2
FNH:0
FNDA:0,(anonymous_0)
FNDA:0,(anonymous_1)
DA:16,0
DA:17,0
DA:19,0
LF:3
LH:0
BRDA:17,0,0,0
BRDA:17,0,1,0
BRF:2
BRH:0
end_of_record
TN:
SF:src/components/TagManager.tsx
FN:34,(anonymous_0)
FN:47,(anonymous_1)
FN:54,(anonymous_2)
FN:64,(anonymous_3)
FN:77,(anonymous_4)
FN:78,(anonymous_5)
FN:88,(anonymous_6)
FN:89,(anonymous_7)
FN:89,(anonymous_8)
FN:92,(anonymous_9)
FN:99,(anonymous_10)
FN:112,(anonymous_11)
FN:113,(anonymous_12)
FN:114,(anonymous_13)
FN:142,(anonymous_14)
FN:161,(anonymous_15)
FN:161,(anonymous_16)
FN:162,(anonymous_17)
FN:164,(anonymous_18)
FN:172,(anonymous_19)
FN:186,(anonymous_20)
FN:190,(anonymous_21)
FNF:22
FNH:0
FNDA:0,(anonymous_0)
FNDA:0,(anonymous_1)
FNDA:0,(anonymous_2)
FNDA:0,(anonymous_3)
FNDA:0,(anonymous_4)
FNDA:0,(anonymous_5)
FNDA:0,(anonymous_6)
FNDA:0,(anonymous_7)
FNDA:0,(anonymous_8)
FNDA:0,(anonymous_9)
FNDA:0,(anonymous_10)
FNDA:0,(anonymous_11)
FNDA:0,(anonymous_12)
FNDA:0,(anonymous_13)
FNDA:0,(anonymous_14)
FNDA:0,(anonymous_15)
FNDA:0,(anonymous_16)
FNDA:0,(anonymous_17)
FNDA:0,(anonymous_18)
FNDA:0,(anonymous_19)
FNDA:0,(anonymous_20)
FNDA:0,(anonymous_21)
DA:34,0
DA:41,0
DA:42,0
DA:43,0
DA:44,0
DA:45,0
DA:47,0
DA:48,0
DA:49,0
DA:50,0
DA:54,0
DA:55,0
DA:56,0
DA:57,0
DA:59,0
DA:60,0
DA:64,0
DA:65,0
DA:67,0
DA:68,0
DA:70,0
DA:72,0
DA:76,0
DA:77,0
DA:78,0
DA:79,0
DA:81,0
DA:82,0
DA:84,0
DA:88,0
DA:89,0
DA:92,0
DA:93,0
DA:94,0
DA:96,0
DA:98,0
DA:99,0
DA:102,0
DA:103,0
DA:105,0
DA:106,0
DA:108,0
DA:112,0
DA:113,0
DA:114,0
DA:118,0
DA:143,0
DA:161,0
DA:162,0
DA:165,0
DA:173,0
DA:186,0
DA:191,0
DA:192,0
LF:54
LH:0
BRDA:48,0,0,0
BRDA:48,0,1,0
BRDA:65,1,0,0
BRDA:65,1,1,0
BRDA:113,2,0,0
BRDA:113,2,1,0
BRDA:113,3,0,0
BRDA:113,3,1,0
BRDA:130,4,0,0
BRDA:130,4,1,0
BRDA:141,5,0,0
BRDA:141,5,1,0
BRDA:191,6,0,0
BRDA:191,6,1,0
BRDA:199,7,0,0
BRDA:199,7,1,0
BRF:16
BRH:0
end_of_record
TN:
SF:src/components/ThemeSwitcher.tsx
FN:7,(anonymous_0)
FN:9,(anonymous_1)
FN:11,(anonymous_2)
FNF:3
FNH:0
FNDA:0,(anonymous_0)
FNDA:0,(anonymous_1)
FNDA:0,(anonymous_2)
DA:7,0
DA:8,0
DA:9,0
DA:11,0
DA:12,0
DA:15,0
LF:6
LH:0
BRDA:16,0,0,0
BRDA:16,0,1,0
BRDA:27,1,0,0
BRDA:27,1,1,0
BRF:4
BRH:0
end_of_record
TN:
SF:src/pages/AdminPanel.tsx
FN:34,(anonymous_0)
FN:42,(anonymous_1)
FN:46,(anonymous_2)
FN:59,(anonymous_3)
FN:68,(anonymous_4)
FN:73,(anonymous_5)
FN:76,(anonymous_6)
FN:82,(anonymous_7)
FN:99,(anonymous_8)
FN:116,(anonymous_9)
FN:171,(anonymous_10)
FN:212,(anonymous_11)
FNF:12
FNH:0
FNDA:0,(anonymous_0)
FNDA:0,(anonymous_1)
FNDA:0,(anonymous_2)
FNDA:0,(anonymous_3)
FNDA:0,(anonymous_4)
FNDA:0,(anonymous_5)
FNDA:0,(anonymous_6)
FNDA:0,(anonymous_7)
FNDA:0,(anonymous_8)
FNDA:0,(anonymous_9)
FNDA:0,(anonymous_10)
FNDA:0,(anonymous_11)
DA:34,0
DA:35,0
DA:36,0
DA:37,0
DA:38,0
DA:39,0
DA:40,0
DA:42,0
DA:43,0
DA:46,0
DA:47,0
DA:48,0
DA:49,0
DA:50,0
DA:52,0
DA:53,0
DA:55,0
DA:59,0
DA:60,0
DA:61,0
DA:62,0
DA:63,0
DA:65,0
DA:68,0
DA:69,0
DA:72,0
DA:73,0
DA:75,0
DA:76,0
DA:78,0
DA:82,0
DA:83,0
DA:85,0
DA:87,0
DA:89,0
DA:91,0
DA:93,0
DA:95,0
DA:99,0
DA:100,0
DA:102,0
DA:104,0
DA:106,0
DA:108,0
DA:110,0
DA:112,0
DA:116,0
DA:117,0
DA:126,0
DA:172,0
DA:212,0
LF:51
LH:0
BRDA:69,0,0,0
BRDA:69,0,1,0
BRDA:75,1,0,0
BRDA:75,1,1,0
BRDA:83,2,0,0
BRDA:83,2,1,0
BRDA:83,2,2,0
BRDA:83,2,3,0
BRDA:83,2,4,0
BRDA:83,2,5,0
BRDA:100,3,0,0
BRDA:100,3,1,0
BRDA:100,3,2,0
BRDA:100,3,3,0
BRDA:100,3,4,0
BRDA:100,3,5,0
BRDA:139,4,0,0
BRDA:139,4,1,0
BRDA:145,5,0,0
BRDA:145,5,1,0
BRDA:151,6,0,0
BRDA:151,6,1,0
BRDA:160,7,0,0
BRDA:160,7,1,0
BRDA:196,8,0,0
BRDA:196,8,1,0
BRDA:197,9,0,0
BRDA:197,9,1,0
BRDA:213,10,0,0
BRDA:213,10,1,0
BRDA:222,11,0,0
BRDA:222,11,1,0
BRDA:233,12,0,0
BRDA:233,12,1,0
BRDA:233,12,2,0
BRF:35
BRH:0
end_of_record
TN:
SF:src/pages/Dashboard.tsx
FN:75,(anonymous_0)
FN:78,(anonymous_1)
FN:79,(anonymous_2)
FN:97,(anonymous_3)
FN:98,(anonymous_4)
FN:108,(anonymous_5)
FN:121,(anonymous_6)
FN:146,(anonymous_7)
FN:165,(anonymous_8)
FN:184,(anonymous_9)
FN:189,(anonymous_10)
FN:201,(anonymous_11)
FN:205,(anonymous_12)
FN:209,(anonymous_13)
FN:214,(anonymous_14)
FN:218,(anonymous_15)
FN:222,(anonymous_16)
FN:230,(anonymous_17)
FN:231,(anonymous_18)
FN:237,(anonymous_19)
FN:249,(anonymous_20)
FN:253,(anonymous_21)
FN:295,(anonymous_22)
FN:308,(anonymous_23)
FN:333,(anonymous_24)
FN:349,(anonymous_25)
FN:397,(anonymous_26)
FN:433,(anonymous_27)
FN:451,(anonymous_28)
FN:467,(anonymous_29)
FN:481,(anonymous_30)
FN:491,(anonymous_31)
FN:499,(anonymous_32)
FN:512,(anonymous_33)
FN:532,(anonymous_34)
FN:557,(anonymous_35)
FN:585,(anonymous_36)
FN:594,(anonymous_37)
FN:607,(anonymous_38)
FN:623,(anonymous_39)
FN:624,(anonymous_40)
FN:625,(anonymous_41)
FN:626,(anonymous_42)
FN:628,(anonymous_43)
FN:641,(anonymous_44)
FN:757,(anonymous_45)
FN:779,(anonymous_46)
FN:809,(anonymous_47)
FN:813,(anonymous_48)
FN:855,(anonymous_49)
FN:858,(anonymous_50)
FN:866,(anonymous_51)
FN:867,(anonymous_52)
FN:868,(anonymous_53)
FN:901,(anonymous_54)
FN:928,(anonymous_55)
FN:950,(anonymous_56)
FN:969,(anonymous_57)
FN:1010,(anonymous_58)
FN:1025,(anonymous_59)
FN:1065,(anonymous_60)
FN:1077,(anonymous_61)
FN:1135,(anonymous_62)
FNF:63
FNH:0
FNDA:0,(anonymous_0)
FNDA:0,(anonymous_1)
FNDA:0,(anonymous_2)
FNDA:0,(anonymous_3)
FNDA:0,(anonymous_4)
FNDA:0,(anonymous_5)
FNDA:0,(anonymous_6)
FNDA:0,(anonymous_7)
FNDA:0,(anonymous_8)
FNDA:0,(anonymous_9)
FNDA:0,(anonymous_10)
FNDA:0,(anonymous_11)
FNDA:0,(anonymous_12)
FNDA:0,(anonymous_13)
FNDA:0,(anonymous_14)
FNDA:0,(anonymous_15)
FNDA:0,(anonymous_16)
FNDA:0,(anonymous_17)
FNDA:0,(anonymous_18)
FNDA:0,(anonymous_19)
FNDA:0,(anonymous_20)
FNDA:0,(anonymous_21)
FNDA:0,(anonymous_22)
FNDA:0,(anonymous_23)
FNDA:0,(anonymous_24)
FNDA:0,(anonymous_25)
FNDA:0,(anonymous_26)
FNDA:0,(anonymous_27)
FNDA:0,(anonymous_28)
FNDA:0,(anonymous_29)
FNDA:0,(anonymous_30)
FNDA:0,(anonymous_31)
FNDA:0,(anonymous_32)
FNDA:0,(anonymous_33)
FNDA:0,(anonymous_34)
FNDA:0,(anonymous_35)
FNDA:0,(anonymous_36)
FNDA:0,(anonymous_37)
FNDA:0,(anonymous_38)
FNDA:0,(anonymous_39)
FNDA:0,(anonymous_40)
FNDA:0,(anonymous_41)
FNDA:0,(anonymous_42)
FNDA:0,(anonymous_43)
FNDA:0,(anonymous_44)
FNDA:0,(anonymous_45)
FNDA:0,(anonymous_46)
FNDA:0,(anonymous_47)
FNDA:0,(anonymous_48)
FNDA:0,(anonymous_49)
FNDA:0,(anonymous_50)
FNDA:0,(anonymous_51)
FNDA:0,(anonymous_52)
FNDA:0,(anonymous_53)
FNDA:0,(anonymous_54)
FNDA:0,(anonymous_55)
FNDA:0,(anonymous_56)
FNDA:0,(anonymous_57)
FNDA:0,(anonymous_58)
FNDA:0,(anonymous_59)
FNDA:0,(anonymous_60)
FNDA:0,(anonymous_61)
FNDA:0,(anonymous_62)
DA:75,0
DA:76,0
DA:77,0
DA:78,0
DA:79,0
DA:80,0
DA:81,0
DA:82,0
DA:83,0
DA:84,0
DA:85,0
DA:86,0
DA:87,0
DA:97,0
DA:98,0
DA:99,0
DA:100,0
DA:101,0
DA:102,0
DA:104,0
DA:108,0
DA:109,0
DA:110,0
DA:111,0
DA:113,0
DA:117,0
DA:118,0
DA:121,0
DA:122,0
DA:124,0
DA:125,0
DA:130,0
DA:133,0
DA:134,0
DA:135,0
DA:137,0
DA:138,0
DA:146,0
DA:147,0
DA:148,0
DA:149,0
DA:150,0
DA:156,0
DA:157,0
DA:165,0
DA:166,0
DA:167,0
DA:168,0
DA:169,0
DA:175,0
DA:176,0
DA:184,0
DA:185,0
DA:186,0
DA:189,0
DA:190,0
DA:191,0
DA:192,0
DA:193,0
DA:201,0
DA:202,0
DA:205,0
DA:206,0
DA:209,0
DA:210,0
DA:214,0
DA:215,0
DA:218,0
DA:219,0
DA:222,0
DA:223,0
DA:230,0
DA:231,0
DA:232,0
DA:233,0
DA:237,0
DA:238,0
DA:239,0
DA:240,0
DA:241,0
DA:242,0
DA:243,0
DA:244,0
DA:246,0
DA:249,0
DA:250,0
DA:253,0
DA:254,0
DA:255,0
DA:256,0
DA:257,0
DA:260,0
DA:262,0
DA:265,0
DA:266,0
DA:280,0
DA:281,0
DA:282,0
DA:283,0
DA:284,0
DA:285,0
DA:287,0
DA:296,0
DA:297,0
DA:298,0
DA:299,0
DA:301,0
DA:309,0
DA:310,0
DA:311,0
DA:312,0
DA:314,0
DA:334,0
DA:350,0
DA:351,0
DA:370,0
DA:371,0
DA:372,0
DA:373,0
DA:386,0
DA:398,0
DA:399,0
DA:434,0
DA:451,0
DA:452,0
DA:453,0
DA:454,0
DA:456,0
DA:457,0
DA:458,0
DA:459,0
DA:460,0
DA:463,0
DA:465,0
DA:468,0
DA:469,0
DA:470,0
DA:471,0
DA:473,0
DA:482,0
DA:483,0
DA:484,0
DA:485,0
DA:487,0
DA:492,0
DA:493,0
DA:495,0
DA:499,0
DA:513,0
DA:532,0
DA:557,0
DA:558,0
DA:559,0
DA:561,0
DA:586,0
DA:594,0
DA:608,0
DA:622,0
DA:624,0
DA:625,0
DA:626,0
DA:628,0
DA:629,0
DA:631,0
DA:633,0
DA:635,0
DA:637,0
DA:641,0
DA:642,0
DA:644,0
DA:646,0
DA:648,0
DA:650,0
DA:654,0
DA:655,0
DA:672,0
DA:757,0
DA:779,0
DA:809,0
DA:814,0
DA:815,0
DA:855,0
DA:859,0
DA:867,0
DA:868,0
DA:869,0
DA:902,0
DA:903,0
DA:928,0
DA:950,0
DA:969,0
DA:1011,0
DA:1027,0
DA:1029,0
DA:1066,0
DA:1067,0
DA:1078,0
DA:1136,0
DA:1137,0
LF:199
LH:0
BRDA:122,0,0,0
BRDA:122,0,1,0
BRDA:124,1,0,0
BRDA:124,1,1,0
BRDA:140,2,0,0
BRDA:140,2,1,0
BRDA:190,3,0,0
BRDA:190,3,1,0
BRDA:224,4,0,0
BRDA:224,4,1,0
BRDA:224,4,2,0
BRDA:239,5,0,0
BRDA:239,5,1,0
BRDA:240,6,0,0
BRDA:240,6,1,0
BRDA:241,7,0,0
BRDA:241,7,1,0
BRDA:242,8,0,0
BRDA:242,8,1,0
BRDA:243,9,0,0
BRDA:243,9,1,0
BRDA:244,10,0,0
BRDA:244,10,1,0
BRDA:260,11,0,0
BRDA:260,11,1,0
BRDA:285,12,0,0
BRDA:285,12,1,0
BRDA:293,13,0,0
BRDA:293,13,1,0
BRDA:294,14,0,0
BRDA:294,14,1,0
BRDA:296,15,0,0
BRDA:296,15,1,0
BRDA:298,16,0,0
BRDA:298,16,1,0
BRDA:309,17,0,0
BRDA:309,17,1,0
BRDA:311,18,0,0
BRDA:311,18,1,0
BRDA:322,19,0,0
BRDA:322,19,1,0
BRDA:323,20,0,0
BRDA:323,20,1,0
BRDA:355,21,0,0
BRDA:355,21,1,0
BRDA:398,22,0,0
BRDA:398,22,1,0
BRDA:405,23,0,0
BRDA:405,23,1,0
BRDA:407,24,0,0
BRDA:407,24,1,0
BRDA:413,25,0,0
BRDA:413,25,1,0
BRDA:437,26,0,0
BRDA:437,26,1,0
BRDA:438,27,0,0
BRDA:438,27,1,0
BRDA:471,28,0,0
BRDA:471,28,1,0
BRDA:479,29,0,0
BRDA:479,29,1,0
BRDA:480,30,0,0
BRDA:480,30,1,0
BRDA:482,31,0,0
BRDA:482,31,1,0
BRDA:484,32,0,0
BRDA:484,32,1,0
BRDA:492,33,0,0
BRDA:492,33,1,0
BRDA:505,34,0,0
BRDA:505,34,1,0
BRDA:506,35,0,0
BRDA:506,35,1,0
BRDA:535,36,0,0
BRDA:535,36,1,0
BRDA:565,37,0,0
BRDA:565,37,1,0
BRDA:566,38,0,0
BRDA:566,38,1,0
BRDA:577,39,0,0
BRDA:577,39,1,0
BRDA:622,40,0,0
BRDA:622,40,1,0
BRDA:629,41,0,0
BRDA:629,41,1,0
BRDA:629,41,2,0
BRDA:629,41,3,0
BRDA:642,42,0,0
BRDA:642,42,1,0
BRDA:642,42,2,0
BRDA:642,42,3,0
BRDA:654,43,0,0
BRDA:654,43,1,0
BRDA:696,44,0,0
BRDA:696,44,1,0
BRDA:810,45,0,0
BRDA:810,45,1,0
BRDA:814,46,0,0
BRDA:814,46,1,0
BRDA:823,47,0,0
BRDA:823,47,1,0
BRDA:847,48,0,0
BRDA:847,48,1,0
BRDA:869,49,0,0
BRDA:869,49,1,0
BRDA:881,50,0,0
BRDA:881,50,1,0
BRDA:902,51,0,0
BRDA:902,51,1,0
BRDA:907,52,0,0
BRDA:907,52,1,0
BRDA:920,53,0,0
BRDA:920,53,1,0
BRDA:928,54,0,0
BRDA:928,54,1,0
BRDA:940,55,0,0
BRDA:940,55,1,0
BRDA:943,56,0,0
BRDA:943,56,1,0
BRDA:946,57,0,0
BRDA:946,57,1,0
BRDA:950,58,0,0
BRDA:950,58,1,0
BRDA:966,59,0,0
BRDA:966,59,1,0
BRDA:982,60,0,0
BRDA:982,60,1,0
BRDA:985,61,0,0
BRDA:985,61,1,0
BRDA:987,62,0,0
BRDA:987,62,1,0
BRDA:999,63,0,0
BRDA:999,63,1,0
BRDA:1002,64,0,0
BRDA:1002,64,1,0
BRDA:1027,65,0,0
BRDA:1027,65,1,0
BRDA:1027,66,0,0
BRDA:1027,66,1,0
BRDA:1076,67,0,0
BRDA:1076,67,1,0
BRDA:1085,68,0,0
BRDA:1085,68,1,0
BRDA:1123,69,0,0
BRDA:1123,69,1,0
BRDA:1124,70,0,0
BRDA:1124,70,1,0
BRDA:1125,71,0,0
BRDA:1125,71,1,0
BRDA:1132,72,0,0
BRDA:1132,72,1,0
BRF:151
BRH:0
end_of_record
TN:
SF:src/pages/ForgotPassword.tsx
FN:16,(anonymous_0)
FN:23,(anonymous_1)
FN:70,(anonymous_2)
FN:92,(anonymous_3)
FNF:4
FNH:0
FNDA:0,(anonymous_0)
FNDA:0,(anonymous_1)
FNDA:0,(anonymous_2)
FNDA:0,(anonymous_3)
DA:16,0
DA:17,0
DA:18,0
DA:19,0
DA:20,0
DA:21,0
DA:23,0
DA:24,0
DA:25,0
DA:26,0
DA:27,0
DA:29,0
DA:30,0
DA:33,0
DA:35,0
DA:37,0
DA:41,0
DA:70,0
DA:92,0
LF:19
LH:0
BRDA:35,0,0,0
BRDA:35,0,1,0
BRDA:51,1,0,0
BRDA:51,1,1,0
BRDA:57,2,0,0
BRDA:57,2,1,0
BRDA:82,3,0,0
BRDA:82,3,1,0
BRDA:83,4,0,0
BRDA:83,4,1,0
BRDA:85,5,0,0
BRDA:85,5,1,0
BRF:12
BRH:0
end_of_record
TN:
SF:src/pages/LandingPage.tsx
FN:30,(anonymous_0)
FN:47,(anonymous_1)
FN:61,(anonymous_2)
FN:69,(anonymous_3)
FN:130,(anonymous_4)
FN:134,(anonymous_5)
FN:269,(anonymous_6)
FN:309,(anonymous_7)
FNF:8
FNH:0
FNDA:0,(anonymous_0)
FNDA:0,(anonymous_1)
FNDA:0,(anonymous_2)
FNDA:0,(anonymous_3)
FNDA:0,(anonymous_4)
FNDA:0,(anonymous_5)
FNDA:0,(anonymous_6)
FNDA:0,(anonymous_7)
DA:30,0
DA:47,0
DA:61,0
DA:69,0
DA:70,0
DA:71,0
DA:73,0
DA:112,0
DA:130,0
DA:131,0
DA:134,0
DA:135,0
DA:138,0
DA:270,0
DA:310,0
LF:15
LH:0
BRF:0
BRH:0
end_of_record
TN:
SF:src/pages/Login.tsx
FN:29,(anonymous_0)
FN:40,(anonymous_1)
FN:49,(anonymous_2)
FN:133,(anonymous_3)
FN:158,(anonymous_4)
FN:170,(anonymous_5)
FN:233,(anonymous_6)
FNF:7
FNH:0
FNDA:0,(anonymous_0)
FNDA:0,(anonymous_1)
FNDA:0,(anonymous_2)
FNDA:0,(anonymous_3)
FNDA:0,(anonymous_4)
FNDA:0,(anonymous_5)
FNDA:0,(anonymous_6)
DA:29,0
DA:30,0
DA:31,0
DA:32,0
DA:33,0
DA:34,0
DA:35,0
DA:36,0
DA:37,0
DA:38,0
DA:40,0
DA:42,0
DA:43,0
DA:45,0
DA:49,0
DA:50,0
DA:51,0
DA:52,0
DA:53,0
DA:55,0
DA:56,0
DA:61,0
DA:62,0
DA:63,0
DA:65,0
DA:66,0
DA:67,0
DA:69,0
DA:73,0
DA:133,0
DA:158,0
DA:170,0
DA:233,0
LF:33
LH:0
BRDA:42,0,0,0
BRDA:42,0,1,0
BRDA:65,1,0,0
BRDA:65,1,1,0
BRDA:111,2,0,0
BRDA:111,2,1,0
BRDA:116,3,0,0
BRDA:116,3,1,0
BRDA:154,4,0,0
BRDA:154,4,1,0
BRDA:173,5,0,0
BRDA:173,5,1,0
BRDA:205,6,0,0
BRDA:205,6,1,0
BRDA:207,7,0,0
BRDA:207,7,1,0
BRF:16
BRH:0
end_of_record
TN:
SF:src/pages/MeetingRoom.tsx
FN:98,TabPanel
FN:118,a11yProps
FN:126,(anonymous_2)
FN:147,(anonymous_3)
FN:149,(anonymous_4)
FN:150,(anonymous_5)
FN:153,(anonymous_6)
FN:202,(anonymous_7)
FN:207,(anonymous_8)
FN:215,(anonymous_9)
FN:227,(anonymous_10)
FN:233,(anonymous_11)
FN:235,(anonymous_12)
FN:239,(anonymous_13)
FN:240,(anonymous_14)
FN:254,(anonymous_15)
FN:280,(anonymous_16)
FN:283,(anonymous_17)
FN:289,(anonymous_18)
FN:290,(anonymous_19)
FN:295,(anonymous_20)
FN:301,(anonymous_21)
FN:306,(anonymous_22)
FN:310,(anonymous_23)
FN:314,(anonymous_24)
FN:320,(anonymous_25)
FN:322,(anonymous_26)
FN:326,(anonymous_27)
FN:342,(anonymous_28)
FN:355,(anonymous_29)
FN:363,(anonymous_30)
FN:364,(anonymous_31)
FN:369,(anonymous_32)
FN:370,(anonymous_33)
FN:380,(anonymous_34)
FN:385,(anonymous_35)
FN:387,(anonymous_36)
FN:392,(anonymous_37)
FN:397,(anonymous_38)
FN:418,(anonymous_39)
FN:431,(anonymous_40)
FN:480,(anonymous_41)
FN:500,(anonymous_42)
FN:632,(anonymous_43)
FN:656,(anonymous_44)
FN:660,(anonymous_45)
FN:664,(anonymous_46)
FN:716,(anonymous_47)
FN:769,(anonymous_48)
FN:1181,(anonymous_49)
FNF:50
FNH:0
FNDA:0,TabPanel
FNDA:0,a11yProps
FNDA:0,(anonymous_2)
FNDA:0,(anonymous_3)
FNDA:0,(anonymous_4)
FNDA:0,(anonymous_5)
FNDA:0,(anonymous_6)
FNDA:0,(anonymous_7)
FNDA:0,(anonymous_8)
FNDA:0,(anonymous_9)
FNDA:0,(anonymous_10)
FNDA:0,(anonymous_11)
FNDA:0,(anonymous_12)
FNDA:0,(anonymous_13)
FNDA:0,(anonymous_14)
FNDA:0,(anonymous_15)
FNDA:0,(anonymous_16)
FNDA:0,(anonymous_17)
FNDA:0,(anonymous_18)
FNDA:0,(anonymous_19)
FNDA:0,(anonymous_20)
FNDA:0,(anonymous_21)
FNDA:0,(anonymous_22)
FNDA:0,(anonymous_23)
FNDA:0,(anonymous_24)
FNDA:0,(anonymous_25)
FNDA:0,(anonymous_26)
FNDA:0,(anonymous_27)
FNDA:0,(anonymous_28)
FNDA:0,(anonymous_29)
FNDA:0,(anonymous_30)
FNDA:0,(anonymous_31)
FNDA:0,(anonymous_32)
FNDA:0,(anonymous_33)
FNDA:0,(anonymous_34)
FNDA:0,(anonymous_35)
FNDA:0,(anonymous_36)
FNDA:0,(anonymous_37)
FNDA:0,(anonymous_38)
FNDA:0,(anonymous_39)
FNDA:0,(anonymous_40)
FNDA:0,(anonymous_41)
FNDA:0,(anonymous_42)
FNDA:0,(anonymous_43)
FNDA:0,(anonymous_44)
FNDA:0,(anonymous_45)
FNDA:0,(anonymous_46)
FNDA:0,(anonymous_47)
FNDA:0,(anonymous_48)
FNDA:0,(anonymous_49)
DA:99,0
DA:101,0
DA:119,0
DA:126,0
DA:127,0
DA:129,0
DA:130,0
DA:133,0
DA:134,0
DA:135,0
DA:144,0
DA:147,0
DA:148,0
DA:149,0
DA:150,0
DA:153,0
DA:178,0
DA:179,0
DA:180,0
DA:181,0
DA:182,0
DA:183,0
DA:184,0
DA:185,0
DA:186,0
DA:187,0
DA:188,0
DA:189,0
DA:190,0
DA:191,0
DA:192,0
DA:193,0
DA:196,0
DA:197,0
DA:198,0
DA:199,0
DA:200,0
DA:202,0
DA:203,0
DA:207,0
DA:208,0
DA:210,0
DA:211,0
DA:213,0
DA:214,0
DA:215,0
DA:216,0
DA:217,0
DA:220,0
DA:223,0
DA:227,0
DA:228,0
DA:229,0
DA:233,0
DA:235,0
DA:236,0
DA:237,0
DA:238,0
DA:239,0
DA:240,0
DA:244,0
DA:245,0
DA:246,0
DA:249,0
DA:254,0
DA:255,0
DA:257,0
DA:258,0
DA:259,0
DA:261,0
DA:262,0
DA:263,0
DA:265,0
DA:268,0
DA:270,0
DA:274,0
DA:275,0
DA:276,0
DA:280,0
DA:281,0
DA:283,0
DA:289,0
DA:290,0
DA:291,0
DA:292,0
DA:293,0
DA:294,0
DA:295,0
DA:299,0
DA:301,0
DA:302,0
DA:306,0
DA:307,0
DA:310,0
DA:311,0
DA:314,0
DA:315,0
DA:318,0
DA:320,0
DA:321,0
DA:322,0
DA:323,0
DA:326,0
DA:327,0
DA:328,0
DA:329,0
DA:332,0
DA:333,0
DA:334,0
DA:335,0
DA:337,0
DA:338,0
DA:339,0
DA:340,0
DA:341,0
DA:342,0
DA:343,0
DA:344,0
DA:346,0
DA:349,0
DA:351,0
DA:355,0
DA:356,0
DA:357,0
DA:358,0
DA:359,0
DA:363,0
DA:364,0
DA:369,0
DA:370,0
DA:380,0
DA:381,0
DA:385,0
DA:386,0
DA:387,0
DA:388,0
DA:392,0
DA:393,0
DA:395,0
DA:397,0
DA:398,0
DA:399,0
DA:405,0
DA:408,0
DA:409,0
DA:410,0
DA:411,0
DA:418,0
DA:419,0
DA:420,0
DA:421,0
DA:423,0
DA:424,0
DA:425,0
DA:426,0
DA:431,0
DA:432,0
DA:433,0
DA:437,0
DA:438,0
DA:439,0
DA:440,0
DA:444,0
DA:481,0
DA:500,0
DA:633,0
DA:657,0
DA:658,0
DA:661,0
DA:662,0
DA:665,0
DA:666,0
DA:717,0
DA:770,0
DA:1181,0
LF:175
LH:0
BRDA:109,0,0,0
BRDA:109,0,1,0
BRDA:127,1,0,0
BRDA:127,1,1,0
BRDA:159,2,0,0
BRDA:159,2,1,0
BRDA:163,3,0,0
BRDA:163,3,1,0
BRDA:166,4,0,0
BRDA:166,4,1,0
BRDA:170,5,0,0
BRDA:170,5,1,0
BRDA:174,6,0,0
BRDA:174,6,1,0
BRDA:208,7,0,0
BRDA:208,7,1,0
BRDA:208,8,0,0
BRDA:208,8,1,0
BRDA:213,9,0,0
BRDA:213,9,1,0
BRDA:216,10,0,0
BRDA:216,10,1,0
BRDA:228,11,0,0
BRDA:228,11,1,0
BRDA:242,12,0,0
BRDA:242,12,1,0
BRDA:245,13,0,0
BRDA:245,13,1,0
BRDA:255,14,0,0
BRDA:255,14,1,0
BRDA:255,15,0,0
BRDA:255,15,1,0
BRDA:261,16,0,0
BRDA:261,16,1,0
BRDA:292,17,0,0
BRDA:292,17,1,0
BRDA:292,18,0,0
BRDA:292,18,1,0
BRDA:327,19,0,0
BRDA:327,19,1,0
BRDA:327,20,0,0
BRDA:327,20,1,0
BRDA:337,21,0,0
BRDA:337,21,1,0
BRDA:393,22,0,0
BRDA:393,22,1,0
BRDA:393,23,0,0
BRDA:393,23,1,0
BRDA:395,24,0,0
BRDA:395,24,1,0
BRDA:398,25,0,0
BRDA:398,25,1,0
BRDA:409,26,0,0
BRDA:409,26,1,0
BRDA:423,27,0,0
BRDA:423,27,1,0
BRDA:432,28,0,0
BRDA:432,28,1,0
BRDA:462,29,0,0
BRDA:462,29,1,0
BRDA:478,30,0,0
BRDA:478,30,1,0
BRDA:478,31,0,0
BRDA:478,31,1,0
BRDA:483,32,0,0
BRDA:483,32,1,0
BRDA:616,33,0,0
BRDA:616,33,1,0
BRDA:635,34,0,0
BRDA:635,34,1,0
BRDA:639,35,0,0
BRDA:639,35,1,0
BRDA:651,36,0,0
BRDA:651,36,1,0
BRDA:657,37,0,0
BRDA:657,37,1,0
BRDA:661,38,0,0
BRDA:661,38,1,0
BRDA:665,39,0,0
BRDA:665,39,1,0
BRDA:683,40,0,0
BRDA:683,40,1,0
BRDA:700,41,0,0
BRDA:700,41,1,0
BRDA:706,42,0,0
BRDA:706,42,1,0
BRDA:708,43,0,0
BRDA:708,43,1,0
BRDA:761,44,0,0
BRDA:761,44,1,0
BRDA:775,45,0,0
BRDA:775,45,1,0
BRDA:775,46,0,0
BRDA:775,46,1,0
BRDA:777,47,0,0
BRDA:777,47,1,0
BRDA:818,48,0,0
BRDA:818,48,1,0
BRDA:821,49,0,0
BRDA:821,49,1,0
BRDA:831,50,0,0
BRDA:831,50,1,0
BRDA:831,50,2,0
BRDA:939,51,0,0
BRDA:939,51,1,0
BRDA:991,52,0,0
BRDA:991,52,1,0
BRDA:1002,53,0,0
BRDA:1002,53,1,0
BRDA:1005,54,0,0
BRDA:1005,54,1,0
BRDA:1018,55,0,0
BRDA:1018,55,1,0
BRDA:1070,56,0,0
BRDA:1070,56,1,0
BRDA:1081,57,0,0
BRDA:1081,57,1,0
BRDA:1084,58,0,0
BRDA:1084,58,1,0
BRDA:1097,59,0,0
BRDA:1097,59,1,0
BRDA:1149,60,0,0
BRDA:1149,60,1,0
BRDA:1160,61,0,0
BRDA:1160,61,1,0
BRDA:1163,62,0,0
BRDA:1163,62,1,0
BRDA:1178,63,0,0
BRDA:1178,63,1,0
BRF:129
BRH:0
end_of_record
TN:
SF:src/pages/Register.tsx
FN:27,(anonymous_0)
FN:37,(anonymous_1)
FN:53,(anonymous_2)
FN:87,(anonymous_3)
FN:156,(anonymous_4)
FN:181,(anonymous_5)
FN:194,(anonymous_6)
FN:218,(anonymous_7)
FN:230,(anonymous_8)
FN:279,(anonymous_9)
FNF:10
FNH:0
FNDA:0,(anonymous_0)
FNDA:0,(anonymous_1)
FNDA:0,(anonymous_2)
FNDA:0,(anonymous_3)
FNDA:0,(anonymous_4)
FNDA:0,(anonymous_5)
FNDA:0,(anonymous_6)
FNDA:0,(anonymous_7)
FNDA:0,(anonymous_8)
FNDA:0,(anonymous_9)
DA:27,0
DA:28,0
DA:29,0
DA:30,0
DA:31,0
DA:32,0
DA:33,0
DA:34,0
DA:35,0
DA:37,0
DA:38,0
DA:39,0
DA:41,0
DA:42,0
DA:44,0
DA:45,0
DA:47,0
DA:48,0
DA:50,0
DA:53,0
DA:54,0
DA:55,0
DA:58,0
DA:59,0
DA:60,0
DA:61,0
DA:64,0
DA:65,0
DA:66,0
DA:69,0
DA:71,0
DA:72,0
DA:78,0
DA:84,0
DA:85,0
DA:87,0
DA:88,0
DA:90,0
DA:93,0
DA:95,0
DA:97,0
DA:101,0
DA:156,0
DA:181,0
DA:194,0
DA:218,0
DA:230,0
DA:279,0
LF:48
LH:0
BRDA:38,0,0,0
BRDA:38,0,1,0
BRDA:41,1,0,0
BRDA:41,1,1,0
BRDA:44,2,0,0
BRDA:44,2,1,0
BRDA:47,3,0,0
BRDA:47,3,1,0
BRDA:59,4,0,0
BRDA:59,4,1,0
BRDA:64,5,0,0
BRDA:64,5,1,0
BRDA:84,6,0,0
BRDA:84,6,1,0
BRDA:85,7,0,0
BRDA:85,7,1,0
BRDA:139,8,0,0
BRDA:139,8,1,0
BRDA:177,9,0,0
BRDA:177,9,1,0
BRDA:197,10,0,0
BRDA:197,10,1,0
BRDA:214,11,0,0
BRDA:214,11,1,0
BRDA:233,12,0,0
BRDA:233,12,1,0
BRDA:265,13,0,0
BRDA:265,13,1,0
BRDA:267,14,0,0
BRDA:267,14,1,0
BRF:30
BRH:0
end_of_record
TN:
SF:src/pages/ResetPassword.tsx
FN:16,(anonymous_0)
FN:28,(anonymous_1)
FN:37,(anonymous_2)
FN:44,(anonymous_3)
FN:61,(anonymous_4)
FN:90,(anonymous_5)
FN:181,(anonymous_6)
FNF:7
FNH:0
FNDA:0,(anonymous_0)
FNDA:0,(anonymous_1)
FNDA:0,(anonymous_2)
FNDA:0,(anonymous_3)
FNDA:0,(anonymous_4)
FNDA:0,(anonymous_5)
FNDA:0,(anonymous_6)
DA:16,0
DA:17,0
DA:18,0
DA:19,0
DA:23,0
DA:24,0
DA:25,0
DA:26,0
DA:28,0
DA:29,0
DA:30,0
DA:31,0
DA:32,0
DA:34,0
DA:37,0
DA:38,0
DA:44,0
DA:45,0
DA:46,0
DA:47,0
DA:49,0
DA:50,0
DA:52,0
DA:53,0
DA:55,0
DA:56,0
DA:58,0
DA:61,0
DA:62,0
DA:63,0
DA:64,0
DA:65,0
DA:68,0
DA:69,0
DA:70,0
DA:71,0
DA:75,0
DA:76,0
DA:77,0
DA:78,0
DA:79,0
DA:82,0
DA:83,0
DA:87,0
DA:90,0
DA:91,0
DA:94,0
DA:96,0
DA:100,0
DA:101,0
DA:115,0
DA:181,0
LF:52
LH:0
BRDA:30,0,0,0
BRDA:30,0,1,0
BRDA:46,1,0,0
BRDA:46,1,1,0
BRDA:49,2,0,0
BRDA:49,2,1,0
BRDA:52,3,0,0
BRDA:52,3,1,0
BRDA:55,4,0,0
BRDA:55,4,1,0
BRDA:68,5,0,0
BRDA:68,5,1,0
BRDA:76,6,0,0
BRDA:76,6,1,0
BRDA:94,7,0,0
BRDA:94,7,1,0
BRDA:100,8,0,0
BRDA:100,8,1,0
BRDA:100,9,0,0
BRDA:100,9,1,0
BRDA:125,10,0,0
BRDA:125,10,1,0
BRDA:131,11,0,0
BRDA:131,11,1,0
BRDA:137,12,0,0
BRDA:137,12,1,0
BRDA:137,12,2,0
BRDA:169,13,0,0
BRDA:169,13,1,0
BRDA:169,13,2,0
BRDA:170,14,0,0
BRDA:170,14,1,0
BRDA:172,15,0,0
BRDA:172,15,1,0
BRF:34
BRH:0
end_of_record
TN:
SF:src/store/hooks.ts
FN:5,(anonymous_0)
FNF:1
FNH:0
FNDA:0,(anonymous_0)
DA:5,0
DA:6,0
LF:2
LH:0
BRF:0
BRH:0
end_of_record
TN:
SF:src/store/index.ts
FNF:0
FNH:0
DA:6,0
LF:1
LH:0
BRF:0
BRH:0
end_of_record
TN:
SF:src/store/slices/authSlice.ts
FN:18,(anonymous_0)
FN:35,(anonymous_1)
FN:72,(anonymous_2)
FN:76,(anonymous_3)
FN:83,(anonymous_4)
FN:87,(anonymous_5)
FN:93,(anonymous_6)
FNF:7
FNH:7
FNDA:5,(anonymous_0)
FNDA:5,(anonymous_1)
FNDA:1,(anonymous_2)
FNDA:4,(anonymous_3)
FNDA:1,(anonymous_4)
FNDA:1,(anonymous_5)
FNDA:4,(anonymous_6)
DA:18,3
DA:19,5
DA:21,5
DA:22,5
DA:23,2
DA:29,3
DA:30,3
DA:35,3
DA:36,5
DA:38,5
DA:40,5
DA:41,4
DA:43,4
DA:45,1
DA:46,1
DA:51,3
DA:52,3
DA:53,3
DA:55,3
DA:64,3
DA:65,1
DA:68,3
DA:73,1
DA:74,1
DA:77,4
DA:78,4
DA:79,4
DA:80,4
DA:81,4
DA:84,1
DA:85,1
DA:88,1
DA:89,1
DA:90,1
DA:91,1
DA:94,4
DA:95,2
DA:96,2
DA:97,2
DA:98,2
DA:104,3
LF:41
LH:41
BRDA:19,0,0,0
BRDA:19,0,1,5
BRDA:36,1,0,0
BRDA:36,1,1,5
BRDA:52,2,0,3
BRDA:52,2,1,2
BRDA:53,3,0,1
BRDA:53,3,1,2
BRDA:56,4,0,1
BRDA:56,4,1,2
BRDA:64,5,0,1
BRDA:64,5,1,2
BRDA:64,6,0,3
BRDA:64,6,1,2
BRDA:94,7,0,2
BRDA:94,7,1,2
BRDA:94,8,0,4
BRDA:94,8,1,3
BRF:18
BRH:16
end_of_record
TN:
SF:src/store/slices/meetingSlice.ts
FN:44,(anonymous_0)
FN:48,(anonymous_1)
FN:52,(anonymous_2)
FN:56,(anonymous_3)
FN:59,(anonymous_4)
FN:62,(anonymous_5)
FN:65,(anonymous_6)
FN:68,(anonymous_7)
FN:69,(anonymous_8)
FN:77,(anonymous_9)
FN:78,(anonymous_10)
FN:83,(anonymous_11)
FN:86,(anonymous_12)
FNF:13
FNH:0
FNDA:0,(anonymous_0)
FNDA:0,(anonymous_1)
FNDA:0,(anonymous_2)
FNDA:0,(anonymous_3)
FNDA:0,(anonymous_4)
FNDA:0,(anonymous_5)
FNDA:0,(anonymous_6)
FNDA:0,(anonymous_7)
FNDA:0,(anonymous_8)
FNDA:0,(anonymous_9)
FNDA:0,(anonymous_10)
FNDA:0,(anonymous_11)
FNDA:0,(anonymous_12)
DA:30,0
DA:40,0
DA:45,0
DA:46,0
DA:49,0
DA:50,0
DA:53,0
DA:54,0
DA:57,0
DA:60,0
DA:63,0
DA:66,0
DA:69,0
DA:70,0
DA:71,0
DA:73,0
DA:74,0
DA:78,0
DA:79,0
DA:80,0
DA:84,0
DA:87,0
DA:104,0
LF:23
LH:0
BRDA:70,0,0,0
BRDA:70,0,1,0
BRDA:73,1,0,0
BRDA:73,1,1,0
BRDA:73,2,0,0
BRDA:73,2,1,0
BRDA:79,3,0,0
BRDA:79,3,1,0
BRDA:79,4,0,0
BRDA:79,4,1,0
BRF:10
BRH:0
end_of_record
TN:
SF:src/store/slices/themeSlice.ts
FN:10,(anonymous_0)
FN:30,(anonymous_1)
FN:34,(anonymous_2)
FNF:3
FNH:0
FNDA:0,(anonymous_0)
FNDA:0,(anonymous_1)
FNDA:0,(anonymous_2)
DA:10,0
DA:11,0
DA:12,0
DA:13,0
DA:16,0
DA:17,0
DA:19,0
DA:22,0
DA:26,0
DA:31,0
DA:32,0
DA:35,0
DA:36,0
DA:41,0
LF:14
LH:0
BRDA:12,0,0,0
BRDA:12,0,1,0
BRDA:12,1,0,0
BRDA:12,1,1,0
BRDA:16,2,0,0
BRDA:16,2,1,0
BRDA:16,3,0,0
BRDA:16,3,1,0
BRDA:35,4,0,0
BRDA:35,4,1,0
BRF:10
BRH:0
end_of_record
TN:
SF:src/utils/api.ts
FN:6,(anonymous_0)
FN:28,(anonymous_1)
FN:41,(anonymous_2)
FN:46,(anonymous_3)
FN:74,(anonymous_4)
FN:91,(anonymous_5)
FN:109,(anonymous_6)
FN:121,(anonymous_7)
FN:139,(anonymous_8)
FN:150,(anonymous_9)
FN:179,(anonymous_10)
FN:199,(anonymous_11)
FN:206,(anonymous_12)
FN:209,(anonymous_13)
FN:242,(anonymous_14)
FN:258,(anonymous_15)
FN:277,(anonymous_16)
FNF:17
FNH:0
FNDA:0,(anonymous_0)
FNDA:0,(anonymous_1)
FNDA:0,(anonymous_2)
FNDA:0,(anonymous_3)
FNDA:0,(anonymous_4)
FNDA:0,(anonymous_5)
FNDA:0,(anonymous_6)
FNDA:0,(anonymous_7)
FNDA:0,(anonymous_8)
FNDA:0,(anonymous_9)
FNDA:0,(anonymous_10)
FNDA:0,(anonymous_11)
FNDA:0,(anonymous_12)
FNDA:0,(anonymous_13)
FNDA:0,(anonymous_14)
FNDA:0,(anonymous_15)
FNDA:0,(anonymous_16)
DA:6,0
DA:8,0
DA:9,0
DA:13,0
DA:14,0
DA:18,0
DA:22,0
DA:28,0
DA:29,0
DA:32,0
DA:41,0
DA:42,0
DA:43,0
DA:46,0
DA:47,0
DA:49,0
DA:50,0
DA:52,0
DA:53,0
DA:55,0
DA:56,0
DA:58,0
DA:59,0
DA:61,0
DA:62,0
DA:64,0
DA:65,0
DA:68,0
DA:74,0
DA:75,0
DA:76,0
DA:78,0
DA:79,0
DA:83,0
DA:84,0
DA:85,0
DA:88,0
DA:91,0
DA:92,0
DA:93,0
DA:95,0
DA:96,0
DA:99,0
DA:100,0
DA:103,0
DA:104,0
DA:108,0
DA:109,0
DA:110,0
DA:111,0
DA:114,0
DA:115,0
DA:118,0
DA:121,0
DA:122,0
DA:124,0
DA:125,0
DA:126,0
DA:128,0
DA:132,0
DA:137,0
DA:140,0
DA:141,0
DA:143,0
DA:144,0
DA:147,0
DA:150,0
DA:151,0
DA:153,0
DA:154,0
DA:157,0
DA:158,0
DA:159,0
DA:163,0
DA:166,0
DA:173,0
DA:174,0
DA:178,0
DA:180,0
DA:181,0
DA:184,0
DA:185,0
DA:186,0
DA:189,0
DA:190,0
DA:194,0
DA:195,0
DA:197,0
DA:200,0
DA:205,0
DA:207,0
DA:211,0
DA:212,0
DA:215,0
DA:221,0
DA:224,0
DA:227,0
DA:230,0
DA:233,0
DA:237,0
DA:242,0
DA:243,0
DA:245,0
DA:247,0
DA:248,0
DA:250,0
DA:252,0
DA:253,0
DA:258,0
DA:259,0
DA:260,0
DA:263,0
DA:266,0
DA:269,0
DA:272,0
DA:277,0
DA:278,0
DA:279,0
DA:282,0
DA:283,0
DA:284,0
DA:285,0
DA:286,0
DA:290,0
DA:297,0
DA:304,0
DA:306,0
LF:127
LH:0
BRDA:8,0,0,0
BRDA:8,0,1,0
BRDA:13,1,0,0
BRDA:13,1,1,0
BRDA:29,2,0,0
BRDA:29,2,1,0
BRDA:43,3,0,0
BRDA:43,3,1,0
BRDA:49,4,0,0
BRDA:49,4,1,0
BRDA:52,5,0,0
BRDA:52,5,1,0
BRDA:55,6,0,0
BRDA:55,6,1,0
BRDA:58,7,0,0
BRDA:58,7,1,0
BRDA:61,8,0,0
BRDA:61,8,1,0
BRDA:64,9,0,0
BRDA:64,9,1,0
BRDA:75,10,0,0
BRDA:75,10,1,0
BRDA:75,11,0,0
BRDA:75,11,1,0
BRDA:78,12,0,0
BRDA:78,12,1,0
BRDA:84,13,0,0
BRDA:84,13,1,0
BRDA:95,14,0,0
BRDA:95,14,1,0
BRDA:99,15,0,0
BRDA:99,15,1,0
BRDA:103,16,0,0
BRDA:103,16,1,0
BRDA:111,17,0,0
BRDA:111,17,1,0
BRDA:114,18,0,0
BRDA:114,18,1,0
BRDA:114,19,0,0
BRDA:114,19,1,0
BRDA:125,20,0,0
BRDA:125,20,1,0
BRDA:143,21,0,0
BRDA:143,21,1,0
BRDA:153,22,0,0
BRDA:153,22,1,0
BRDA:173,23,0,0
BRDA:173,23,1,0
BRDA:185,24,0,0
BRDA:185,24,1,0
BRDA:189,25,0,0
BRDA:189,25,1,0
BRDA:211,26,0,0
BRDA:211,26,1,0
BRDA:215,27,0,0
BRDA:215,27,1,0
BRDA:216,28,0,0
BRDA:216,28,1,0
BRDA:216,28,2,0
BRDA:216,28,3,0
BRDA:243,29,0,0
BRDA:243,29,1,0
BRDA:259,30,0,0
BRDA:259,30,1,0
BRDA:277,31,0,0
BRDA:282,32,0,0
BRDA:282,32,1,0
BRDA:294,33,0,0
BRDA:294,33,1,0
BRF:69
BRH:0
end_of_record
TN:
SF:src/utils/speakerColors.ts
FN:11,(anonymous_0)
FN:140,(anonymous_1)
FNF:2
FNH:0
FNDA:0,(anonymous_0)
FNDA:0,(anonymous_1)
DA:11,0
DA:12,0
DA:65,0
DA:119,0
DA:125,0
DA:131,0
DA:132,0
DA:134,0
DA:140,0
DA:141,0
DA:142,0
DA:143,0
DA:144,0
DA:146,0
LF:14
LH:0
BRDA:11,0,0,0
BRDA:131,1,0,0
BRDA:131,1,1,0
BRDA:132,2,0,0
BRDA:132,2,1,0
BRDA:134,3,0,0
BRDA:134,3,1,0
BRDA:140,4,0,0
BRF:8
BRH:0
end_of_record
TN:
SF:src/utils/test-utils.tsx
FN:14,(anonymous_0)
FN:32,(anonymous_1)
FN:53,(anonymous_2)
FN:63,(anonymous_3)
FN:79,(anonymous_4)
FN:86,(anonymous_5)
FN:95,(anonymous_6)
FN:106,(anonymous_7)
FN:115,(anonymous_8)
FN:116,(anonymous_9)
FN:117,(anonymous_10)
FN:118,(anonymous_11)
FN:119,(anonymous_12)
FN:123,(anonymous_13)
FN:125,(anonymous_14)
FN:126,(anonymous_15)
FN:129,(anonymous_16)
FN:132,(anonymous_17)
FN:133,(anonymous_18)
FN:145,(anonymous_19)
FN:145,(anonymous_20)
FN:148,(anonymous_21)
FN:149,(anonymous_22)
FN:153,(anonymous_23)
FN:160,(anonymous_24)
FN:161,(anonymous_25)
FN:165,(anonymous_26)
FN:166,(anonymous_27)
FN:172,(anonymous_28)
FNF:29
FNH:0
FNDA:0,(anonymous_0)
FNDA:0,(anonymous_1)
FNDA:0,(anonymous_2)
FNDA:0,(anonymous_3)
FNDA:0,(anonymous_4)
FNDA:0,(anonymous_5)
FNDA:0,(anonymous_6)
FNDA:0,(anonymous_7)
FNDA:0,(anonymous_8)
FNDA:0,(anonymous_9)
FNDA:0,(anonymous_10)
FNDA:0,(anonymous_11)
FNDA:0,(anonymous_12)
FNDA:0,(anonymous_13)
FNDA:0,(anonymous_14)
FNDA:0,(anonymous_15)
FNDA:0,(anonymous_16)
FNDA:0,(anonymous_17)
FNDA:0,(anonymous_18)
FNDA:0,(anonymous_19)
FNDA:0,(anonymous_20)
FNDA:0,(anonymous_21)
FNDA:0,(anonymous_22)
FNDA:0,(anonymous_23)
FNDA:0,(anonymous_24)
FNDA:0,(anonymous_25)
FNDA:0,(anonymous_26)
FNDA:0,(anonymous_27)
FNDA:0,(anonymous_28)
DA:14,0
DA:15,0
DA:32,0
DA:37,0
DA:38,0
DA:40,0
DA:53,0
DA:60,0
DA:62,0
DA:64,0
DA:79,0
DA:86,0
DA:95,0
DA:106,0
DA:114,0
DA:115,0
DA:116,0
DA:117,0
DA:118,0
DA:119,0
DA:123,0
DA:124,0
DA:125,0
DA:127,0
DA:130,0
DA:133,0
DA:137,0
DA:141,0
DA:145,0
DA:148,0
DA:149,0
DA:150,0
DA:153,0
DA:154,0
DA:155,0
DA:160,0
DA:161,0
DA:162,0
DA:165,0
DA:166,0
DA:172,0
DA:173,0
DA:174,0
DA:178,0
LF:44
LH:0
BRDA:35,0,0,0
BRDA:60,1,0,0
BRDA:60,1,1,0
BRDA:79,2,0,0
BRDA:86,3,0,0
BRDA:95,4,0,0
BRDA:106,5,0,0
BRDA:123,6,0,0
BRDA:125,7,0,0
BRDA:125,7,1,0
BRDA:160,8,0,0
BRDA:163,9,0,0
BRDA:163,9,1,0
BRF:13
BRH:0
end_of_record
